2025-05-11 07:23:32,886 - INFO - Logging initialized. Log file: logs/manabox_enhancer_20250511_072332.log
2025-05-11 07:23:39,522 - INFO - Attempting to load JSON file: /Users/jgleason/Development/ManaBox_Enhancer/Deck_Building.json
2025-05-11 07:23:39,524 - DEBUG - Raw JSON data length: 1601763 characters
2025-05-11 07:23:39,525 - DEBUG - First 100 characters of JSON: [
  {
    "Name": "Plains",
    "Set code": "inr",
    "Set name": "Innistrad Remastered",
    "Coll
2025-05-11 07:23:39,534 - INFO - Successfully loaded 1663 cards
2025-05-11 07:23:39,534 - DEBUG - First card structure: {
  "Name": "Plains",
  "Set code": "inr",
  "Set name": "Innistrad Remastered",
  "Collector number": "288",
  "Foil": "normal",
  "Rarity": "common",
  "Quantity": 1,
  "ManaBox ID": "",
  "Scryfall ID": "95347dba-09e9-47a3-a068-db78ba39714e",
  "Purchase price": 0.0,
  "Misprint": false,
  "Altered": false,
  "Condition": "near_mint",
  "Language": "en",
  "Purchase price currency": "USD",
  "type_line": "Basic Land \u2014 Plains",
  "mana_cost": "",
  "colors": "",
  "color_identity": "W",
  "oracle_text": "({T}: Add {W}.)",
  "legal_commander": "legal",
  "legal_pauper": "legal",
  "cmc": 0.0,
  "image_url": "https://cards.scryfall.io/normal/front/9/5/95347dba-09e9-47a3-a068-db78ba39714e.jpg?1736551487",
  "_original_order": 0
}
2025-05-11 07:23:39,534 - DEBUG - column_config type: <class 'dict'>
2025-05-11 07:23:39,534 - DEBUG - column_config: {'columns': [{'id': 'Name', 'display': 'Name', 'width': 150}, {'id': 'Set code', 'display': 'Set code', 'width': 100}, {'id': 'Set name', 'display': 'Set name', 'width': 317}, {'id': 'Collector number', 'display': 'Collector number', 'width': 120}, {'id': 'Foil', 'display': 'Foil', 'width': 80}, {'id': 'Rarity', 'display': 'Rarity', 'width': 100}, {'id': 'Language', 'display': 'Language', 'width': 80}, {'id': 'Quantity', 'display': 'Quantity', 'width': 80}, {'id': 'ManaBox ID', 'display': 'ManaBox ID', 'width': 100}, {'id': 'Scryfall ID', 'display': 'Scryfall ID', 'width': 200}, {'id': 'Purchase price', 'display': 'Purchase price', 'width': 100}, {'id': 'Whatnot price', 'display': 'Whatnot Price', 'width': 100, 'visible': True}, {'id': 'Purchase price currency', 'display': 'Purchase price currency', 'width': 150}, {'id': 'Misprint', 'display': 'Misprint', 'width': 80}, {'id': 'Altered', 'display': 'Altered', 'width': 80}, {'id': 'Condition', 'display': 'Condition', 'width': 100}, {'id': 'type_line', 'display': 'Type', 'width': 150}, {'id': 'mana_cost', 'display': 'Mana Cost', 'width': 100}, {'id': 'colors', 'display': 'Colors', 'width': 100}, {'id': 'color_identity', 'display': 'Color Identity', 'width': 120}, {'id': 'oracle_text', 'display': 'Oracle Text', 'width': 200}, {'id': 'legal_commander', 'display': 'Commander Legal', 'width': 120}, {'id': 'legal_pauper', 'display': 'Pauper Legal', 'width': 100}, {'id': 'cmc', 'display': 'CMC', 'width': 80}, {'id': 'image_url', 'display': 'Image URL', 'width': 84}]}
2025-05-11 07:23:39,535 - DEBUG - visible_cols: [{'id': 'Name', 'display': 'Name', 'width': 150}, {'id': 'Set code', 'display': 'Set code', 'width': 100}, {'id': 'Set name', 'display': 'Set name', 'width': 317}, {'id': 'Collector number', 'display': 'Collector number', 'width': 120}, {'id': 'Foil', 'display': 'Foil', 'width': 80}, {'id': 'Rarity', 'display': 'Rarity', 'width': 100}, {'id': 'Language', 'display': 'Language', 'width': 80}, {'id': 'Quantity', 'display': 'Quantity', 'width': 80}, {'id': 'ManaBox ID', 'display': 'ManaBox ID', 'width': 100}, {'id': 'Scryfall ID', 'display': 'Scryfall ID', 'width': 200}, {'id': 'Purchase price', 'display': 'Purchase price', 'width': 100}, {'id': 'Whatnot price', 'display': 'Whatnot Price', 'width': 100, 'visible': True}, {'id': 'Purchase price currency', 'display': 'Purchase price currency', 'width': 150}, {'id': 'Misprint', 'display': 'Misprint', 'width': 80}, {'id': 'Altered', 'display': 'Altered', 'width': 80}, {'id': 'Condition', 'display': 'Condition', 'width': 100}, {'id': 'type_line', 'display': 'Type', 'width': 150}, {'id': 'mana_cost', 'display': 'Mana Cost', 'width': 100}, {'id': 'colors', 'display': 'Colors', 'width': 100}, {'id': 'color_identity', 'display': 'Color Identity', 'width': 120}, {'id': 'oracle_text', 'display': 'Oracle Text', 'width': 200}, {'id': 'legal_commander', 'display': 'Commander Legal', 'width': 120}, {'id': 'legal_pauper', 'display': 'Pauper Legal', 'width': 100}, {'id': 'cmc', 'display': 'CMC', 'width': 80}, {'id': 'image_url', 'display': 'Image URL', 'width': 84}]
2025-05-11 07:23:39,535 - DEBUG - col_ids: ['Name', 'Set code', 'Set name', 'Collector number', 'Foil', 'Rarity', 'Language', 'Quantity', 'ManaBox ID', 'Scryfall ID', 'Purchase price', 'Whatnot price', 'Purchase price currency', 'Misprint', 'Altered', 'Condition', 'type_line', 'mana_cost', 'colors', 'color_identity', 'oracle_text', 'legal_commander', 'legal_pauper', 'cmc', 'image_url']
2025-05-11 07:23:39,535 - DEBUG - Setting heading for col: {'id': 'Name', 'display': 'Name', 'width': 150}
2025-05-11 07:23:39,535 - DEBUG - Setting heading for col: {'id': 'Set code', 'display': 'Set code', 'width': 100}
2025-05-11 07:23:39,535 - DEBUG - Setting heading for col: {'id': 'Set name', 'display': 'Set name', 'width': 317}
2025-05-11 07:23:39,535 - DEBUG - Setting heading for col: {'id': 'Collector number', 'display': 'Collector number', 'width': 120}
2025-05-11 07:23:39,535 - DEBUG - Setting heading for col: {'id': 'Foil', 'display': 'Foil', 'width': 80}
2025-05-11 07:23:39,535 - DEBUG - Setting heading for col: {'id': 'Rarity', 'display': 'Rarity', 'width': 100}
2025-05-11 07:23:39,535 - DEBUG - Setting heading for col: {'id': 'Language', 'display': 'Language', 'width': 80}
2025-05-11 07:23:39,535 - DEBUG - Setting heading for col: {'id': 'Quantity', 'display': 'Quantity', 'width': 80}
2025-05-11 07:23:39,535 - DEBUG - Setting heading for col: {'id': 'ManaBox ID', 'display': 'ManaBox ID', 'width': 100}
2025-05-11 07:23:39,535 - DEBUG - Setting heading for col: {'id': 'Scryfall ID', 'display': 'Scryfall ID', 'width': 200}
2025-05-11 07:23:39,535 - DEBUG - Setting heading for col: {'id': 'Purchase price', 'display': 'Purchase price', 'width': 100}
2025-05-11 07:23:39,535 - DEBUG - Setting heading for col: {'id': 'Whatnot price', 'display': 'Whatnot Price', 'width': 100, 'visible': True}
2025-05-11 07:23:39,535 - DEBUG - Setting heading for col: {'id': 'Purchase price currency', 'display': 'Purchase price currency', 'width': 150}
2025-05-11 07:23:39,535 - DEBUG - Setting heading for col: {'id': 'Misprint', 'display': 'Misprint', 'width': 80}
2025-05-11 07:23:39,535 - DEBUG - Setting heading for col: {'id': 'Altered', 'display': 'Altered', 'width': 80}
2025-05-11 07:23:39,535 - DEBUG - Setting heading for col: {'id': 'Condition', 'display': 'Condition', 'width': 100}
2025-05-11 07:23:39,535 - DEBUG - Setting heading for col: {'id': 'type_line', 'display': 'Type', 'width': 150}
2025-05-11 07:23:39,536 - DEBUG - Setting heading for col: {'id': 'mana_cost', 'display': 'Mana Cost', 'width': 100}
2025-05-11 07:23:39,536 - DEBUG - Setting heading for col: {'id': 'colors', 'display': 'Colors', 'width': 100}
2025-05-11 07:23:39,536 - DEBUG - Setting heading for col: {'id': 'color_identity', 'display': 'Color Identity', 'width': 120}
2025-05-11 07:23:39,536 - DEBUG - Setting heading for col: {'id': 'oracle_text', 'display': 'Oracle Text', 'width': 200}
2025-05-11 07:23:39,536 - DEBUG - Setting heading for col: {'id': 'legal_commander', 'display': 'Commander Legal', 'width': 120}
2025-05-11 07:23:39,536 - DEBUG - Setting heading for col: {'id': 'legal_pauper', 'display': 'Pauper Legal', 'width': 100}
2025-05-11 07:23:39,536 - DEBUG - Setting heading for col: {'id': 'cmc', 'display': 'CMC', 'width': 80}
2025-05-11 07:23:39,536 - DEBUG - Setting heading for col: {'id': 'image_url', 'display': 'Image URL', 'width': 84}
2025-05-11 07:23:39,536 - DEBUG - column_config type: <class 'dict'>
2025-05-11 07:23:39,536 - DEBUG - column_config: {'columns': [{'id': 'Name', 'display': 'Name', 'width': 150}, {'id': 'Set code', 'display': 'Set code', 'width': 100}, {'id': 'Set name', 'display': 'Set name', 'width': 317}, {'id': 'Collector number', 'display': 'Collector number', 'width': 120}, {'id': 'Foil', 'display': 'Foil', 'width': 80}, {'id': 'Rarity', 'display': 'Rarity', 'width': 100}, {'id': 'Language', 'display': 'Language', 'width': 80}, {'id': 'Quantity', 'display': 'Quantity', 'width': 80}, {'id': 'ManaBox ID', 'display': 'ManaBox ID', 'width': 100}, {'id': 'Scryfall ID', 'display': 'Scryfall ID', 'width': 200}, {'id': 'Purchase price', 'display': 'Purchase price', 'width': 100}, {'id': 'Whatnot price', 'display': 'Whatnot Price', 'width': 100, 'visible': True}, {'id': 'Purchase price currency', 'display': 'Purchase price currency', 'width': 150}, {'id': 'Misprint', 'display': 'Misprint', 'width': 80}, {'id': 'Altered', 'display': 'Altered', 'width': 80}, {'id': 'Condition', 'display': 'Condition', 'width': 100}, {'id': 'type_line', 'display': 'Type', 'width': 150}, {'id': 'mana_cost', 'display': 'Mana Cost', 'width': 100}, {'id': 'colors', 'display': 'Colors', 'width': 100}, {'id': 'color_identity', 'display': 'Color Identity', 'width': 120}, {'id': 'oracle_text', 'display': 'Oracle Text', 'width': 200}, {'id': 'legal_commander', 'display': 'Commander Legal', 'width': 120}, {'id': 'legal_pauper', 'display': 'Pauper Legal', 'width': 100}, {'id': 'cmc', 'display': 'CMC', 'width': 80}, {'id': 'image_url', 'display': 'Image URL', 'width': 84}]}
2025-05-11 07:23:39,536 - DEBUG - visible_cols: [{'id': 'Name', 'display': 'Name', 'width': 150}, {'id': 'Set code', 'display': 'Set code', 'width': 100}, {'id': 'Set name', 'display': 'Set name', 'width': 317}, {'id': 'Collector number', 'display': 'Collector number', 'width': 120}, {'id': 'Foil', 'display': 'Foil', 'width': 80}, {'id': 'Rarity', 'display': 'Rarity', 'width': 100}, {'id': 'Language', 'display': 'Language', 'width': 80}, {'id': 'Quantity', 'display': 'Quantity', 'width': 80}, {'id': 'ManaBox ID', 'display': 'ManaBox ID', 'width': 100}, {'id': 'Scryfall ID', 'display': 'Scryfall ID', 'width': 200}, {'id': 'Purchase price', 'display': 'Purchase price', 'width': 100}, {'id': 'Whatnot price', 'display': 'Whatnot Price', 'width': 100, 'visible': True}, {'id': 'Purchase price currency', 'display': 'Purchase price currency', 'width': 150}, {'id': 'Misprint', 'display': 'Misprint', 'width': 80}, {'id': 'Altered', 'display': 'Altered', 'width': 80}, {'id': 'Condition', 'display': 'Condition', 'width': 100}, {'id': 'type_line', 'display': 'Type', 'width': 150}, {'id': 'mana_cost', 'display': 'Mana Cost', 'width': 100}, {'id': 'colors', 'display': 'Colors', 'width': 100}, {'id': 'color_identity', 'display': 'Color Identity', 'width': 120}, {'id': 'oracle_text', 'display': 'Oracle Text', 'width': 200}, {'id': 'legal_commander', 'display': 'Commander Legal', 'width': 120}, {'id': 'legal_pauper', 'display': 'Pauper Legal', 'width': 100}, {'id': 'cmc', 'display': 'CMC', 'width': 80}, {'id': 'image_url', 'display': 'Image URL', 'width': 84}]
2025-05-11 07:23:39,536 - DEBUG - col_ids: ['Name', 'Set code', 'Set name', 'Collector number', 'Foil', 'Rarity', 'Language', 'Quantity', 'ManaBox ID', 'Scryfall ID', 'Purchase price', 'Whatnot price', 'Purchase price currency', 'Misprint', 'Altered', 'Condition', 'type_line', 'mana_cost', 'colors', 'color_identity', 'oracle_text', 'legal_commander', 'legal_pauper', 'cmc', 'image_url']
2025-05-11 07:23:39,536 - DEBUG - Setting heading for col: {'id': 'Name', 'display': 'Name', 'width': 150}
2025-05-11 07:23:39,536 - DEBUG - Setting heading for col: {'id': 'Set code', 'display': 'Set code', 'width': 100}
2025-05-11 07:23:39,536 - DEBUG - Setting heading for col: {'id': 'Set name', 'display': 'Set name', 'width': 317}
2025-05-11 07:23:39,536 - DEBUG - Setting heading for col: {'id': 'Collector number', 'display': 'Collector number', 'width': 120}
2025-05-11 07:23:39,536 - DEBUG - Setting heading for col: {'id': 'Foil', 'display': 'Foil', 'width': 80}
2025-05-11 07:23:39,536 - DEBUG - Setting heading for col: {'id': 'Rarity', 'display': 'Rarity', 'width': 100}
2025-05-11 07:23:39,536 - DEBUG - Setting heading for col: {'id': 'Language', 'display': 'Language', 'width': 80}
2025-05-11 07:23:39,536 - DEBUG - Setting heading for col: {'id': 'Quantity', 'display': 'Quantity', 'width': 80}
2025-05-11 07:23:39,536 - DEBUG - Setting heading for col: {'id': 'ManaBox ID', 'display': 'ManaBox ID', 'width': 100}
2025-05-11 07:23:39,536 - DEBUG - Setting heading for col: {'id': 'Scryfall ID', 'display': 'Scryfall ID', 'width': 200}
2025-05-11 07:23:39,536 - DEBUG - Setting heading for col: {'id': 'Purchase price', 'display': 'Purchase price', 'width': 100}
2025-05-11 07:23:39,536 - DEBUG - Setting heading for col: {'id': 'Whatnot price', 'display': 'Whatnot Price', 'width': 100, 'visible': True}
2025-05-11 07:23:39,536 - DEBUG - Setting heading for col: {'id': 'Purchase price currency', 'display': 'Purchase price currency', 'width': 150}
2025-05-11 07:23:39,536 - DEBUG - Setting heading for col: {'id': 'Misprint', 'display': 'Misprint', 'width': 80}
2025-05-11 07:23:39,536 - DEBUG - Setting heading for col: {'id': 'Altered', 'display': 'Altered', 'width': 80}
2025-05-11 07:23:39,537 - DEBUG - Setting heading for col: {'id': 'Condition', 'display': 'Condition', 'width': 100}
2025-05-11 07:23:39,537 - DEBUG - Setting heading for col: {'id': 'type_line', 'display': 'Type', 'width': 150}
2025-05-11 07:23:39,537 - DEBUG - Setting heading for col: {'id': 'mana_cost', 'display': 'Mana Cost', 'width': 100}
2025-05-11 07:23:39,537 - DEBUG - Setting heading for col: {'id': 'colors', 'display': 'Colors', 'width': 100}
2025-05-11 07:23:39,537 - DEBUG - Setting heading for col: {'id': 'color_identity', 'display': 'Color Identity', 'width': 120}
2025-05-11 07:23:39,537 - DEBUG - Setting heading for col: {'id': 'oracle_text', 'display': 'Oracle Text', 'width': 200}
2025-05-11 07:23:39,537 - DEBUG - Setting heading for col: {'id': 'legal_commander', 'display': 'Commander Legal', 'width': 120}
2025-05-11 07:23:39,537 - DEBUG - Setting heading for col: {'id': 'legal_pauper', 'display': 'Pauper Legal', 'width': 100}
2025-05-11 07:23:39,537 - DEBUG - Setting heading for col: {'id': 'cmc', 'display': 'CMC', 'width': 80}
2025-05-11 07:23:39,537 - DEBUG - Setting heading for col: {'id': 'image_url', 'display': 'Image URL', 'width': 84}
2025-05-11 07:25:20,401 - DEBUG - column_config type: <class 'dict'>
2025-05-11 07:25:20,402 - DEBUG - column_config: {'columns': [{'id': 'Name', 'display': 'Name', 'width': 150}, {'id': 'Set code', 'display': 'Set code', 'width': 100}, {'id': 'Set name', 'display': 'Set name', 'width': 317}, {'id': 'Collector number', 'display': 'Collector number', 'width': 120}, {'id': 'Foil', 'display': 'Foil', 'width': 80}, {'id': 'Rarity', 'display': 'Rarity', 'width': 100}, {'id': 'Language', 'display': 'Language', 'width': 80}, {'id': 'Quantity', 'display': 'Quantity', 'width': 80}, {'id': 'Whatnot price', 'display': 'Whatnot Price', 'width': 100, 'visible': True}, {'id': 'Purchase price', 'display': 'Purchase price', 'width': 100}, {'id': 'ManaBox ID', 'display': 'ManaBox ID', 'width': 100}, {'id': 'Scryfall ID', 'display': 'Scryfall ID', 'width': 200}, {'id': 'Purchase price currency', 'display': 'Purchase price currency', 'width': 150}, {'id': 'Misprint', 'display': 'Misprint', 'width': 80}, {'id': 'Altered', 'display': 'Altered', 'width': 80}, {'id': 'Condition', 'display': 'Condition', 'width': 100}, {'id': 'type_line', 'display': 'Type', 'width': 150}, {'id': 'mana_cost', 'display': 'Mana Cost', 'width': 100}, {'id': 'colors', 'display': 'Colors', 'width': 100}, {'id': 'color_identity', 'display': 'Color Identity', 'width': 120}, {'id': 'oracle_text', 'display': 'Oracle Text', 'width': 200}, {'id': 'legal_commander', 'display': 'Commander Legal', 'width': 120}, {'id': 'legal_pauper', 'display': 'Pauper Legal', 'width': 100}, {'id': 'cmc', 'display': 'CMC', 'width': 80}, {'id': 'image_url', 'display': 'Image URL', 'width': 84}]}
2025-05-11 07:25:20,403 - DEBUG - visible_cols: [{'id': 'Name', 'display': 'Name', 'width': 150}, {'id': 'Set code', 'display': 'Set code', 'width': 100}, {'id': 'Set name', 'display': 'Set name', 'width': 317}, {'id': 'Collector number', 'display': 'Collector number', 'width': 120}, {'id': 'Foil', 'display': 'Foil', 'width': 80}, {'id': 'Rarity', 'display': 'Rarity', 'width': 100}, {'id': 'Language', 'display': 'Language', 'width': 80}, {'id': 'Quantity', 'display': 'Quantity', 'width': 80}, {'id': 'Whatnot price', 'display': 'Whatnot Price', 'width': 100, 'visible': True}, {'id': 'Purchase price', 'display': 'Purchase price', 'width': 100}, {'id': 'ManaBox ID', 'display': 'ManaBox ID', 'width': 100}, {'id': 'Scryfall ID', 'display': 'Scryfall ID', 'width': 200}, {'id': 'Purchase price currency', 'display': 'Purchase price currency', 'width': 150}, {'id': 'Misprint', 'display': 'Misprint', 'width': 80}, {'id': 'Altered', 'display': 'Altered', 'width': 80}, {'id': 'Condition', 'display': 'Condition', 'width': 100}, {'id': 'type_line', 'display': 'Type', 'width': 150}, {'id': 'mana_cost', 'display': 'Mana Cost', 'width': 100}, {'id': 'colors', 'display': 'Colors', 'width': 100}, {'id': 'color_identity', 'display': 'Color Identity', 'width': 120}, {'id': 'oracle_text', 'display': 'Oracle Text', 'width': 200}, {'id': 'legal_commander', 'display': 'Commander Legal', 'width': 120}, {'id': 'legal_pauper', 'display': 'Pauper Legal', 'width': 100}, {'id': 'cmc', 'display': 'CMC', 'width': 80}, {'id': 'image_url', 'display': 'Image URL', 'width': 84}]
2025-05-11 07:25:20,403 - DEBUG - col_ids: ['Name', 'Set code', 'Set name', 'Collector number', 'Foil', 'Rarity', 'Language', 'Quantity', 'Whatnot price', 'Purchase price', 'ManaBox ID', 'Scryfall ID', 'Purchase price currency', 'Misprint', 'Altered', 'Condition', 'type_line', 'mana_cost', 'colors', 'color_identity', 'oracle_text', 'legal_commander', 'legal_pauper', 'cmc', 'image_url']
2025-05-11 07:25:20,403 - DEBUG - Setting heading for col: {'id': 'Name', 'display': 'Name', 'width': 150}
2025-05-11 07:25:20,403 - DEBUG - Setting heading for col: {'id': 'Set code', 'display': 'Set code', 'width': 100}
2025-05-11 07:25:20,403 - DEBUG - Setting heading for col: {'id': 'Set name', 'display': 'Set name', 'width': 317}
2025-05-11 07:25:20,403 - DEBUG - Setting heading for col: {'id': 'Collector number', 'display': 'Collector number', 'width': 120}
2025-05-11 07:25:20,403 - DEBUG - Setting heading for col: {'id': 'Foil', 'display': 'Foil', 'width': 80}
2025-05-11 07:25:20,403 - DEBUG - Setting heading for col: {'id': 'Rarity', 'display': 'Rarity', 'width': 100}
2025-05-11 07:25:20,403 - DEBUG - Setting heading for col: {'id': 'Language', 'display': 'Language', 'width': 80}
2025-05-11 07:25:20,404 - DEBUG - Setting heading for col: {'id': 'Quantity', 'display': 'Quantity', 'width': 80}
2025-05-11 07:25:20,404 - DEBUG - Setting heading for col: {'id': 'Whatnot price', 'display': 'Whatnot Price', 'width': 100, 'visible': True}
2025-05-11 07:25:20,404 - DEBUG - Setting heading for col: {'id': 'Purchase price', 'display': 'Purchase price', 'width': 100}
2025-05-11 07:25:20,404 - DEBUG - Setting heading for col: {'id': 'ManaBox ID', 'display': 'ManaBox ID', 'width': 100}
2025-05-11 07:25:20,404 - DEBUG - Setting heading for col: {'id': 'Scryfall ID', 'display': 'Scryfall ID', 'width': 200}
2025-05-11 07:25:20,404 - DEBUG - Setting heading for col: {'id': 'Purchase price currency', 'display': 'Purchase price currency', 'width': 150}
2025-05-11 07:25:20,404 - DEBUG - Setting heading for col: {'id': 'Misprint', 'display': 'Misprint', 'width': 80}
2025-05-11 07:25:20,404 - DEBUG - Setting heading for col: {'id': 'Altered', 'display': 'Altered', 'width': 80}
2025-05-11 07:25:20,404 - DEBUG - Setting heading for col: {'id': 'Condition', 'display': 'Condition', 'width': 100}
2025-05-11 07:25:20,404 - DEBUG - Setting heading for col: {'id': 'type_line', 'display': 'Type', 'width': 150}
2025-05-11 07:25:20,404 - DEBUG - Setting heading for col: {'id': 'mana_cost', 'display': 'Mana Cost', 'width': 100}
2025-05-11 07:25:20,404 - DEBUG - Setting heading for col: {'id': 'colors', 'display': 'Colors', 'width': 100}
2025-05-11 07:25:20,404 - DEBUG - Setting heading for col: {'id': 'color_identity', 'display': 'Color Identity', 'width': 120}
2025-05-11 07:25:20,404 - DEBUG - Setting heading for col: {'id': 'oracle_text', 'display': 'Oracle Text', 'width': 200}
2025-05-11 07:25:20,404 - DEBUG - Setting heading for col: {'id': 'legal_commander', 'display': 'Commander Legal', 'width': 120}
2025-05-11 07:25:20,404 - DEBUG - Setting heading for col: {'id': 'legal_pauper', 'display': 'Pauper Legal', 'width': 100}
2025-05-11 07:25:20,404 - DEBUG - Setting heading for col: {'id': 'cmc', 'display': 'CMC', 'width': 80}
2025-05-11 07:25:20,404 - DEBUG - Setting heading for col: {'id': 'image_url', 'display': 'Image URL', 'width': 84}
2025-05-11 07:25:37,831 - DEBUG - column_config type: <class 'dict'>
2025-05-11 07:25:37,832 - DEBUG - column_config: {'columns': [{'id': 'Name', 'display': 'Name', 'width': 150}, {'id': 'Set code', 'display': 'Set code', 'width': 100}, {'id': 'Set name', 'display': 'Set name', 'width': 317}, {'id': 'Collector number', 'display': 'Collector number', 'width': 120}, {'id': 'Foil', 'display': 'Foil', 'width': 80}, {'id': 'Rarity', 'display': 'Rarity', 'width': 100}, {'id': 'Language', 'display': 'Language', 'width': 80}, {'id': 'Quantity', 'display': 'Quantity', 'width': 80}, {'id': 'Whatnot price', 'display': 'Whatnot Price', 'width': 100, 'visible': True}, {'id': 'Purchase price', 'display': 'Purchase price', 'width': 100}, {'id': 'Scryfall ID', 'display': 'Scryfall ID', 'width': 200}, {'id': 'ManaBox ID', 'display': 'ManaBox ID', 'width': 100}, {'id': 'Purchase price currency', 'display': 'Purchase price currency', 'width': 150}, {'id': 'Misprint', 'display': 'Misprint', 'width': 80}, {'id': 'Altered', 'display': 'Altered', 'width': 80}, {'id': 'Condition', 'display': 'Condition', 'width': 100}, {'id': 'type_line', 'display': 'Type', 'width': 150}, {'id': 'mana_cost', 'display': 'Mana Cost', 'width': 100}, {'id': 'colors', 'display': 'Colors', 'width': 100}, {'id': 'color_identity', 'display': 'Color Identity', 'width': 120}, {'id': 'oracle_text', 'display': 'Oracle Text', 'width': 200}, {'id': 'legal_commander', 'display': 'Commander Legal', 'width': 120}, {'id': 'legal_pauper', 'display': 'Pauper Legal', 'width': 100}, {'id': 'cmc', 'display': 'CMC', 'width': 80}, {'id': 'image_url', 'display': 'Image URL', 'width': 84}]}
2025-05-11 07:25:37,832 - DEBUG - visible_cols: [{'id': 'Name', 'display': 'Name', 'width': 150}, {'id': 'Set code', 'display': 'Set code', 'width': 100}, {'id': 'Set name', 'display': 'Set name', 'width': 317}, {'id': 'Collector number', 'display': 'Collector number', 'width': 120}, {'id': 'Foil', 'display': 'Foil', 'width': 80}, {'id': 'Rarity', 'display': 'Rarity', 'width': 100}, {'id': 'Language', 'display': 'Language', 'width': 80}, {'id': 'Quantity', 'display': 'Quantity', 'width': 80}, {'id': 'Whatnot price', 'display': 'Whatnot Price', 'width': 100, 'visible': True}, {'id': 'Purchase price', 'display': 'Purchase price', 'width': 100}, {'id': 'Scryfall ID', 'display': 'Scryfall ID', 'width': 200}, {'id': 'ManaBox ID', 'display': 'ManaBox ID', 'width': 100}, {'id': 'Purchase price currency', 'display': 'Purchase price currency', 'width': 150}, {'id': 'Misprint', 'display': 'Misprint', 'width': 80}, {'id': 'Altered', 'display': 'Altered', 'width': 80}, {'id': 'Condition', 'display': 'Condition', 'width': 100}, {'id': 'type_line', 'display': 'Type', 'width': 150}, {'id': 'mana_cost', 'display': 'Mana Cost', 'width': 100}, {'id': 'colors', 'display': 'Colors', 'width': 100}, {'id': 'color_identity', 'display': 'Color Identity', 'width': 120}, {'id': 'oracle_text', 'display': 'Oracle Text', 'width': 200}, {'id': 'legal_commander', 'display': 'Commander Legal', 'width': 120}, {'id': 'legal_pauper', 'display': 'Pauper Legal', 'width': 100}, {'id': 'cmc', 'display': 'CMC', 'width': 80}, {'id': 'image_url', 'display': 'Image URL', 'width': 84}]
2025-05-11 07:25:37,832 - DEBUG - col_ids: ['Name', 'Set code', 'Set name', 'Collector number', 'Foil', 'Rarity', 'Language', 'Quantity', 'Whatnot price', 'Purchase price', 'Scryfall ID', 'ManaBox ID', 'Purchase price currency', 'Misprint', 'Altered', 'Condition', 'type_line', 'mana_cost', 'colors', 'color_identity', 'oracle_text', 'legal_commander', 'legal_pauper', 'cmc', 'image_url']
2025-05-11 07:25:37,832 - DEBUG - Setting heading for col: {'id': 'Name', 'display': 'Name', 'width': 150}
2025-05-11 07:25:37,832 - DEBUG - Setting heading for col: {'id': 'Set code', 'display': 'Set code', 'width': 100}
2025-05-11 07:25:37,832 - DEBUG - Setting heading for col: {'id': 'Set name', 'display': 'Set name', 'width': 317}
2025-05-11 07:25:37,832 - DEBUG - Setting heading for col: {'id': 'Collector number', 'display': 'Collector number', 'width': 120}
2025-05-11 07:25:37,832 - DEBUG - Setting heading for col: {'id': 'Foil', 'display': 'Foil', 'width': 80}
2025-05-11 07:25:37,832 - DEBUG - Setting heading for col: {'id': 'Rarity', 'display': 'Rarity', 'width': 100}
2025-05-11 07:25:37,832 - DEBUG - Setting heading for col: {'id': 'Language', 'display': 'Language', 'width': 80}
2025-05-11 07:25:37,832 - DEBUG - Setting heading for col: {'id': 'Quantity', 'display': 'Quantity', 'width': 80}
2025-05-11 07:25:37,832 - DEBUG - Setting heading for col: {'id': 'Whatnot price', 'display': 'Whatnot Price', 'width': 100, 'visible': True}
2025-05-11 07:25:37,832 - DEBUG - Setting heading for col: {'id': 'Purchase price', 'display': 'Purchase price', 'width': 100}
2025-05-11 07:25:37,832 - DEBUG - Setting heading for col: {'id': 'Scryfall ID', 'display': 'Scryfall ID', 'width': 200}
2025-05-11 07:25:37,832 - DEBUG - Setting heading for col: {'id': 'ManaBox ID', 'display': 'ManaBox ID', 'width': 100}
2025-05-11 07:25:37,832 - DEBUG - Setting heading for col: {'id': 'Purchase price currency', 'display': 'Purchase price currency', 'width': 150}
2025-05-11 07:25:37,832 - DEBUG - Setting heading for col: {'id': 'Misprint', 'display': 'Misprint', 'width': 80}
2025-05-11 07:25:37,832 - DEBUG - Setting heading for col: {'id': 'Altered', 'display': 'Altered', 'width': 80}
2025-05-11 07:25:37,832 - DEBUG - Setting heading for col: {'id': 'Condition', 'display': 'Condition', 'width': 100}
2025-05-11 07:25:37,833 - DEBUG - Setting heading for col: {'id': 'type_line', 'display': 'Type', 'width': 150}
2025-05-11 07:25:37,833 - DEBUG - Setting heading for col: {'id': 'mana_cost', 'display': 'Mana Cost', 'width': 100}
2025-05-11 07:25:37,833 - DEBUG - Setting heading for col: {'id': 'colors', 'display': 'Colors', 'width': 100}
2025-05-11 07:25:37,833 - DEBUG - Setting heading for col: {'id': 'color_identity', 'display': 'Color Identity', 'width': 120}
2025-05-11 07:25:37,833 - DEBUG - Setting heading for col: {'id': 'oracle_text', 'display': 'Oracle Text', 'width': 200}
2025-05-11 07:25:37,833 - DEBUG - Setting heading for col: {'id': 'legal_commander', 'display': 'Commander Legal', 'width': 120}
2025-05-11 07:25:37,833 - DEBUG - Setting heading for col: {'id': 'legal_pauper', 'display': 'Pauper Legal', 'width': 100}
2025-05-11 07:25:37,833 - DEBUG - Setting heading for col: {'id': 'cmc', 'display': 'CMC', 'width': 80}
2025-05-11 07:25:37,833 - DEBUG - Setting heading for col: {'id': 'image_url', 'display': 'Image URL', 'width': 84}
