2025-05-16 06:48:48,904 - INFO - Logging initialized. Log file: logs/manabox_enhancer_20250516_064848.log
2025-05-16 06:49:23,375 - INFO - Attempting to load JSON file: /Users/jgleason/Development/ManaBox_Enhancer/Sinlges_for_Sale.json
2025-05-16 06:49:23,377 - DEBUG - Raw JSON data length: 1216828 characters
2025-05-16 06:49:23,377 - DEBUG - First 100 characters of JSON: [
  {
    "Name": "Paradise Plume",
    "Set code": "TSR",
    "Set name": "Time Spiral Remastered",
2025-05-16 06:49:23,385 - INFO - Successfully loaded 1165 cards
2025-05-16 06:49:23,385 - DEBUG - First card structure: {
  "Name": "Paradise Plume",
  "Set code": "TSR",
  "Set name": "Time Spiral Remastered",
  "Collector number": "271",
  "Foil": "normal",
  "Rarity": "uncommon",
  "Quantity": 1,
  "ManaBox ID": 57815,
  "Scryfall ID": "b794e97e-8b2c-4bde-8028-4348de5aec83",
  "Purchase price": "$0.25",
  "Misprint": false,
  "Altered": false,
  "Condition": "near_mint",
  "Language": "en",
  "Purchase price currency": "USD",
  "type_line": "Artifact",
  "mana_cost": "{4}",
  "colors": "",
  "color_identity": "",
  "oracle_text": "As this artifact enters, choose a color.\nWhenever a player casts a spell of the chosen color, you may gain 1 life.\n{T}: Add one mana of the chosen color.",
  "legal_commander": "legal",
  "legal_pauper": "not_legal",
  "image_url": "https://cards.scryfall.io/normal/front/b/7/b794e97e-8b2c-4bde-8028-4348de5aec83.jpg?1619399015",
  "_original_order": 0,
  "quantity": "",
  "cmc": 4.0,
  "Whatnot price": "$1"
}
