2025-05-11 14:40:38,968 - INFO - Logging initialized. Log file: logs/manabox_enhancer_20250511_144038.log
2025-05-11 14:40:44,067 - INFO - Attempting to load JSON file: /Users/jgleason/Development/ManaBox_Enhancer/Deck_Building.json
2025-05-11 14:40:44,070 - DEBUG - Raw JSON data length: 1601763 characters
2025-05-11 14:40:44,070 - DEBUG - First 100 characters of JSON: [
  {
    "Name": "Plains",
    "Set code": "inr",
    "Set name": "Innistrad Remastered",
    "Coll
2025-05-11 14:40:44,079 - INFO - Successfully loaded 1663 cards
2025-05-11 14:40:44,079 - DEBUG - First card structure: {
  "Name": "Plains",
  "Set code": "inr",
  "Set name": "Innistrad Remastered",
  "Collector number": "288",
  "Foil": "normal",
  "Rarity": "common",
  "Quantity": 1,
  "ManaBox ID": "",
  "Scryfall ID": "95347dba-09e9-47a3-a068-db78ba39714e",
  "Purchase price": 0.0,
  "Misprint": false,
  "Altered": false,
  "Condition": "near_mint",
  "Language": "en",
  "Purchase price currency": "USD",
  "type_line": "Basic Land \u2014 Plains",
  "mana_cost": "",
  "colors": "",
  "color_identity": "W",
  "oracle_text": "({T}: Add {W}.)",
  "legal_commander": "legal",
  "legal_pauper": "legal",
  "cmc": 0.0,
  "image_url": "https://cards.scryfall.io/normal/front/9/5/95347dba-09e9-47a3-a068-db78ba39714e.jpg?1736551487",
  "_original_order": 0
}
2025-05-11 14:42:20,336 - DEBUG - Starting new HTTPS connection (1): cards.scryfall.io:443
2025-05-11 14:42:20,524 - DEBUG - https://cards.scryfall.io:443 "GET /normal/front/c/1/c178227f-3b66-45f7-9838-dff70f1f2003.jpg?1736467958 HTTP/1.1" 200 90433
