2025-05-10 19:13:25,007 - INFO - Logging initialized. Log file: logs/manabox_enhancer_20250510_191325.log
2025-05-10 19:13:30,589 - INFO - Attempting to load JSON file: /Users/jgleason/Development/ManaBox_Enhancer/Deck_Building.json
2025-05-10 19:13:30,591 - DEBUG - Raw JSON data length: 1601763 characters
2025-05-10 19:13:30,591 - DEBUG - First 100 characters of JSON: [
  {
    "Name": "Plains",
    "Set code": "inr",
    "Set name": "Innistrad Remastered",
    "Coll
2025-05-10 19:13:30,600 - INFO - Successfully loaded 1663 cards
2025-05-10 19:13:30,600 - DEBUG - First card structure: {
  "Name": "Plains",
  "Set code": "inr",
  "Set name": "Innistrad Remastered",
  "Collector number": "288",
  "Foil": "normal",
  "Rarity": "common",
  "Quantity": 1,
  "ManaBox ID": "",
  "Scryfall ID": "95347dba-09e9-47a3-a068-db78ba39714e",
  "Purchase price": 0.0,
  "Misprint": false,
  "Altered": false,
  "Condition": "near_mint",
  "Language": "en",
  "Purchase price currency": "USD",
  "type_line": "Basic Land \u2014 Plains",
  "mana_cost": "",
  "colors": "",
  "color_identity": "W",
  "oracle_text": "({T}: Add {W}.)",
  "legal_commander": "legal",
  "legal_pauper": "legal",
  "cmc": 0.0,
  "image_url": "https://cards.scryfall.io/normal/front/9/5/95347dba-09e9-47a3-a068-db78ba39714e.jpg?1736551487",
  "_original_order": 0
}
2025-05-10 19:13:30,601 - DEBUG - column_config type: <class 'dict'>
2025-05-10 19:13:30,601 - DEBUG - column_config: {'columns': [{'id': 'Name', 'display': 'Name', 'width': 150}, {'id': 'Set code', 'display': 'Set code', 'width': 100}, {'id': 'Set name', 'display': 'Set name', 'width': 317}, {'id': 'Collector number', 'display': 'Collector number', 'width': 120}, {'id': 'Foil', 'display': 'Foil', 'width': 80}, {'id': 'Rarity', 'display': 'Rarity', 'width': 100}, {'id': 'Quantity', 'display': 'Quantity', 'width': 80}, {'id': 'ManaBox ID', 'display': 'ManaBox ID', 'width': 100}, {'id': 'Scryfall ID', 'display': 'Scryfall ID', 'width': 200}, {'id': 'Purchase price', 'display': 'Purchase price', 'width': 100}, {'id': 'Whatnot price', 'display': 'Whatnot Price', 'width': 100, 'visible': True}, {'id': 'Misprint', 'display': 'Misprint', 'width': 80}, {'id': 'Altered', 'display': 'Altered', 'width': 80}, {'id': 'Condition', 'display': 'Condition', 'width': 100}, {'id': 'Language', 'display': 'Language', 'width': 80}, {'id': 'Purchase price currency', 'display': 'Purchase price currency', 'width': 150}, {'id': 'type_line', 'display': 'Type', 'width': 150}, {'id': 'mana_cost', 'display': 'Mana Cost', 'width': 100}, {'id': 'colors', 'display': 'Colors', 'width': 100}, {'id': 'color_identity', 'display': 'Color Identity', 'width': 120}, {'id': 'oracle_text', 'display': 'Oracle Text', 'width': 200}, {'id': 'legal_commander', 'display': 'Commander Legal', 'width': 120}, {'id': 'legal_pauper', 'display': 'Pauper Legal', 'width': 100}, {'id': 'cmc', 'display': 'CMC', 'width': 80}, {'id': 'image_url', 'display': 'Image URL', 'width': 84}]}
2025-05-10 19:13:30,601 - DEBUG - visible_cols: [{'id': 'Name', 'display': 'Name', 'width': 150}, {'id': 'Set code', 'display': 'Set code', 'width': 100}, {'id': 'Set name', 'display': 'Set name', 'width': 317}, {'id': 'Collector number', 'display': 'Collector number', 'width': 120}, {'id': 'Foil', 'display': 'Foil', 'width': 80}, {'id': 'Rarity', 'display': 'Rarity', 'width': 100}, {'id': 'Quantity', 'display': 'Quantity', 'width': 80}, {'id': 'ManaBox ID', 'display': 'ManaBox ID', 'width': 100}, {'id': 'Scryfall ID', 'display': 'Scryfall ID', 'width': 200}, {'id': 'Purchase price', 'display': 'Purchase price', 'width': 100}, {'id': 'Whatnot price', 'display': 'Whatnot Price', 'width': 100, 'visible': True}, {'id': 'Misprint', 'display': 'Misprint', 'width': 80}, {'id': 'Altered', 'display': 'Altered', 'width': 80}, {'id': 'Condition', 'display': 'Condition', 'width': 100}, {'id': 'Language', 'display': 'Language', 'width': 80}, {'id': 'Purchase price currency', 'display': 'Purchase price currency', 'width': 150}, {'id': 'type_line', 'display': 'Type', 'width': 150}, {'id': 'mana_cost', 'display': 'Mana Cost', 'width': 100}, {'id': 'colors', 'display': 'Colors', 'width': 100}, {'id': 'color_identity', 'display': 'Color Identity', 'width': 120}, {'id': 'oracle_text', 'display': 'Oracle Text', 'width': 200}, {'id': 'legal_commander', 'display': 'Commander Legal', 'width': 120}, {'id': 'legal_pauper', 'display': 'Pauper Legal', 'width': 100}, {'id': 'cmc', 'display': 'CMC', 'width': 80}, {'id': 'image_url', 'display': 'Image URL', 'width': 84}]
2025-05-10 19:13:30,601 - DEBUG - col_ids: ['Name', 'Set code', 'Set name', 'Collector number', 'Foil', 'Rarity', 'Quantity', 'ManaBox ID', 'Scryfall ID', 'Purchase price', 'Whatnot price', 'Misprint', 'Altered', 'Condition', 'Language', 'Purchase price currency', 'type_line', 'mana_cost', 'colors', 'color_identity', 'oracle_text', 'legal_commander', 'legal_pauper', 'cmc', 'image_url']
2025-05-10 19:13:30,601 - DEBUG - Setting heading for col: {'id': 'Name', 'display': 'Name', 'width': 150}
2025-05-10 19:13:30,601 - DEBUG - Setting heading for col: {'id': 'Set code', 'display': 'Set code', 'width': 100}
2025-05-10 19:13:30,601 - DEBUG - Setting heading for col: {'id': 'Set name', 'display': 'Set name', 'width': 317}
2025-05-10 19:13:30,601 - DEBUG - Setting heading for col: {'id': 'Collector number', 'display': 'Collector number', 'width': 120}
2025-05-10 19:13:30,601 - DEBUG - Setting heading for col: {'id': 'Foil', 'display': 'Foil', 'width': 80}
2025-05-10 19:13:30,601 - DEBUG - Setting heading for col: {'id': 'Rarity', 'display': 'Rarity', 'width': 100}
2025-05-10 19:13:30,601 - DEBUG - Setting heading for col: {'id': 'Quantity', 'display': 'Quantity', 'width': 80}
2025-05-10 19:13:30,601 - DEBUG - Setting heading for col: {'id': 'ManaBox ID', 'display': 'ManaBox ID', 'width': 100}
2025-05-10 19:13:30,602 - DEBUG - Setting heading for col: {'id': 'Scryfall ID', 'display': 'Scryfall ID', 'width': 200}
2025-05-10 19:13:30,602 - DEBUG - Setting heading for col: {'id': 'Purchase price', 'display': 'Purchase price', 'width': 100}
2025-05-10 19:13:30,602 - DEBUG - Setting heading for col: {'id': 'Whatnot price', 'display': 'Whatnot Price', 'width': 100, 'visible': True}
2025-05-10 19:13:30,602 - DEBUG - Setting heading for col: {'id': 'Misprint', 'display': 'Misprint', 'width': 80}
2025-05-10 19:13:30,602 - DEBUG - Setting heading for col: {'id': 'Altered', 'display': 'Altered', 'width': 80}
2025-05-10 19:13:30,602 - DEBUG - Setting heading for col: {'id': 'Condition', 'display': 'Condition', 'width': 100}
2025-05-10 19:13:30,602 - DEBUG - Setting heading for col: {'id': 'Language', 'display': 'Language', 'width': 80}
2025-05-10 19:13:30,602 - DEBUG - Setting heading for col: {'id': 'Purchase price currency', 'display': 'Purchase price currency', 'width': 150}
2025-05-10 19:13:30,602 - DEBUG - Setting heading for col: {'id': 'type_line', 'display': 'Type', 'width': 150}
2025-05-10 19:13:30,602 - DEBUG - Setting heading for col: {'id': 'mana_cost', 'display': 'Mana Cost', 'width': 100}
2025-05-10 19:13:30,602 - DEBUG - Setting heading for col: {'id': 'colors', 'display': 'Colors', 'width': 100}
2025-05-10 19:13:30,602 - DEBUG - Setting heading for col: {'id': 'color_identity', 'display': 'Color Identity', 'width': 120}
2025-05-10 19:13:30,602 - DEBUG - Setting heading for col: {'id': 'oracle_text', 'display': 'Oracle Text', 'width': 200}
2025-05-10 19:13:30,602 - DEBUG - Setting heading for col: {'id': 'legal_commander', 'display': 'Commander Legal', 'width': 120}
2025-05-10 19:13:30,602 - DEBUG - Setting heading for col: {'id': 'legal_pauper', 'display': 'Pauper Legal', 'width': 100}
2025-05-10 19:13:30,602 - DEBUG - Setting heading for col: {'id': 'cmc', 'display': 'CMC', 'width': 80}
2025-05-10 19:13:30,602 - DEBUG - Setting heading for col: {'id': 'image_url', 'display': 'Image URL', 'width': 84}
2025-05-10 19:13:30,602 - DEBUG - column_config type: <class 'dict'>
2025-05-10 19:13:30,602 - DEBUG - column_config: {'columns': [{'id': 'Name', 'display': 'Name', 'width': 150}, {'id': 'Set code', 'display': 'Set code', 'width': 100}, {'id': 'Set name', 'display': 'Set name', 'width': 317}, {'id': 'Collector number', 'display': 'Collector number', 'width': 120}, {'id': 'Foil', 'display': 'Foil', 'width': 80}, {'id': 'Rarity', 'display': 'Rarity', 'width': 100}, {'id': 'Quantity', 'display': 'Quantity', 'width': 80}, {'id': 'ManaBox ID', 'display': 'ManaBox ID', 'width': 100}, {'id': 'Scryfall ID', 'display': 'Scryfall ID', 'width': 200}, {'id': 'Purchase price', 'display': 'Purchase price', 'width': 100}, {'id': 'Whatnot price', 'display': 'Whatnot Price', 'width': 100, 'visible': True}, {'id': 'Misprint', 'display': 'Misprint', 'width': 80}, {'id': 'Altered', 'display': 'Altered', 'width': 80}, {'id': 'Condition', 'display': 'Condition', 'width': 100}, {'id': 'Language', 'display': 'Language', 'width': 80}, {'id': 'Purchase price currency', 'display': 'Purchase price currency', 'width': 150}, {'id': 'type_line', 'display': 'Type', 'width': 150}, {'id': 'mana_cost', 'display': 'Mana Cost', 'width': 100}, {'id': 'colors', 'display': 'Colors', 'width': 100}, {'id': 'color_identity', 'display': 'Color Identity', 'width': 120}, {'id': 'oracle_text', 'display': 'Oracle Text', 'width': 200}, {'id': 'legal_commander', 'display': 'Commander Legal', 'width': 120}, {'id': 'legal_pauper', 'display': 'Pauper Legal', 'width': 100}, {'id': 'cmc', 'display': 'CMC', 'width': 80}, {'id': 'image_url', 'display': 'Image URL', 'width': 84}]}
2025-05-10 19:13:30,602 - DEBUG - visible_cols: [{'id': 'Name', 'display': 'Name', 'width': 150}, {'id': 'Set code', 'display': 'Set code', 'width': 100}, {'id': 'Set name', 'display': 'Set name', 'width': 317}, {'id': 'Collector number', 'display': 'Collector number', 'width': 120}, {'id': 'Foil', 'display': 'Foil', 'width': 80}, {'id': 'Rarity', 'display': 'Rarity', 'width': 100}, {'id': 'Quantity', 'display': 'Quantity', 'width': 80}, {'id': 'ManaBox ID', 'display': 'ManaBox ID', 'width': 100}, {'id': 'Scryfall ID', 'display': 'Scryfall ID', 'width': 200}, {'id': 'Purchase price', 'display': 'Purchase price', 'width': 100}, {'id': 'Whatnot price', 'display': 'Whatnot Price', 'width': 100, 'visible': True}, {'id': 'Misprint', 'display': 'Misprint', 'width': 80}, {'id': 'Altered', 'display': 'Altered', 'width': 80}, {'id': 'Condition', 'display': 'Condition', 'width': 100}, {'id': 'Language', 'display': 'Language', 'width': 80}, {'id': 'Purchase price currency', 'display': 'Purchase price currency', 'width': 150}, {'id': 'type_line', 'display': 'Type', 'width': 150}, {'id': 'mana_cost', 'display': 'Mana Cost', 'width': 100}, {'id': 'colors', 'display': 'Colors', 'width': 100}, {'id': 'color_identity', 'display': 'Color Identity', 'width': 120}, {'id': 'oracle_text', 'display': 'Oracle Text', 'width': 200}, {'id': 'legal_commander', 'display': 'Commander Legal', 'width': 120}, {'id': 'legal_pauper', 'display': 'Pauper Legal', 'width': 100}, {'id': 'cmc', 'display': 'CMC', 'width': 80}, {'id': 'image_url', 'display': 'Image URL', 'width': 84}]
2025-05-10 19:13:30,602 - DEBUG - col_ids: ['Name', 'Set code', 'Set name', 'Collector number', 'Foil', 'Rarity', 'Quantity', 'ManaBox ID', 'Scryfall ID', 'Purchase price', 'Whatnot price', 'Misprint', 'Altered', 'Condition', 'Language', 'Purchase price currency', 'type_line', 'mana_cost', 'colors', 'color_identity', 'oracle_text', 'legal_commander', 'legal_pauper', 'cmc', 'image_url']
2025-05-10 19:13:30,602 - DEBUG - Setting heading for col: {'id': 'Name', 'display': 'Name', 'width': 150}
2025-05-10 19:13:30,603 - DEBUG - Setting heading for col: {'id': 'Set code', 'display': 'Set code', 'width': 100}
2025-05-10 19:13:30,603 - DEBUG - Setting heading for col: {'id': 'Set name', 'display': 'Set name', 'width': 317}
2025-05-10 19:13:30,603 - DEBUG - Setting heading for col: {'id': 'Collector number', 'display': 'Collector number', 'width': 120}
2025-05-10 19:13:30,603 - DEBUG - Setting heading for col: {'id': 'Foil', 'display': 'Foil', 'width': 80}
2025-05-10 19:13:30,603 - DEBUG - Setting heading for col: {'id': 'Rarity', 'display': 'Rarity', 'width': 100}
2025-05-10 19:13:30,603 - DEBUG - Setting heading for col: {'id': 'Quantity', 'display': 'Quantity', 'width': 80}
2025-05-10 19:13:30,603 - DEBUG - Setting heading for col: {'id': 'ManaBox ID', 'display': 'ManaBox ID', 'width': 100}
2025-05-10 19:13:30,603 - DEBUG - Setting heading for col: {'id': 'Scryfall ID', 'display': 'Scryfall ID', 'width': 200}
2025-05-10 19:13:30,603 - DEBUG - Setting heading for col: {'id': 'Purchase price', 'display': 'Purchase price', 'width': 100}
2025-05-10 19:13:30,603 - DEBUG - Setting heading for col: {'id': 'Whatnot price', 'display': 'Whatnot Price', 'width': 100, 'visible': True}
2025-05-10 19:13:30,603 - DEBUG - Setting heading for col: {'id': 'Misprint', 'display': 'Misprint', 'width': 80}
2025-05-10 19:13:30,603 - DEBUG - Setting heading for col: {'id': 'Altered', 'display': 'Altered', 'width': 80}
2025-05-10 19:13:30,603 - DEBUG - Setting heading for col: {'id': 'Condition', 'display': 'Condition', 'width': 100}
2025-05-10 19:13:30,603 - DEBUG - Setting heading for col: {'id': 'Language', 'display': 'Language', 'width': 80}
2025-05-10 19:13:30,603 - DEBUG - Setting heading for col: {'id': 'Purchase price currency', 'display': 'Purchase price currency', 'width': 150}
2025-05-10 19:13:30,603 - DEBUG - Setting heading for col: {'id': 'type_line', 'display': 'Type', 'width': 150}
2025-05-10 19:13:30,603 - DEBUG - Setting heading for col: {'id': 'mana_cost', 'display': 'Mana Cost', 'width': 100}
2025-05-10 19:13:30,603 - DEBUG - Setting heading for col: {'id': 'colors', 'display': 'Colors', 'width': 100}
2025-05-10 19:13:30,603 - DEBUG - Setting heading for col: {'id': 'color_identity', 'display': 'Color Identity', 'width': 120}
2025-05-10 19:13:30,603 - DEBUG - Setting heading for col: {'id': 'oracle_text', 'display': 'Oracle Text', 'width': 200}
2025-05-10 19:13:30,603 - DEBUG - Setting heading for col: {'id': 'legal_commander', 'display': 'Commander Legal', 'width': 120}
2025-05-10 19:13:30,603 - DEBUG - Setting heading for col: {'id': 'legal_pauper', 'display': 'Pauper Legal', 'width': 100}
2025-05-10 19:13:30,603 - DEBUG - Setting heading for col: {'id': 'cmc', 'display': 'CMC', 'width': 80}
2025-05-10 19:13:30,603 - DEBUG - Setting heading for col: {'id': 'image_url', 'display': 'Image URL', 'width': 84}
2025-05-10 19:13:44,121 - INFO - Starting card field updates for 1663 cards
2025-05-10 19:13:44,121 - DEBUG - Updating card 1/1663: Plains
2025-05-10 19:13:44,126 - DEBUG - Starting new HTTPS connection (1): api.scryfall.com:443
2025-05-10 19:13:44,366 - DEBUG - https://api.scryfall.com:443 "GET /cards/95347dba-09e9-47a3-a068-db78ba39714e HTTP/1.1" 200 1554
2025-05-10 19:13:44,366 - DEBUG - Updated CMC for Plains: 0.0
2025-05-10 19:13:44,366 - DEBUG - Updated mana_cost for Plains: 
2025-05-10 19:13:44,366 - DEBUG - Updated colors for Plains: 
2025-05-10 19:13:44,489 - DEBUG - Updating card 2/1663: Shrill Howler // Howling Chorus
2025-05-10 19:13:44,491 - DEBUG - Starting new HTTPS connection (1): api.scryfall.com:443
2025-05-10 19:13:44,667 - DEBUG - https://api.scryfall.com:443 "GET /cards/e414e208-2e90-4b0d-b107-7a387b3f779b HTTP/1.1" 200 2133
2025-05-10 19:13:44,674 - DEBUG - Updated CMC for Shrill Howler // Howling Chorus: 3.0
2025-05-10 19:13:44,674 - DEBUG - Updated mana_cost for Shrill Howler // Howling Chorus: 
2025-05-10 19:13:44,675 - DEBUG - Updated colors for Shrill Howler // Howling Chorus: 
2025-05-10 19:13:44,675 - DEBUG - Updated oracle_text for Shrill Howler // Howling Chorus: 
2025-05-10 19:13:44,790 - DEBUG - Updating card 3/1663: Gisa's Bidding
2025-05-10 19:13:44,792 - DEBUG - Starting new HTTPS connection (1): api.scryfall.com:443
2025-05-10 19:13:44,974 - DEBUG - https://api.scryfall.com:443 "GET /cards/6eda8787-8f57-4894-a911-a91f92812062 HTTP/1.1" 200 1795
2025-05-10 19:13:44,977 - DEBUG - Updated CMC for Gisa's Bidding: 4.0
2025-05-10 19:13:45,089 - DEBUG - Updating card 4/1663: Reckless Scholar
2025-05-10 19:13:45,090 - DEBUG - Starting new HTTPS connection (1): api.scryfall.com:443
2025-05-10 19:13:45,246 - DEBUG - https://api.scryfall.com:443 "GET /cards/ceb85311-a7f7-44d5-9caa-50a24fd6d00a HTTP/1.1" 200 1622
2025-05-10 19:13:45,249 - DEBUG - Updated CMC for Reckless Scholar: 3.0
2025-05-10 19:13:45,373 - DEBUG - Updating card 5/1663: Angel's Tomb
2025-05-10 19:13:45,375 - DEBUG - Starting new HTTPS connection (1): api.scryfall.com:443
2025-05-10 19:13:45,556 - DEBUG - https://api.scryfall.com:443 "GET /cards/b465d09e-efad-48b6-a89a-f7da0c572991 HTTP/1.1" 200 1690
2025-05-10 19:13:45,561 - DEBUG - Updated CMC for Angel's Tomb: 3.0
2025-05-10 19:13:45,561 - DEBUG - Updated colors for Angel's Tomb: 
2025-05-10 19:13:45,561 - DEBUG - Updated color_identity for Angel's Tomb: 
2025-05-10 19:13:45,674 - DEBUG - Updating card 6/1663: Twinblade Geist // Twinblade Invocation
2025-05-10 19:13:45,676 - DEBUG - Starting new HTTPS connection (1): api.scryfall.com:443
2025-05-10 19:13:45,876 - DEBUG - https://api.scryfall.com:443 "GET /cards/88bc8cdf-adfa-4a11-a8c0-484bc03edc65 HTTP/1.1" 200 1990
2025-05-10 19:13:45,882 - DEBUG - Updated CMC for Twinblade Geist // Twinblade Invocation: 2.0
2025-05-10 19:13:45,883 - DEBUG - Updated mana_cost for Twinblade Geist // Twinblade Invocation: 
2025-05-10 19:13:45,883 - DEBUG - Updated colors for Twinblade Geist // Twinblade Invocation: 
2025-05-10 19:13:45,883 - DEBUG - Updated oracle_text for Twinblade Geist // Twinblade Invocation: 
2025-05-10 19:13:46,006 - DEBUG - Updating card 7/1663: Mountain
2025-05-10 19:13:46,009 - DEBUG - Starting new HTTPS connection (1): api.scryfall.com:443
2025-05-10 19:13:46,197 - DEBUG - https://api.scryfall.com:443 "GET /cards/787da7ce-527d-4abf-9e92-5de9db2250cd HTTP/1.1" 200 1552
2025-05-10 19:13:46,202 - DEBUG - Updated CMC for Mountain: 0.0
2025-05-10 19:13:46,202 - DEBUG - Updated mana_cost for Mountain: 
2025-05-10 19:13:46,202 - DEBUG - Updated colors for Mountain: 
2025-05-10 19:13:46,323 - DEBUG - Updating card 8/1663: Mist Raven
2025-05-10 19:13:46,326 - DEBUG - Starting new HTTPS connection (1): api.scryfall.com:443
2025-05-10 19:13:46,495 - DEBUG - https://api.scryfall.com:443 "GET /cards/1450e465-3380-465a-ac20-18ae64b04821 HTTP/1.1" 200 1699
2025-05-10 19:13:46,500 - DEBUG - Updated CMC for Mist Raven: 4.0
2025-05-10 19:13:46,623 - DEBUG - Updating card 9/1663: Rally the Peasants
2025-05-10 19:13:46,625 - DEBUG - Starting new HTTPS connection (1): api.scryfall.com:443
2025-05-10 19:13:46,815 - DEBUG - https://api.scryfall.com:443 "GET /cards/dc5bf14c-e287-47aa-a5aa-1ac543bb922f HTTP/1.1" 200 1723
2025-05-10 19:13:46,823 - DEBUG - Updated CMC for Rally the Peasants: 3.0
2025-05-10 19:13:46,940 - DEBUG - Updating card 10/1663: Festival Crasher
2025-05-10 19:13:46,943 - DEBUG - Starting new HTTPS connection (1): api.scryfall.com:443
2025-05-10 19:13:47,119 - DEBUG - https://api.scryfall.com:443 "GET /cards/d8d050c1-ae0c-46c1-8aa7-7cde4606105b HTTP/1.1" 200 1674
2025-05-10 19:13:47,124 - DEBUG - Updated CMC for Festival Crasher: 2.0
2025-05-10 19:13:47,239 - DEBUG - Updating card 11/1663: Blazing Torch
2025-05-10 19:13:47,240 - DEBUG - Starting new HTTPS connection (1): api.scryfall.com:443
2025-05-10 19:13:47,433 - DEBUG - https://api.scryfall.com:443 "GET /cards/ea2d3a1c-287e-4b85-8f3d-25fdcf79f47b HTTP/1.1" 200 1686
2025-05-10 19:13:47,439 - DEBUG - Updated CMC for Blazing Torch: 1.0
2025-05-10 19:13:47,440 - DEBUG - Updated colors for Blazing Torch: 
2025-05-10 19:13:47,440 - DEBUG - Updated color_identity for Blazing Torch: 
2025-05-10 19:13:47,556 - DEBUG - Updating card 12/1663: Village Messenger // Moonrise Intruder
2025-05-10 19:13:47,560 - DEBUG - Starting new HTTPS connection (1): api.scryfall.com:443
2025-05-10 19:13:47,743 - DEBUG - https://api.scryfall.com:443 "GET /cards/8bdc98cd-d03a-4c24-8642-b9ffb1f144c6 HTTP/1.1" 200 2024
2025-05-10 19:13:47,748 - DEBUG - Updated CMC for Village Messenger // Moonrise Intruder: 1.0
2025-05-10 19:13:47,748 - DEBUG - Updated mana_cost for Village Messenger // Moonrise Intruder: 
2025-05-10 19:13:47,748 - DEBUG - Updated colors for Village Messenger // Moonrise Intruder: 
2025-05-10 19:13:47,748 - DEBUG - Updated oracle_text for Village Messenger // Moonrise Intruder: 
2025-05-10 19:13:47,855 - DEBUG - Updating card 13/1663: Hamlet Captain
2025-05-10 19:13:47,859 - DEBUG - Starting new HTTPS connection (1): api.scryfall.com:443
2025-05-10 19:13:48,042 - DEBUG - https://api.scryfall.com:443 "GET /cards/06e5d76a-0cec-40e0-b694-2b5c8484f6c0 HTTP/1.1" 200 1682
2025-05-10 19:13:48,049 - DEBUG - Updated CMC for Hamlet Captain: 2.0
2025-05-10 19:13:48,173 - DEBUG - Updating card 14/1663: Ghoulish Procession
2025-05-10 19:13:48,176 - DEBUG - Starting new HTTPS connection (1): api.scryfall.com:443
2025-05-10 19:13:48,388 - DEBUG - https://api.scryfall.com:443 "GET /cards/c178227f-3b66-45f7-9838-dff70f1f2003 HTTP/1.1" 200 1872
2025-05-10 19:13:48,394 - DEBUG - Updated CMC for Ghoulish Procession: 2.0
2025-05-10 19:13:48,523 - DEBUG - Updating card 15/1663: Town Gossipmonger // Incited Rabble
2025-05-10 19:13:48,526 - DEBUG - Starting new HTTPS connection (1): api.scryfall.com:443
2025-05-10 19:13:48,736 - DEBUG - https://api.scryfall.com:443 "GET /cards/51d3da6f-5598-4795-8a27-91734c9fc688 HTTP/1.1" 200 2047
2025-05-10 19:13:48,743 - DEBUG - Updated CMC for Town Gossipmonger // Incited Rabble: 1.0
2025-05-10 19:13:48,744 - DEBUG - Updated mana_cost for Town Gossipmonger // Incited Rabble: 
2025-05-10 19:13:48,744 - DEBUG - Updated colors for Town Gossipmonger // Incited Rabble: 
2025-05-10 19:13:48,744 - DEBUG - Updated oracle_text for Town Gossipmonger // Incited Rabble: 
2025-05-10 19:13:48,856 - DEBUG - Updating card 16/1663: Elvish Guidance
2025-05-10 19:13:48,859 - DEBUG - Starting new HTTPS connection (1): api.scryfall.com:443
2025-05-10 19:13:49,044 - DEBUG - https://api.scryfall.com:443 "GET /cards/8698c46b-2628-4482-88f9-e37a01ade274 HTTP/1.1" 200 1712
2025-05-10 19:13:49,048 - DEBUG - Updated CMC for Elvish Guidance: 3.0
2025-05-10 19:13:49,173 - DEBUG - Updating card 17/1663: Falkenrath Torturer
2025-05-10 19:13:49,176 - DEBUG - Starting new HTTPS connection (1): api.scryfall.com:443
2025-05-10 19:13:49,386 - DEBUG - https://api.scryfall.com:443 "GET /cards/e0e896a7-fd51-4c24-b374-c4eace9ed1a2 HTTP/1.1" 200 1729
2025-05-10 19:13:49,388 - DEBUG - Updated CMC for Falkenrath Torturer: 3.0
2025-05-10 19:13:49,506 - DEBUG - Updating card 18/1663: Dawnhart Disciple
2025-05-10 19:13:49,508 - DEBUG - Starting new HTTPS connection (1): api.scryfall.com:443
2025-05-10 19:13:49,700 - DEBUG - https://api.scryfall.com:443 "GET /cards/4463b28a-c2c9-4cbf-951e-e3ce6b1f14cb HTTP/1.1" 200 1671
2025-05-10 19:13:49,706 - DEBUG - Updated CMC for Dawnhart Disciple: 2.0
2025-05-10 19:13:49,823 - DEBUG - Updating card 19/1663: Moonlight Hunt
2025-05-10 19:13:49,826 - DEBUG - Starting new HTTPS connection (1): api.scryfall.com:443
2025-05-10 19:13:49,993 - DEBUG - https://api.scryfall.com:443 "GET /cards/6d36aecd-4bd8-4350-9161-e6feecc09bb9 HTTP/1.1" 200 1655
2025-05-10 19:13:49,996 - DEBUG - Updated CMC for Moonlight Hunt: 2.0
2025-05-10 19:13:50,106 - DEBUG - Updating card 20/1663: Sever the Bloodline
2025-05-10 19:13:50,108 - DEBUG - Starting new HTTPS connection (1): api.scryfall.com:443
2025-05-10 19:13:50,271 - DEBUG - https://api.scryfall.com:443 "GET /cards/a2d4152d-c128-453c-86f5-f2ebcfd48b98 HTTP/1.1" 200 1665
2025-05-10 19:13:50,273 - DEBUG - Updated CMC for Sever the Bloodline: 4.0
2025-05-10 19:13:50,389 - DEBUG - Updating card 21/1663: Mountain
2025-05-10 19:13:50,392 - DEBUG - Starting new HTTPS connection (1): api.scryfall.com:443
2025-05-10 19:13:50,575 - DEBUG - https://api.scryfall.com:443 "GET /cards/f8739e90-a967-4e06-b966-1a15755a25bd HTTP/1.1" 200 1555
2025-05-10 19:13:50,580 - DEBUG - Updated CMC for Mountain: 0.0
2025-05-10 19:13:50,580 - DEBUG - Updated mana_cost for Mountain: 
2025-05-10 19:13:50,580 - DEBUG - Updated colors for Mountain: 
2025-05-10 19:13:50,638 - INFO - Update cancelled by user
2025-05-10 19:13:50,718 - INFO - Update complete. Updated 21 cards. Errors: 0
