2025-05-10 18:26:33,892 - INFO - Logging initialized. Log file: logs/manabox_enhancer_20250510_182633.log
2025-05-10 18:26:39,521 - INFO - Attempting to load JSON file: /Users/jgleason/Development/ManaBox_Enhancer/Singles_for_Sale.json
2025-05-10 18:26:39,524 - DEBUG - Raw JSON data length: 1181636 characters
2025-05-10 18:26:39,524 - DEBUG - First 100 characters of JSON: [
  {
    "Name": "Paradise Plume",
    "Set code": "TSR",
    "Set name": "Time Spiral Remastered",
2025-05-10 18:26:39,531 - INFO - Successfully loaded 1165 cards
2025-05-10 18:26:39,531 - DEBUG - First card structure: {
  "Name": "Paradise Plume",
  "Set code": "TSR",
  "Set name": "Time Spiral Remastered",
  "Collector number": "271",
  "Foil": "normal",
  "Rarity": "uncommon",
  "Quantity": 1,
  "ManaBox ID": 57815,
  "Scryfall ID": "b794e97e-8b2c-4bde-8028-4348de5aec83",
  "Purchase price": 0.25,
  "Misprint": false,
  "Altered": false,
  "Condition": "near_mint",
  "Language": "en",
  "Purchase price currency": "USD",
  "type_line": "Artifact",
  "mana_cost": "{4}",
  "colors": "",
  "color_identity": "",
  "oracle_text": "As this artifact enters, choose a color.\nWhenever a player casts a spell of the chosen color, you may gain 1 life.\n{T}: Add one mana of the chosen color.",
  "legal_commander": "legal",
  "legal_pauper": "not_legal",
  "image_url": "https://cards.scryfall.io/normal/front/b/7/b794e97e-8b2c-4bde-8028-4348de5aec83.jpg?1619399015",
  "_original_order": 0,
  "quantity": "",
  "cmc": 4.0
}
2025-05-10 18:26:39,531 - DEBUG - column_config type: <class 'dict'>
2025-05-10 18:26:39,531 - DEBUG - column_config: {'columns': [{'id': 'Name', 'display': 'Name', 'width': 150}, {'id': 'Set code', 'display': 'Set code', 'width': 100}, {'id': 'Set name', 'display': 'Set name', 'width': 150}, {'id': 'Collector number', 'display': 'Collector number', 'width': 120}, {'id': 'Foil', 'display': 'Foil', 'width': 80}, {'id': 'Rarity', 'display': 'Rarity', 'width': 100}, {'id': 'Quantity', 'display': 'Quantity', 'width': 80}, {'id': 'ManaBox ID', 'display': 'ManaBox ID', 'width': 100}, {'id': 'Scryfall ID', 'display': 'Scryfall ID', 'width': 200}, {'id': 'Purchase price', 'display': 'Purchase price', 'width': 100}, {'id': 'Misprint', 'display': 'Misprint', 'width': 80}, {'id': 'Altered', 'display': 'Altered', 'width': 80}, {'id': 'Condition', 'display': 'Condition', 'width': 100}, {'id': 'Language', 'display': 'Language', 'width': 80}, {'id': 'Purchase price currency', 'display': 'Purchase price currency', 'width': 150}, {'id': 'type_line', 'display': 'Type', 'width': 150}, {'id': 'mana_cost', 'display': 'Mana Cost', 'width': 100}, {'id': 'colors', 'display': 'Colors', 'width': 100}, {'id': 'color_identity', 'display': 'Color Identity', 'width': 120}, {'id': 'oracle_text', 'display': 'Oracle Text', 'width': 200}, {'id': 'legal_commander', 'display': 'Commander Legal', 'width': 120}, {'id': 'legal_pauper', 'display': 'Pauper Legal', 'width': 100}, {'id': 'cmc', 'display': 'CMC', 'width': 80}, {'id': 'image_url', 'display': 'Image URL', 'width': 200}]}
2025-05-10 18:26:39,531 - DEBUG - visible_cols: [{'id': 'Name', 'display': 'Name', 'width': 150}, {'id': 'Set code', 'display': 'Set code', 'width': 100}, {'id': 'Set name', 'display': 'Set name', 'width': 150}, {'id': 'Collector number', 'display': 'Collector number', 'width': 120}, {'id': 'Foil', 'display': 'Foil', 'width': 80}, {'id': 'Rarity', 'display': 'Rarity', 'width': 100}, {'id': 'Quantity', 'display': 'Quantity', 'width': 80}, {'id': 'ManaBox ID', 'display': 'ManaBox ID', 'width': 100}, {'id': 'Scryfall ID', 'display': 'Scryfall ID', 'width': 200}, {'id': 'Purchase price', 'display': 'Purchase price', 'width': 100}, {'id': 'Misprint', 'display': 'Misprint', 'width': 80}, {'id': 'Altered', 'display': 'Altered', 'width': 80}, {'id': 'Condition', 'display': 'Condition', 'width': 100}, {'id': 'Language', 'display': 'Language', 'width': 80}, {'id': 'Purchase price currency', 'display': 'Purchase price currency', 'width': 150}, {'id': 'type_line', 'display': 'Type', 'width': 150}, {'id': 'mana_cost', 'display': 'Mana Cost', 'width': 100}, {'id': 'colors', 'display': 'Colors', 'width': 100}, {'id': 'color_identity', 'display': 'Color Identity', 'width': 120}, {'id': 'oracle_text', 'display': 'Oracle Text', 'width': 200}, {'id': 'legal_commander', 'display': 'Commander Legal', 'width': 120}, {'id': 'legal_pauper', 'display': 'Pauper Legal', 'width': 100}, {'id': 'cmc', 'display': 'CMC', 'width': 80}, {'id': 'image_url', 'display': 'Image URL', 'width': 200}]
2025-05-10 18:26:39,531 - DEBUG - col_ids: ['Name', 'Set code', 'Set name', 'Collector number', 'Foil', 'Rarity', 'Quantity', 'ManaBox ID', 'Scryfall ID', 'Purchase price', 'Misprint', 'Altered', 'Condition', 'Language', 'Purchase price currency', 'type_line', 'mana_cost', 'colors', 'color_identity', 'oracle_text', 'legal_commander', 'legal_pauper', 'cmc', 'image_url']
2025-05-10 18:26:39,532 - DEBUG - Setting heading for col: {'id': 'Name', 'display': 'Name', 'width': 150}
2025-05-10 18:26:39,532 - DEBUG - Setting heading for col: {'id': 'Set code', 'display': 'Set code', 'width': 100}
2025-05-10 18:26:39,532 - DEBUG - Setting heading for col: {'id': 'Set name', 'display': 'Set name', 'width': 150}
2025-05-10 18:26:39,532 - DEBUG - Setting heading for col: {'id': 'Collector number', 'display': 'Collector number', 'width': 120}
2025-05-10 18:26:39,532 - DEBUG - Setting heading for col: {'id': 'Foil', 'display': 'Foil', 'width': 80}
2025-05-10 18:26:39,532 - DEBUG - Setting heading for col: {'id': 'Rarity', 'display': 'Rarity', 'width': 100}
2025-05-10 18:26:39,532 - DEBUG - Setting heading for col: {'id': 'Quantity', 'display': 'Quantity', 'width': 80}
2025-05-10 18:26:39,532 - DEBUG - Setting heading for col: {'id': 'ManaBox ID', 'display': 'ManaBox ID', 'width': 100}
2025-05-10 18:26:39,532 - DEBUG - Setting heading for col: {'id': 'Scryfall ID', 'display': 'Scryfall ID', 'width': 200}
2025-05-10 18:26:39,532 - DEBUG - Setting heading for col: {'id': 'Purchase price', 'display': 'Purchase price', 'width': 100}
2025-05-10 18:26:39,532 - DEBUG - Setting heading for col: {'id': 'Misprint', 'display': 'Misprint', 'width': 80}
2025-05-10 18:26:39,532 - DEBUG - Setting heading for col: {'id': 'Altered', 'display': 'Altered', 'width': 80}
2025-05-10 18:26:39,532 - DEBUG - Setting heading for col: {'id': 'Condition', 'display': 'Condition', 'width': 100}
2025-05-10 18:26:39,532 - DEBUG - Setting heading for col: {'id': 'Language', 'display': 'Language', 'width': 80}
2025-05-10 18:26:39,532 - DEBUG - Setting heading for col: {'id': 'Purchase price currency', 'display': 'Purchase price currency', 'width': 150}
2025-05-10 18:26:39,532 - DEBUG - Setting heading for col: {'id': 'type_line', 'display': 'Type', 'width': 150}
2025-05-10 18:26:39,532 - DEBUG - Setting heading for col: {'id': 'mana_cost', 'display': 'Mana Cost', 'width': 100}
2025-05-10 18:26:39,532 - DEBUG - Setting heading for col: {'id': 'colors', 'display': 'Colors', 'width': 100}
2025-05-10 18:26:39,532 - DEBUG - Setting heading for col: {'id': 'color_identity', 'display': 'Color Identity', 'width': 120}
2025-05-10 18:26:39,532 - DEBUG - Setting heading for col: {'id': 'oracle_text', 'display': 'Oracle Text', 'width': 200}
2025-05-10 18:26:39,532 - DEBUG - Setting heading for col: {'id': 'legal_commander', 'display': 'Commander Legal', 'width': 120}
2025-05-10 18:26:39,532 - DEBUG - Setting heading for col: {'id': 'legal_pauper', 'display': 'Pauper Legal', 'width': 100}
2025-05-10 18:26:39,532 - DEBUG - Setting heading for col: {'id': 'cmc', 'display': 'CMC', 'width': 80}
2025-05-10 18:26:39,532 - DEBUG - Setting heading for col: {'id': 'image_url', 'display': 'Image URL', 'width': 200}
2025-05-10 18:26:39,532 - DEBUG - column_config type: <class 'dict'>
2025-05-10 18:26:39,532 - DEBUG - column_config: {'columns': [{'id': 'Name', 'display': 'Name', 'width': 150}, {'id': 'Set code', 'display': 'Set code', 'width': 100}, {'id': 'Set name', 'display': 'Set name', 'width': 150}, {'id': 'Collector number', 'display': 'Collector number', 'width': 120}, {'id': 'Foil', 'display': 'Foil', 'width': 80}, {'id': 'Rarity', 'display': 'Rarity', 'width': 100}, {'id': 'Quantity', 'display': 'Quantity', 'width': 80}, {'id': 'ManaBox ID', 'display': 'ManaBox ID', 'width': 100}, {'id': 'Scryfall ID', 'display': 'Scryfall ID', 'width': 200}, {'id': 'Purchase price', 'display': 'Purchase price', 'width': 100}, {'id': 'Misprint', 'display': 'Misprint', 'width': 80}, {'id': 'Altered', 'display': 'Altered', 'width': 80}, {'id': 'Condition', 'display': 'Condition', 'width': 100}, {'id': 'Language', 'display': 'Language', 'width': 80}, {'id': 'Purchase price currency', 'display': 'Purchase price currency', 'width': 150}, {'id': 'type_line', 'display': 'Type', 'width': 150}, {'id': 'mana_cost', 'display': 'Mana Cost', 'width': 100}, {'id': 'colors', 'display': 'Colors', 'width': 100}, {'id': 'color_identity', 'display': 'Color Identity', 'width': 120}, {'id': 'oracle_text', 'display': 'Oracle Text', 'width': 200}, {'id': 'legal_commander', 'display': 'Commander Legal', 'width': 120}, {'id': 'legal_pauper', 'display': 'Pauper Legal', 'width': 100}, {'id': 'cmc', 'display': 'CMC', 'width': 80}, {'id': 'image_url', 'display': 'Image URL', 'width': 200}]}
2025-05-10 18:26:39,533 - DEBUG - visible_cols: [{'id': 'Name', 'display': 'Name', 'width': 150}, {'id': 'Set code', 'display': 'Set code', 'width': 100}, {'id': 'Set name', 'display': 'Set name', 'width': 150}, {'id': 'Collector number', 'display': 'Collector number', 'width': 120}, {'id': 'Foil', 'display': 'Foil', 'width': 80}, {'id': 'Rarity', 'display': 'Rarity', 'width': 100}, {'id': 'Quantity', 'display': 'Quantity', 'width': 80}, {'id': 'ManaBox ID', 'display': 'ManaBox ID', 'width': 100}, {'id': 'Scryfall ID', 'display': 'Scryfall ID', 'width': 200}, {'id': 'Purchase price', 'display': 'Purchase price', 'width': 100}, {'id': 'Misprint', 'display': 'Misprint', 'width': 80}, {'id': 'Altered', 'display': 'Altered', 'width': 80}, {'id': 'Condition', 'display': 'Condition', 'width': 100}, {'id': 'Language', 'display': 'Language', 'width': 80}, {'id': 'Purchase price currency', 'display': 'Purchase price currency', 'width': 150}, {'id': 'type_line', 'display': 'Type', 'width': 150}, {'id': 'mana_cost', 'display': 'Mana Cost', 'width': 100}, {'id': 'colors', 'display': 'Colors', 'width': 100}, {'id': 'color_identity', 'display': 'Color Identity', 'width': 120}, {'id': 'oracle_text', 'display': 'Oracle Text', 'width': 200}, {'id': 'legal_commander', 'display': 'Commander Legal', 'width': 120}, {'id': 'legal_pauper', 'display': 'Pauper Legal', 'width': 100}, {'id': 'cmc', 'display': 'CMC', 'width': 80}, {'id': 'image_url', 'display': 'Image URL', 'width': 200}]
2025-05-10 18:26:39,533 - DEBUG - col_ids: ['Name', 'Set code', 'Set name', 'Collector number', 'Foil', 'Rarity', 'Quantity', 'ManaBox ID', 'Scryfall ID', 'Purchase price', 'Misprint', 'Altered', 'Condition', 'Language', 'Purchase price currency', 'type_line', 'mana_cost', 'colors', 'color_identity', 'oracle_text', 'legal_commander', 'legal_pauper', 'cmc', 'image_url']
2025-05-10 18:26:39,533 - DEBUG - Setting heading for col: {'id': 'Name', 'display': 'Name', 'width': 150}
2025-05-10 18:26:39,533 - DEBUG - Setting heading for col: {'id': 'Set code', 'display': 'Set code', 'width': 100}
2025-05-10 18:26:39,533 - DEBUG - Setting heading for col: {'id': 'Set name', 'display': 'Set name', 'width': 150}
2025-05-10 18:26:39,533 - DEBUG - Setting heading for col: {'id': 'Collector number', 'display': 'Collector number', 'width': 120}
2025-05-10 18:26:39,533 - DEBUG - Setting heading for col: {'id': 'Foil', 'display': 'Foil', 'width': 80}
2025-05-10 18:26:39,533 - DEBUG - Setting heading for col: {'id': 'Rarity', 'display': 'Rarity', 'width': 100}
2025-05-10 18:26:39,533 - DEBUG - Setting heading for col: {'id': 'Quantity', 'display': 'Quantity', 'width': 80}
2025-05-10 18:26:39,533 - DEBUG - Setting heading for col: {'id': 'ManaBox ID', 'display': 'ManaBox ID', 'width': 100}
2025-05-10 18:26:39,533 - DEBUG - Setting heading for col: {'id': 'Scryfall ID', 'display': 'Scryfall ID', 'width': 200}
2025-05-10 18:26:39,533 - DEBUG - Setting heading for col: {'id': 'Purchase price', 'display': 'Purchase price', 'width': 100}
2025-05-10 18:26:39,533 - DEBUG - Setting heading for col: {'id': 'Misprint', 'display': 'Misprint', 'width': 80}
2025-05-10 18:26:39,533 - DEBUG - Setting heading for col: {'id': 'Altered', 'display': 'Altered', 'width': 80}
2025-05-10 18:26:39,533 - DEBUG - Setting heading for col: {'id': 'Condition', 'display': 'Condition', 'width': 100}
2025-05-10 18:26:39,533 - DEBUG - Setting heading for col: {'id': 'Language', 'display': 'Language', 'width': 80}
2025-05-10 18:26:39,533 - DEBUG - Setting heading for col: {'id': 'Purchase price currency', 'display': 'Purchase price currency', 'width': 150}
2025-05-10 18:26:39,533 - DEBUG - Setting heading for col: {'id': 'type_line', 'display': 'Type', 'width': 150}
2025-05-10 18:26:39,533 - DEBUG - Setting heading for col: {'id': 'mana_cost', 'display': 'Mana Cost', 'width': 100}
2025-05-10 18:26:39,533 - DEBUG - Setting heading for col: {'id': 'colors', 'display': 'Colors', 'width': 100}
2025-05-10 18:26:39,533 - DEBUG - Setting heading for col: {'id': 'color_identity', 'display': 'Color Identity', 'width': 120}
2025-05-10 18:26:39,533 - DEBUG - Setting heading for col: {'id': 'oracle_text', 'display': 'Oracle Text', 'width': 200}
2025-05-10 18:26:39,533 - DEBUG - Setting heading for col: {'id': 'legal_commander', 'display': 'Commander Legal', 'width': 120}
2025-05-10 18:26:39,533 - DEBUG - Setting heading for col: {'id': 'legal_pauper', 'display': 'Pauper Legal', 'width': 100}
2025-05-10 18:26:39,533 - DEBUG - Setting heading for col: {'id': 'cmc', 'display': 'CMC', 'width': 80}
2025-05-10 18:26:39,533 - DEBUG - Setting heading for col: {'id': 'image_url', 'display': 'Image URL', 'width': 200}
