2025-05-11 08:13:34,094 - INFO - Logging initialized. Log file: logs/manabox_enhancer_20250511_081334.log
2025-05-11 08:13:40,117 - INFO - Attempting to load JSON file: /Users/jgleason/Development/ManaBox_Enhancer/Deck_Building.json
2025-05-11 08:13:40,125 - DEBUG - Raw JSON data length: 1601763 characters
2025-05-11 08:13:40,125 - DEBUG - First 100 characters of JSON: [
  {
    "Name": "Plains",
    "Set code": "inr",
    "Set name": "Innistrad Remastered",
    "Coll
2025-05-11 08:13:40,145 - INFO - Successfully loaded 1663 cards
2025-05-11 08:13:40,146 - DEBUG - First card structure: {
  "Name": "Plains",
  "Set code": "inr",
  "Set name": "Innistrad Remastered",
  "Collector number": "288",
  "Foil": "normal",
  "Rarity": "common",
  "Quantity": 1,
  "ManaBox ID": "",
  "Scryfall ID": "95347dba-09e9-47a3-a068-db78ba39714e",
  "Purchase price": 0.0,
  "Misprint": false,
  "Altered": false,
  "Condition": "near_mint",
  "Language": "en",
  "Purchase price currency": "USD",
  "type_line": "Basic Land \u2014 Plains",
  "mana_cost": "",
  "colors": "",
  "color_identity": "W",
  "oracle_text": "({T}: Add {W}.)",
  "legal_commander": "legal",
  "legal_pauper": "legal",
  "cmc": 0.0,
  "image_url": "https://cards.scryfall.io/normal/front/9/5/95347dba-09e9-47a3-a068-db78ba39714e.jpg?1736551487",
  "_original_order": 0
}
2025-05-11 08:13:40,148 - DEBUG - column_config type: <class 'dict'>
2025-05-11 08:13:40,149 - DEBUG - column_config: {'columns': [{'id': 'Name', 'display': 'Name', 'width': 150, 'visible': True}, {'id': 'Set code', 'display': 'Set code', 'width': 100, 'visible': True}, {'id': 'Set name', 'display': 'Set name', 'width': 317, 'visible': True}, {'id': 'Collector number', 'display': 'Collector number', 'width': 120, 'visible': True}, {'id': 'Foil', 'display': 'Foil', 'width': 80, 'visible': True}, {'id': 'Rarity', 'display': 'Rarity', 'width': 100, 'visible': True}, {'id': 'Language', 'display': 'Language', 'width': 80, 'visible': True}, {'id': 'Quantity', 'display': 'Quantity', 'width': 80, 'visible': True}, {'id': 'Whatnot price', 'display': 'Whatnot Price', 'width': 100, 'visible': True}, {'id': 'Purchase price', 'display': 'Purchase price', 'width': 100, 'visible': True}, {'id': 'Scryfall ID', 'display': 'Scryfall ID', 'width': 200, 'visible': True}, {'id': 'ManaBox ID', 'display': 'ManaBox ID', 'width': 130, 'visible': False}, {'id': 'Purchase price currency', 'display': 'Purchase price currency', 'width': 150, 'visible': True}, {'id': 'Misprint', 'display': 'Misprint', 'width': 80, 'visible': True}, {'id': 'Altered', 'display': 'Altered', 'width': 80, 'visible': True}, {'id': 'Condition', 'display': 'Condition', 'width': 100, 'visible': True}, {'id': 'type_line', 'display': 'Type', 'width': 150, 'visible': True}, {'id': 'mana_cost', 'display': 'Mana Cost', 'width': 100, 'visible': True}, {'id': 'colors', 'display': 'Colors', 'width': 100, 'visible': True}, {'id': 'color_identity', 'display': 'Color Identity', 'width': 120, 'visible': True}, {'id': 'oracle_text', 'display': 'Oracle Text', 'width': 200, 'visible': True}, {'id': 'legal_commander', 'display': 'Commander Legal', 'width': 120, 'visible': True}, {'id': 'legal_pauper', 'display': 'Pauper Legal', 'width': 100, 'visible': True}, {'id': 'cmc', 'display': 'CMC', 'width': 80, 'visible': True}, {'id': 'image_url', 'display': 'Image URL', 'width': 84, 'visible': True}]}
2025-05-11 08:13:40,150 - DEBUG - visible_cols: [{'id': 'Name', 'display': 'Name', 'width': 150, 'visible': True}, {'id': 'Set code', 'display': 'Set code', 'width': 100, 'visible': True}, {'id': 'Set name', 'display': 'Set name', 'width': 317, 'visible': True}, {'id': 'Collector number', 'display': 'Collector number', 'width': 120, 'visible': True}, {'id': 'Foil', 'display': 'Foil', 'width': 80, 'visible': True}, {'id': 'Rarity', 'display': 'Rarity', 'width': 100, 'visible': True}, {'id': 'Language', 'display': 'Language', 'width': 80, 'visible': True}, {'id': 'Quantity', 'display': 'Quantity', 'width': 80, 'visible': True}, {'id': 'Whatnot price', 'display': 'Whatnot Price', 'width': 100, 'visible': True}, {'id': 'Purchase price', 'display': 'Purchase price', 'width': 100, 'visible': True}, {'id': 'Scryfall ID', 'display': 'Scryfall ID', 'width': 200, 'visible': True}, {'id': 'Purchase price currency', 'display': 'Purchase price currency', 'width': 150, 'visible': True}, {'id': 'Misprint', 'display': 'Misprint', 'width': 80, 'visible': True}, {'id': 'Altered', 'display': 'Altered', 'width': 80, 'visible': True}, {'id': 'Condition', 'display': 'Condition', 'width': 100, 'visible': True}, {'id': 'type_line', 'display': 'Type', 'width': 150, 'visible': True}, {'id': 'mana_cost', 'display': 'Mana Cost', 'width': 100, 'visible': True}, {'id': 'colors', 'display': 'Colors', 'width': 100, 'visible': True}, {'id': 'color_identity', 'display': 'Color Identity', 'width': 120, 'visible': True}, {'id': 'oracle_text', 'display': 'Oracle Text', 'width': 200, 'visible': True}, {'id': 'legal_commander', 'display': 'Commander Legal', 'width': 120, 'visible': True}, {'id': 'legal_pauper', 'display': 'Pauper Legal', 'width': 100, 'visible': True}, {'id': 'cmc', 'display': 'CMC', 'width': 80, 'visible': True}, {'id': 'image_url', 'display': 'Image URL', 'width': 84, 'visible': True}]
2025-05-11 08:13:40,151 - DEBUG - col_ids: ['Name', 'Set code', 'Set name', 'Collector number', 'Foil', 'Rarity', 'Language', 'Quantity', 'Whatnot price', 'Purchase price', 'Scryfall ID', 'Purchase price currency', 'Misprint', 'Altered', 'Condition', 'type_line', 'mana_cost', 'colors', 'color_identity', 'oracle_text', 'legal_commander', 'legal_pauper', 'cmc', 'image_url']
2025-05-11 08:13:40,157 - DEBUG - Setting heading for col: {'id': 'Name', 'display': 'Name', 'width': 150, 'visible': True}
2025-05-11 08:13:40,157 - DEBUG - Setting heading for col: {'id': 'Set code', 'display': 'Set code', 'width': 100, 'visible': True}
2025-05-11 08:13:40,158 - DEBUG - Setting heading for col: {'id': 'Set name', 'display': 'Set name', 'width': 317, 'visible': True}
2025-05-11 08:13:40,158 - DEBUG - Setting heading for col: {'id': 'Collector number', 'display': 'Collector number', 'width': 120, 'visible': True}
2025-05-11 08:13:40,158 - DEBUG - Setting heading for col: {'id': 'Foil', 'display': 'Foil', 'width': 80, 'visible': True}
2025-05-11 08:13:40,158 - DEBUG - Setting heading for col: {'id': 'Rarity', 'display': 'Rarity', 'width': 100, 'visible': True}
2025-05-11 08:13:40,158 - DEBUG - Setting heading for col: {'id': 'Language', 'display': 'Language', 'width': 80, 'visible': True}
2025-05-11 08:13:40,158 - DEBUG - Setting heading for col: {'id': 'Quantity', 'display': 'Quantity', 'width': 80, 'visible': True}
2025-05-11 08:13:40,158 - DEBUG - Setting heading for col: {'id': 'Whatnot price', 'display': 'Whatnot Price', 'width': 100, 'visible': True}
2025-05-11 08:13:40,163 - DEBUG - Setting heading for col: {'id': 'Purchase price', 'display': 'Purchase price', 'width': 100, 'visible': True}
2025-05-11 08:13:40,163 - DEBUG - Setting heading for col: {'id': 'Scryfall ID', 'display': 'Scryfall ID', 'width': 200, 'visible': True}
2025-05-11 08:13:40,163 - DEBUG - Setting heading for col: {'id': 'Purchase price currency', 'display': 'Purchase price currency', 'width': 150, 'visible': True}
2025-05-11 08:13:40,163 - DEBUG - Setting heading for col: {'id': 'Misprint', 'display': 'Misprint', 'width': 80, 'visible': True}
2025-05-11 08:13:40,163 - DEBUG - Setting heading for col: {'id': 'Altered', 'display': 'Altered', 'width': 80, 'visible': True}
2025-05-11 08:13:40,163 - DEBUG - Setting heading for col: {'id': 'Condition', 'display': 'Condition', 'width': 100, 'visible': True}
2025-05-11 08:13:40,164 - DEBUG - Setting heading for col: {'id': 'type_line', 'display': 'Type', 'width': 150, 'visible': True}
2025-05-11 08:13:40,164 - DEBUG - Setting heading for col: {'id': 'mana_cost', 'display': 'Mana Cost', 'width': 100, 'visible': True}
2025-05-11 08:13:40,164 - DEBUG - Setting heading for col: {'id': 'colors', 'display': 'Colors', 'width': 100, 'visible': True}
2025-05-11 08:13:40,164 - DEBUG - Setting heading for col: {'id': 'color_identity', 'display': 'Color Identity', 'width': 120, 'visible': True}
2025-05-11 08:13:40,164 - DEBUG - Setting heading for col: {'id': 'oracle_text', 'display': 'Oracle Text', 'width': 200, 'visible': True}
2025-05-11 08:13:40,164 - DEBUG - Setting heading for col: {'id': 'legal_commander', 'display': 'Commander Legal', 'width': 120, 'visible': True}
2025-05-11 08:13:40,164 - DEBUG - Setting heading for col: {'id': 'legal_pauper', 'display': 'Pauper Legal', 'width': 100, 'visible': True}
2025-05-11 08:13:40,164 - DEBUG - Setting heading for col: {'id': 'cmc', 'display': 'CMC', 'width': 80, 'visible': True}
2025-05-11 08:13:40,164 - DEBUG - Setting heading for col: {'id': 'image_url', 'display': 'Image URL', 'width': 84, 'visible': True}
2025-05-11 08:13:40,166 - DEBUG - column_config type: <class 'dict'>
2025-05-11 08:13:40,166 - DEBUG - column_config: {'columns': [{'id': 'Name', 'display': 'Name', 'width': 150, 'visible': True}, {'id': 'Set code', 'display': 'Set code', 'width': 100, 'visible': True}, {'id': 'Set name', 'display': 'Set name', 'width': 317, 'visible': True}, {'id': 'Collector number', 'display': 'Collector number', 'width': 120, 'visible': True}, {'id': 'Foil', 'display': 'Foil', 'width': 80, 'visible': True}, {'id': 'Rarity', 'display': 'Rarity', 'width': 100, 'visible': True}, {'id': 'Language', 'display': 'Language', 'width': 80, 'visible': True}, {'id': 'Quantity', 'display': 'Quantity', 'width': 80, 'visible': True}, {'id': 'Whatnot price', 'display': 'Whatnot Price', 'width': 100, 'visible': True}, {'id': 'Purchase price', 'display': 'Purchase price', 'width': 100, 'visible': True}, {'id': 'Scryfall ID', 'display': 'Scryfall ID', 'width': 200, 'visible': True}, {'id': 'ManaBox ID', 'display': 'ManaBox ID', 'width': 130, 'visible': False}, {'id': 'Purchase price currency', 'display': 'Purchase price currency', 'width': 150, 'visible': True}, {'id': 'Misprint', 'display': 'Misprint', 'width': 80, 'visible': True}, {'id': 'Altered', 'display': 'Altered', 'width': 80, 'visible': True}, {'id': 'Condition', 'display': 'Condition', 'width': 100, 'visible': True}, {'id': 'type_line', 'display': 'Type', 'width': 150, 'visible': True}, {'id': 'mana_cost', 'display': 'Mana Cost', 'width': 100, 'visible': True}, {'id': 'colors', 'display': 'Colors', 'width': 100, 'visible': True}, {'id': 'color_identity', 'display': 'Color Identity', 'width': 120, 'visible': True}, {'id': 'oracle_text', 'display': 'Oracle Text', 'width': 200, 'visible': True}, {'id': 'legal_commander', 'display': 'Commander Legal', 'width': 120, 'visible': True}, {'id': 'legal_pauper', 'display': 'Pauper Legal', 'width': 100, 'visible': True}, {'id': 'cmc', 'display': 'CMC', 'width': 80, 'visible': True}, {'id': 'image_url', 'display': 'Image URL', 'width': 84, 'visible': True}]}
2025-05-11 08:13:40,167 - DEBUG - visible_cols: [{'id': 'Name', 'display': 'Name', 'width': 150, 'visible': True}, {'id': 'Set code', 'display': 'Set code', 'width': 100, 'visible': True}, {'id': 'Set name', 'display': 'Set name', 'width': 317, 'visible': True}, {'id': 'Collector number', 'display': 'Collector number', 'width': 120, 'visible': True}, {'id': 'Foil', 'display': 'Foil', 'width': 80, 'visible': True}, {'id': 'Rarity', 'display': 'Rarity', 'width': 100, 'visible': True}, {'id': 'Language', 'display': 'Language', 'width': 80, 'visible': True}, {'id': 'Quantity', 'display': 'Quantity', 'width': 80, 'visible': True}, {'id': 'Whatnot price', 'display': 'Whatnot Price', 'width': 100, 'visible': True}, {'id': 'Purchase price', 'display': 'Purchase price', 'width': 100, 'visible': True}, {'id': 'Scryfall ID', 'display': 'Scryfall ID', 'width': 200, 'visible': True}, {'id': 'Purchase price currency', 'display': 'Purchase price currency', 'width': 150, 'visible': True}, {'id': 'Misprint', 'display': 'Misprint', 'width': 80, 'visible': True}, {'id': 'Altered', 'display': 'Altered', 'width': 80, 'visible': True}, {'id': 'Condition', 'display': 'Condition', 'width': 100, 'visible': True}, {'id': 'type_line', 'display': 'Type', 'width': 150, 'visible': True}, {'id': 'mana_cost', 'display': 'Mana Cost', 'width': 100, 'visible': True}, {'id': 'colors', 'display': 'Colors', 'width': 100, 'visible': True}, {'id': 'color_identity', 'display': 'Color Identity', 'width': 120, 'visible': True}, {'id': 'oracle_text', 'display': 'Oracle Text', 'width': 200, 'visible': True}, {'id': 'legal_commander', 'display': 'Commander Legal', 'width': 120, 'visible': True}, {'id': 'legal_pauper', 'display': 'Pauper Legal', 'width': 100, 'visible': True}, {'id': 'cmc', 'display': 'CMC', 'width': 80, 'visible': True}, {'id': 'image_url', 'display': 'Image URL', 'width': 84, 'visible': True}]
2025-05-11 08:13:40,168 - DEBUG - col_ids: ['Name', 'Set code', 'Set name', 'Collector number', 'Foil', 'Rarity', 'Language', 'Quantity', 'Whatnot price', 'Purchase price', 'Scryfall ID', 'Purchase price currency', 'Misprint', 'Altered', 'Condition', 'type_line', 'mana_cost', 'colors', 'color_identity', 'oracle_text', 'legal_commander', 'legal_pauper', 'cmc', 'image_url']
2025-05-11 08:13:40,168 - DEBUG - Setting heading for col: {'id': 'Name', 'display': 'Name', 'width': 150, 'visible': True}
2025-05-11 08:13:40,168 - DEBUG - Setting heading for col: {'id': 'Set code', 'display': 'Set code', 'width': 100, 'visible': True}
2025-05-11 08:13:40,168 - DEBUG - Setting heading for col: {'id': 'Set name', 'display': 'Set name', 'width': 317, 'visible': True}
2025-05-11 08:13:40,168 - DEBUG - Setting heading for col: {'id': 'Collector number', 'display': 'Collector number', 'width': 120, 'visible': True}
2025-05-11 08:13:40,168 - DEBUG - Setting heading for col: {'id': 'Foil', 'display': 'Foil', 'width': 80, 'visible': True}
2025-05-11 08:13:40,169 - DEBUG - Setting heading for col: {'id': 'Rarity', 'display': 'Rarity', 'width': 100, 'visible': True}
2025-05-11 08:13:40,169 - DEBUG - Setting heading for col: {'id': 'Language', 'display': 'Language', 'width': 80, 'visible': True}
2025-05-11 08:13:40,169 - DEBUG - Setting heading for col: {'id': 'Quantity', 'display': 'Quantity', 'width': 80, 'visible': True}
2025-05-11 08:13:40,171 - DEBUG - Setting heading for col: {'id': 'Whatnot price', 'display': 'Whatnot Price', 'width': 100, 'visible': True}
2025-05-11 08:13:40,171 - DEBUG - Setting heading for col: {'id': 'Purchase price', 'display': 'Purchase price', 'width': 100, 'visible': True}
2025-05-11 08:13:40,171 - DEBUG - Setting heading for col: {'id': 'Scryfall ID', 'display': 'Scryfall ID', 'width': 200, 'visible': True}
2025-05-11 08:13:40,171 - DEBUG - Setting heading for col: {'id': 'Purchase price currency', 'display': 'Purchase price currency', 'width': 150, 'visible': True}
2025-05-11 08:13:40,171 - DEBUG - Setting heading for col: {'id': 'Misprint', 'display': 'Misprint', 'width': 80, 'visible': True}
2025-05-11 08:13:40,171 - DEBUG - Setting heading for col: {'id': 'Altered', 'display': 'Altered', 'width': 80, 'visible': True}
2025-05-11 08:13:40,171 - DEBUG - Setting heading for col: {'id': 'Condition', 'display': 'Condition', 'width': 100, 'visible': True}
2025-05-11 08:13:40,171 - DEBUG - Setting heading for col: {'id': 'type_line', 'display': 'Type', 'width': 150, 'visible': True}
2025-05-11 08:13:40,172 - DEBUG - Setting heading for col: {'id': 'mana_cost', 'display': 'Mana Cost', 'width': 100, 'visible': True}
2025-05-11 08:13:40,172 - DEBUG - Setting heading for col: {'id': 'colors', 'display': 'Colors', 'width': 100, 'visible': True}
2025-05-11 08:13:40,172 - DEBUG - Setting heading for col: {'id': 'color_identity', 'display': 'Color Identity', 'width': 120, 'visible': True}
2025-05-11 08:13:40,172 - DEBUG - Setting heading for col: {'id': 'oracle_text', 'display': 'Oracle Text', 'width': 200, 'visible': True}
2025-05-11 08:13:40,172 - DEBUG - Setting heading for col: {'id': 'legal_commander', 'display': 'Commander Legal', 'width': 120, 'visible': True}
2025-05-11 08:13:40,172 - DEBUG - Setting heading for col: {'id': 'legal_pauper', 'display': 'Pauper Legal', 'width': 100, 'visible': True}
2025-05-11 08:13:40,173 - DEBUG - Setting heading for col: {'id': 'cmc', 'display': 'CMC', 'width': 80, 'visible': True}
2025-05-11 08:13:40,181 - DEBUG - Setting heading for col: {'id': 'image_url', 'display': 'Image URL', 'width': 84, 'visible': True}
2025-05-11 08:14:30,373 - INFO - Starting card field updates for 1663 cards
2025-05-11 08:14:30,379 - DEBUG - Updating card 1/1663: Plains
2025-05-11 08:14:30,419 - DEBUG - Starting new HTTPS connection (1): api.scryfall.com:443
2025-05-11 08:14:30,726 - DEBUG - https://api.scryfall.com:443 "GET /cards/95347dba-09e9-47a3-a068-db78ba39714e HTTP/1.1" 200 1554
2025-05-11 08:14:30,729 - DEBUG - Updated CMC for Plains: 0.0
2025-05-11 08:14:30,729 - DEBUG - Updated mana_cost for Plains: 
2025-05-11 08:14:30,729 - DEBUG - Updated colors for Plains: 
2025-05-11 08:14:30,841 - DEBUG - Updating card 2/1663: Shrill Howler // Howling Chorus
2025-05-11 08:14:30,843 - DEBUG - Starting new HTTPS connection (1): api.scryfall.com:443
2025-05-11 08:14:31,094 - DEBUG - https://api.scryfall.com:443 "GET /cards/e414e208-2e90-4b0d-b107-7a387b3f779b HTTP/1.1" 200 2132
2025-05-11 08:14:31,140 - DEBUG - Updated CMC for Shrill Howler // Howling Chorus: 3.0
2025-05-11 08:14:31,142 - DEBUG - Updated mana_cost for Shrill Howler // Howling Chorus: 
2025-05-11 08:14:31,142 - DEBUG - Updated colors for Shrill Howler // Howling Chorus: 
2025-05-11 08:14:31,142 - DEBUG - Updated oracle_text for Shrill Howler // Howling Chorus: 
2025-05-11 08:14:31,263 - DEBUG - Updating card 3/1663: Gisa's Bidding
2025-05-11 08:14:31,266 - DEBUG - Starting new HTTPS connection (1): api.scryfall.com:443
2025-05-11 08:14:31,438 - INFO - Update cancelled by user
2025-05-11 08:14:31,525 - DEBUG - https://api.scryfall.com:443 "GET /cards/6eda8787-8f57-4894-a911-a91f92812062 HTTP/1.1" 200 1797
2025-05-11 08:14:31,531 - DEBUG - Updated CMC for Gisa's Bidding: 4.0
2025-05-11 08:14:31,620 - ERROR - Error updating Gisa's Bidding: invalid command name ".!toplevel2.!label"
2025-05-11 08:14:31,639 - ERROR - Traceback (most recent call last):
  File "/Users/jgleason/Development/ManaBox_Enhancer/manabox_enhancer_gui.py", line 659, in update_process
    status_label.config(text=f"Updating card {i+1} of {total_cards}: {card['Name']}")
  File "/Library/Frameworks/Python.framework/Versions/3.12/lib/python3.12/tkinter/__init__.py", line 1721, in configure
    return self._configure('configure', cnf, kw)
           ^^^^^^^^^^^^^^^^^^^^^^^^^^^^^^^^^^^^^
  File "/Library/Frameworks/Python.framework/Versions/3.12/lib/python3.12/tkinter/__init__.py", line 1711, in _configure
    self.tk.call(_flatten((self._w, cmd)) + self._options(cnf))
_tkinter.TclError: invalid command name ".!toplevel2.!label"

2025-05-11 08:14:31,713 - INFO - Update complete. Updated 3 cards. Errors: 1
2025-05-11 08:14:37,425 - DEBUG - column_config type: <class 'dict'>
2025-05-11 08:14:37,426 - DEBUG - column_config: {'columns': [{'id': 'Name', 'display': 'Name', 'width': 150, 'visible': True}, {'id': 'Set code', 'display': 'Set code', 'width': 63, 'visible': True}, {'id': 'Set name', 'display': 'Set name', 'width': 157, 'visible': True}, {'id': 'Collector number', 'display': 'Collector number', 'width': 95, 'visible': True}, {'id': 'Foil', 'display': 'Foil', 'width': 57, 'visible': True}, {'id': 'Rarity', 'display': 'Rarity', 'width': 90, 'visible': True}, {'id': 'Language', 'display': 'Language', 'width': 56, 'visible': True}, {'id': 'Quantity', 'display': 'Quantity', 'width': 50, 'visible': True}, {'id': 'Whatnot price', 'display': 'Whatnot Price', 'width': 89, 'visible': True}, {'id': 'Purchase price', 'display': 'Purchase price', 'width': 86, 'visible': True}, {'id': 'Scryfall ID', 'display': 'Scryfall ID', 'width': 200, 'visible': True}, {'id': 'ManaBox ID', 'display': 'ManaBox ID', 'width': 130, 'visible': True}, {'id': 'Purchase price currency', 'display': 'Purchase price currency', 'width': 150, 'visible': True}, {'id': 'Misprint', 'display': 'Misprint', 'width': 80, 'visible': True}, {'id': 'Altered', 'display': 'Altered', 'width': 80, 'visible': True}, {'id': 'Condition', 'display': 'Condition', 'width': 100, 'visible': True}, {'id': 'type_line', 'display': 'Type', 'width': 150, 'visible': True}, {'id': 'mana_cost', 'display': 'Mana Cost', 'width': 100, 'visible': True}, {'id': 'colors', 'display': 'Colors', 'width': 100, 'visible': True}, {'id': 'color_identity', 'display': 'Color Identity', 'width': 120, 'visible': True}, {'id': 'oracle_text', 'display': 'Oracle Text', 'width': 200, 'visible': True}, {'id': 'legal_commander', 'display': 'Commander Legal', 'width': 120, 'visible': True}, {'id': 'legal_pauper', 'display': 'Pauper Legal', 'width': 100, 'visible': True}, {'id': 'cmc', 'display': 'CMC', 'width': 80, 'visible': True}, {'id': 'image_url', 'display': 'Image URL', 'width': 84, 'visible': True}]}
2025-05-11 08:14:37,428 - DEBUG - visible_cols: [{'id': 'Name', 'display': 'Name', 'width': 150, 'visible': True}, {'id': 'Set code', 'display': 'Set code', 'width': 63, 'visible': True}, {'id': 'Set name', 'display': 'Set name', 'width': 157, 'visible': True}, {'id': 'Collector number', 'display': 'Collector number', 'width': 95, 'visible': True}, {'id': 'Foil', 'display': 'Foil', 'width': 57, 'visible': True}, {'id': 'Rarity', 'display': 'Rarity', 'width': 90, 'visible': True}, {'id': 'Language', 'display': 'Language', 'width': 56, 'visible': True}, {'id': 'Quantity', 'display': 'Quantity', 'width': 50, 'visible': True}, {'id': 'Whatnot price', 'display': 'Whatnot Price', 'width': 89, 'visible': True}, {'id': 'Purchase price', 'display': 'Purchase price', 'width': 86, 'visible': True}, {'id': 'Scryfall ID', 'display': 'Scryfall ID', 'width': 200, 'visible': True}, {'id': 'ManaBox ID', 'display': 'ManaBox ID', 'width': 130, 'visible': True}, {'id': 'Purchase price currency', 'display': 'Purchase price currency', 'width': 150, 'visible': True}, {'id': 'Misprint', 'display': 'Misprint', 'width': 80, 'visible': True}, {'id': 'Altered', 'display': 'Altered', 'width': 80, 'visible': True}, {'id': 'Condition', 'display': 'Condition', 'width': 100, 'visible': True}, {'id': 'type_line', 'display': 'Type', 'width': 150, 'visible': True}, {'id': 'mana_cost', 'display': 'Mana Cost', 'width': 100, 'visible': True}, {'id': 'colors', 'display': 'Colors', 'width': 100, 'visible': True}, {'id': 'color_identity', 'display': 'Color Identity', 'width': 120, 'visible': True}, {'id': 'oracle_text', 'display': 'Oracle Text', 'width': 200, 'visible': True}, {'id': 'legal_commander', 'display': 'Commander Legal', 'width': 120, 'visible': True}, {'id': 'legal_pauper', 'display': 'Pauper Legal', 'width': 100, 'visible': True}, {'id': 'cmc', 'display': 'CMC', 'width': 80, 'visible': True}, {'id': 'image_url', 'display': 'Image URL', 'width': 84, 'visible': True}]
2025-05-11 08:14:37,429 - DEBUG - col_ids: ['Name', 'Set code', 'Set name', 'Collector number', 'Foil', 'Rarity', 'Language', 'Quantity', 'Whatnot price', 'Purchase price', 'Scryfall ID', 'ManaBox ID', 'Purchase price currency', 'Misprint', 'Altered', 'Condition', 'type_line', 'mana_cost', 'colors', 'color_identity', 'oracle_text', 'legal_commander', 'legal_pauper', 'cmc', 'image_url']
2025-05-11 08:14:37,429 - DEBUG - Setting heading for col: {'id': 'Name', 'display': 'Name', 'width': 150, 'visible': True}
2025-05-11 08:14:37,429 - DEBUG - Setting heading for col: {'id': 'Set code', 'display': 'Set code', 'width': 63, 'visible': True}
2025-05-11 08:14:37,429 - DEBUG - Setting heading for col: {'id': 'Set name', 'display': 'Set name', 'width': 157, 'visible': True}
2025-05-11 08:14:37,429 - DEBUG - Setting heading for col: {'id': 'Collector number', 'display': 'Collector number', 'width': 95, 'visible': True}
2025-05-11 08:14:37,429 - DEBUG - Setting heading for col: {'id': 'Foil', 'display': 'Foil', 'width': 57, 'visible': True}
2025-05-11 08:14:37,430 - DEBUG - Setting heading for col: {'id': 'Rarity', 'display': 'Rarity', 'width': 90, 'visible': True}
2025-05-11 08:14:37,430 - DEBUG - Setting heading for col: {'id': 'Language', 'display': 'Language', 'width': 56, 'visible': True}
2025-05-11 08:14:37,430 - DEBUG - Setting heading for col: {'id': 'Quantity', 'display': 'Quantity', 'width': 50, 'visible': True}
2025-05-11 08:14:37,430 - DEBUG - Setting heading for col: {'id': 'Whatnot price', 'display': 'Whatnot Price', 'width': 89, 'visible': True}
2025-05-11 08:14:37,430 - DEBUG - Setting heading for col: {'id': 'Purchase price', 'display': 'Purchase price', 'width': 86, 'visible': True}
2025-05-11 08:14:37,430 - DEBUG - Setting heading for col: {'id': 'Scryfall ID', 'display': 'Scryfall ID', 'width': 200, 'visible': True}
2025-05-11 08:14:37,430 - DEBUG - Setting heading for col: {'id': 'ManaBox ID', 'display': 'ManaBox ID', 'width': 130, 'visible': True}
2025-05-11 08:14:37,430 - DEBUG - Setting heading for col: {'id': 'Purchase price currency', 'display': 'Purchase price currency', 'width': 150, 'visible': True}
2025-05-11 08:14:37,430 - DEBUG - Setting heading for col: {'id': 'Misprint', 'display': 'Misprint', 'width': 80, 'visible': True}
2025-05-11 08:14:37,430 - DEBUG - Setting heading for col: {'id': 'Altered', 'display': 'Altered', 'width': 80, 'visible': True}
2025-05-11 08:14:37,430 - DEBUG - Setting heading for col: {'id': 'Condition', 'display': 'Condition', 'width': 100, 'visible': True}
2025-05-11 08:14:37,430 - DEBUG - Setting heading for col: {'id': 'type_line', 'display': 'Type', 'width': 150, 'visible': True}
2025-05-11 08:14:37,430 - DEBUG - Setting heading for col: {'id': 'mana_cost', 'display': 'Mana Cost', 'width': 100, 'visible': True}
2025-05-11 08:14:37,430 - DEBUG - Setting heading for col: {'id': 'colors', 'display': 'Colors', 'width': 100, 'visible': True}
2025-05-11 08:14:37,430 - DEBUG - Setting heading for col: {'id': 'color_identity', 'display': 'Color Identity', 'width': 120, 'visible': True}
2025-05-11 08:14:37,431 - DEBUG - Setting heading for col: {'id': 'oracle_text', 'display': 'Oracle Text', 'width': 200, 'visible': True}
2025-05-11 08:14:37,431 - DEBUG - Setting heading for col: {'id': 'legal_commander', 'display': 'Commander Legal', 'width': 120, 'visible': True}
2025-05-11 08:14:37,431 - DEBUG - Setting heading for col: {'id': 'legal_pauper', 'display': 'Pauper Legal', 'width': 100, 'visible': True}
2025-05-11 08:14:37,431 - DEBUG - Setting heading for col: {'id': 'cmc', 'display': 'CMC', 'width': 80, 'visible': True}
2025-05-11 08:14:37,431 - DEBUG - Setting heading for col: {'id': 'image_url', 'display': 'Image URL', 'width': 84, 'visible': True}
2025-05-11 08:14:37,431 - DEBUG - column_config type: <class 'dict'>
2025-05-11 08:14:37,432 - DEBUG - column_config: {'columns': [{'id': 'Name', 'display': 'Name', 'width': 150, 'visible': True}, {'id': 'Set code', 'display': 'Set code', 'width': 63, 'visible': True}, {'id': 'Set name', 'display': 'Set name', 'width': 157, 'visible': True}, {'id': 'Collector number', 'display': 'Collector number', 'width': 95, 'visible': True}, {'id': 'Foil', 'display': 'Foil', 'width': 57, 'visible': True}, {'id': 'Rarity', 'display': 'Rarity', 'width': 90, 'visible': True}, {'id': 'Language', 'display': 'Language', 'width': 56, 'visible': True}, {'id': 'Quantity', 'display': 'Quantity', 'width': 50, 'visible': True}, {'id': 'Whatnot price', 'display': 'Whatnot Price', 'width': 89, 'visible': True}, {'id': 'Purchase price', 'display': 'Purchase price', 'width': 86, 'visible': True}, {'id': 'Scryfall ID', 'display': 'Scryfall ID', 'width': 200, 'visible': True}, {'id': 'ManaBox ID', 'display': 'ManaBox ID', 'width': 130, 'visible': True}, {'id': 'Purchase price currency', 'display': 'Purchase price currency', 'width': 150, 'visible': True}, {'id': 'Misprint', 'display': 'Misprint', 'width': 80, 'visible': True}, {'id': 'Altered', 'display': 'Altered', 'width': 80, 'visible': True}, {'id': 'Condition', 'display': 'Condition', 'width': 100, 'visible': True}, {'id': 'type_line', 'display': 'Type', 'width': 150, 'visible': True}, {'id': 'mana_cost', 'display': 'Mana Cost', 'width': 100, 'visible': True}, {'id': 'colors', 'display': 'Colors', 'width': 100, 'visible': True}, {'id': 'color_identity', 'display': 'Color Identity', 'width': 120, 'visible': True}, {'id': 'oracle_text', 'display': 'Oracle Text', 'width': 200, 'visible': True}, {'id': 'legal_commander', 'display': 'Commander Legal', 'width': 120, 'visible': True}, {'id': 'legal_pauper', 'display': 'Pauper Legal', 'width': 100, 'visible': True}, {'id': 'cmc', 'display': 'CMC', 'width': 80, 'visible': True}, {'id': 'image_url', 'display': 'Image URL', 'width': 84, 'visible': True}]}
2025-05-11 08:14:37,433 - DEBUG - visible_cols: [{'id': 'Name', 'display': 'Name', 'width': 150, 'visible': True}, {'id': 'Set code', 'display': 'Set code', 'width': 63, 'visible': True}, {'id': 'Set name', 'display': 'Set name', 'width': 157, 'visible': True}, {'id': 'Collector number', 'display': 'Collector number', 'width': 95, 'visible': True}, {'id': 'Foil', 'display': 'Foil', 'width': 57, 'visible': True}, {'id': 'Rarity', 'display': 'Rarity', 'width': 90, 'visible': True}, {'id': 'Language', 'display': 'Language', 'width': 56, 'visible': True}, {'id': 'Quantity', 'display': 'Quantity', 'width': 50, 'visible': True}, {'id': 'Whatnot price', 'display': 'Whatnot Price', 'width': 89, 'visible': True}, {'id': 'Purchase price', 'display': 'Purchase price', 'width': 86, 'visible': True}, {'id': 'Scryfall ID', 'display': 'Scryfall ID', 'width': 200, 'visible': True}, {'id': 'ManaBox ID', 'display': 'ManaBox ID', 'width': 130, 'visible': True}, {'id': 'Purchase price currency', 'display': 'Purchase price currency', 'width': 150, 'visible': True}, {'id': 'Misprint', 'display': 'Misprint', 'width': 80, 'visible': True}, {'id': 'Altered', 'display': 'Altered', 'width': 80, 'visible': True}, {'id': 'Condition', 'display': 'Condition', 'width': 100, 'visible': True}, {'id': 'type_line', 'display': 'Type', 'width': 150, 'visible': True}, {'id': 'mana_cost', 'display': 'Mana Cost', 'width': 100, 'visible': True}, {'id': 'colors', 'display': 'Colors', 'width': 100, 'visible': True}, {'id': 'color_identity', 'display': 'Color Identity', 'width': 120, 'visible': True}, {'id': 'oracle_text', 'display': 'Oracle Text', 'width': 200, 'visible': True}, {'id': 'legal_commander', 'display': 'Commander Legal', 'width': 120, 'visible': True}, {'id': 'legal_pauper', 'display': 'Pauper Legal', 'width': 100, 'visible': True}, {'id': 'cmc', 'display': 'CMC', 'width': 80, 'visible': True}, {'id': 'image_url', 'display': 'Image URL', 'width': 84, 'visible': True}]
2025-05-11 08:14:37,433 - DEBUG - col_ids: ['Name', 'Set code', 'Set name', 'Collector number', 'Foil', 'Rarity', 'Language', 'Quantity', 'Whatnot price', 'Purchase price', 'Scryfall ID', 'ManaBox ID', 'Purchase price currency', 'Misprint', 'Altered', 'Condition', 'type_line', 'mana_cost', 'colors', 'color_identity', 'oracle_text', 'legal_commander', 'legal_pauper', 'cmc', 'image_url']
2025-05-11 08:14:37,433 - DEBUG - Setting heading for col: {'id': 'Name', 'display': 'Name', 'width': 150, 'visible': True}
2025-05-11 08:14:37,433 - DEBUG - Setting heading for col: {'id': 'Set code', 'display': 'Set code', 'width': 63, 'visible': True}
2025-05-11 08:14:37,433 - DEBUG - Setting heading for col: {'id': 'Set name', 'display': 'Set name', 'width': 157, 'visible': True}
2025-05-11 08:14:37,433 - DEBUG - Setting heading for col: {'id': 'Collector number', 'display': 'Collector number', 'width': 95, 'visible': True}
2025-05-11 08:14:37,434 - DEBUG - Setting heading for col: {'id': 'Foil', 'display': 'Foil', 'width': 57, 'visible': True}
2025-05-11 08:14:37,434 - DEBUG - Setting heading for col: {'id': 'Rarity', 'display': 'Rarity', 'width': 90, 'visible': True}
2025-05-11 08:14:37,434 - DEBUG - Setting heading for col: {'id': 'Language', 'display': 'Language', 'width': 56, 'visible': True}
2025-05-11 08:14:37,434 - DEBUG - Setting heading for col: {'id': 'Quantity', 'display': 'Quantity', 'width': 50, 'visible': True}
2025-05-11 08:14:37,434 - DEBUG - Setting heading for col: {'id': 'Whatnot price', 'display': 'Whatnot Price', 'width': 89, 'visible': True}
2025-05-11 08:14:37,434 - DEBUG - Setting heading for col: {'id': 'Purchase price', 'display': 'Purchase price', 'width': 86, 'visible': True}
2025-05-11 08:14:37,434 - DEBUG - Setting heading for col: {'id': 'Scryfall ID', 'display': 'Scryfall ID', 'width': 200, 'visible': True}
2025-05-11 08:14:37,434 - DEBUG - Setting heading for col: {'id': 'ManaBox ID', 'display': 'ManaBox ID', 'width': 130, 'visible': True}
2025-05-11 08:14:37,434 - DEBUG - Setting heading for col: {'id': 'Purchase price currency', 'display': 'Purchase price currency', 'width': 150, 'visible': True}
2025-05-11 08:14:37,434 - DEBUG - Setting heading for col: {'id': 'Misprint', 'display': 'Misprint', 'width': 80, 'visible': True}
2025-05-11 08:14:37,434 - DEBUG - Setting heading for col: {'id': 'Altered', 'display': 'Altered', 'width': 80, 'visible': True}
2025-05-11 08:14:37,434 - DEBUG - Setting heading for col: {'id': 'Condition', 'display': 'Condition', 'width': 100, 'visible': True}
2025-05-11 08:14:37,434 - DEBUG - Setting heading for col: {'id': 'type_line', 'display': 'Type', 'width': 150, 'visible': True}
2025-05-11 08:14:37,435 - DEBUG - Setting heading for col: {'id': 'mana_cost', 'display': 'Mana Cost', 'width': 100, 'visible': True}
2025-05-11 08:14:37,435 - DEBUG - Setting heading for col: {'id': 'colors', 'display': 'Colors', 'width': 100, 'visible': True}
2025-05-11 08:14:37,435 - DEBUG - Setting heading for col: {'id': 'color_identity', 'display': 'Color Identity', 'width': 120, 'visible': True}
2025-05-11 08:14:37,435 - DEBUG - Setting heading for col: {'id': 'oracle_text', 'display': 'Oracle Text', 'width': 200, 'visible': True}
2025-05-11 08:14:37,435 - DEBUG - Setting heading for col: {'id': 'legal_commander', 'display': 'Commander Legal', 'width': 120, 'visible': True}
2025-05-11 08:14:37,435 - DEBUG - Setting heading for col: {'id': 'legal_pauper', 'display': 'Pauper Legal', 'width': 100, 'visible': True}
2025-05-11 08:14:37,435 - DEBUG - Setting heading for col: {'id': 'cmc', 'display': 'CMC', 'width': 80, 'visible': True}
2025-05-11 08:14:37,435 - DEBUG - Setting heading for col: {'id': 'image_url', 'display': 'Image URL', 'width': 84, 'visible': True}
2025-05-11 08:14:56,423 - DEBUG - column_config type: <class 'dict'>
2025-05-11 08:14:56,424 - DEBUG - column_config: {'columns': [{'id': 'Name', 'display': 'Name', 'width': 150, 'visible': True}, {'id': 'Set code', 'display': 'Set code', 'width': 63, 'visible': True}, {'id': 'Set name', 'display': 'Set name', 'width': 157, 'visible': True}, {'id': 'Collector number', 'display': 'Collector number', 'width': 95, 'visible': True}, {'id': 'Foil', 'display': 'Foil', 'width': 57, 'visible': True}, {'id': 'Rarity', 'display': 'Rarity', 'width': 90, 'visible': True}, {'id': 'Language', 'display': 'Language', 'width': 56, 'visible': True}, {'id': 'Quantity', 'display': 'Quantity', 'width': 50, 'visible': True}, {'id': 'Whatnot price', 'display': 'Whatnot Price', 'width': 89, 'visible': True}, {'id': 'Purchase price', 'display': 'Purchase price', 'width': 86, 'visible': True}, {'id': 'Scryfall ID', 'display': 'Scryfall ID', 'width': 200, 'visible': True}, {'id': 'ManaBox ID', 'display': 'ManaBox ID', 'width': 130, 'visible': False}, {'id': 'Purchase price currency', 'display': 'Purchase price currency', 'width': 150, 'visible': True}, {'id': 'Misprint', 'display': 'Misprint', 'width': 80, 'visible': True}, {'id': 'Altered', 'display': 'Altered', 'width': 80, 'visible': True}, {'id': 'Condition', 'display': 'Condition', 'width': 100, 'visible': True}, {'id': 'type_line', 'display': 'Type', 'width': 150, 'visible': True}, {'id': 'mana_cost', 'display': 'Mana Cost', 'width': 100, 'visible': True}, {'id': 'colors', 'display': 'Colors', 'width': 100, 'visible': True}, {'id': 'color_identity', 'display': 'Color Identity', 'width': 120, 'visible': True}, {'id': 'oracle_text', 'display': 'Oracle Text', 'width': 200, 'visible': True}, {'id': 'legal_commander', 'display': 'Commander Legal', 'width': 120, 'visible': True}, {'id': 'legal_pauper', 'display': 'Pauper Legal', 'width': 100, 'visible': True}, {'id': 'cmc', 'display': 'CMC', 'width': 80, 'visible': True}, {'id': 'image_url', 'display': 'Image URL', 'width': 84, 'visible': True}]}
2025-05-11 08:14:56,425 - DEBUG - visible_cols: [{'id': 'Name', 'display': 'Name', 'width': 150, 'visible': True}, {'id': 'Set code', 'display': 'Set code', 'width': 63, 'visible': True}, {'id': 'Set name', 'display': 'Set name', 'width': 157, 'visible': True}, {'id': 'Collector number', 'display': 'Collector number', 'width': 95, 'visible': True}, {'id': 'Foil', 'display': 'Foil', 'width': 57, 'visible': True}, {'id': 'Rarity', 'display': 'Rarity', 'width': 90, 'visible': True}, {'id': 'Language', 'display': 'Language', 'width': 56, 'visible': True}, {'id': 'Quantity', 'display': 'Quantity', 'width': 50, 'visible': True}, {'id': 'Whatnot price', 'display': 'Whatnot Price', 'width': 89, 'visible': True}, {'id': 'Purchase price', 'display': 'Purchase price', 'width': 86, 'visible': True}, {'id': 'Scryfall ID', 'display': 'Scryfall ID', 'width': 200, 'visible': True}, {'id': 'Purchase price currency', 'display': 'Purchase price currency', 'width': 150, 'visible': True}, {'id': 'Misprint', 'display': 'Misprint', 'width': 80, 'visible': True}, {'id': 'Altered', 'display': 'Altered', 'width': 80, 'visible': True}, {'id': 'Condition', 'display': 'Condition', 'width': 100, 'visible': True}, {'id': 'type_line', 'display': 'Type', 'width': 150, 'visible': True}, {'id': 'mana_cost', 'display': 'Mana Cost', 'width': 100, 'visible': True}, {'id': 'colors', 'display': 'Colors', 'width': 100, 'visible': True}, {'id': 'color_identity', 'display': 'Color Identity', 'width': 120, 'visible': True}, {'id': 'oracle_text', 'display': 'Oracle Text', 'width': 200, 'visible': True}, {'id': 'legal_commander', 'display': 'Commander Legal', 'width': 120, 'visible': True}, {'id': 'legal_pauper', 'display': 'Pauper Legal', 'width': 100, 'visible': True}, {'id': 'cmc', 'display': 'CMC', 'width': 80, 'visible': True}, {'id': 'image_url', 'display': 'Image URL', 'width': 84, 'visible': True}]
2025-05-11 08:14:56,425 - DEBUG - col_ids: ['Name', 'Set code', 'Set name', 'Collector number', 'Foil', 'Rarity', 'Language', 'Quantity', 'Whatnot price', 'Purchase price', 'Scryfall ID', 'Purchase price currency', 'Misprint', 'Altered', 'Condition', 'type_line', 'mana_cost', 'colors', 'color_identity', 'oracle_text', 'legal_commander', 'legal_pauper', 'cmc', 'image_url']
2025-05-11 08:14:56,425 - DEBUG - Setting heading for col: {'id': 'Name', 'display': 'Name', 'width': 150, 'visible': True}
2025-05-11 08:14:56,426 - DEBUG - Setting heading for col: {'id': 'Set code', 'display': 'Set code', 'width': 63, 'visible': True}
2025-05-11 08:14:56,426 - DEBUG - Setting heading for col: {'id': 'Set name', 'display': 'Set name', 'width': 157, 'visible': True}
2025-05-11 08:14:56,426 - DEBUG - Setting heading for col: {'id': 'Collector number', 'display': 'Collector number', 'width': 95, 'visible': True}
2025-05-11 08:14:56,426 - DEBUG - Setting heading for col: {'id': 'Foil', 'display': 'Foil', 'width': 57, 'visible': True}
2025-05-11 08:14:56,426 - DEBUG - Setting heading for col: {'id': 'Rarity', 'display': 'Rarity', 'width': 90, 'visible': True}
2025-05-11 08:14:56,426 - DEBUG - Setting heading for col: {'id': 'Language', 'display': 'Language', 'width': 56, 'visible': True}
2025-05-11 08:14:56,426 - DEBUG - Setting heading for col: {'id': 'Quantity', 'display': 'Quantity', 'width': 50, 'visible': True}
2025-05-11 08:14:56,426 - DEBUG - Setting heading for col: {'id': 'Whatnot price', 'display': 'Whatnot Price', 'width': 89, 'visible': True}
2025-05-11 08:14:56,426 - DEBUG - Setting heading for col: {'id': 'Purchase price', 'display': 'Purchase price', 'width': 86, 'visible': True}
2025-05-11 08:14:56,426 - DEBUG - Setting heading for col: {'id': 'Scryfall ID', 'display': 'Scryfall ID', 'width': 200, 'visible': True}
2025-05-11 08:14:56,426 - DEBUG - Setting heading for col: {'id': 'Purchase price currency', 'display': 'Purchase price currency', 'width': 150, 'visible': True}
2025-05-11 08:14:56,426 - DEBUG - Setting heading for col: {'id': 'Misprint', 'display': 'Misprint', 'width': 80, 'visible': True}
2025-05-11 08:14:56,426 - DEBUG - Setting heading for col: {'id': 'Altered', 'display': 'Altered', 'width': 80, 'visible': True}
2025-05-11 08:14:56,426 - DEBUG - Setting heading for col: {'id': 'Condition', 'display': 'Condition', 'width': 100, 'visible': True}
2025-05-11 08:14:56,426 - DEBUG - Setting heading for col: {'id': 'type_line', 'display': 'Type', 'width': 150, 'visible': True}
2025-05-11 08:14:56,427 - DEBUG - Setting heading for col: {'id': 'mana_cost', 'display': 'Mana Cost', 'width': 100, 'visible': True}
2025-05-11 08:14:56,427 - DEBUG - Setting heading for col: {'id': 'colors', 'display': 'Colors', 'width': 100, 'visible': True}
2025-05-11 08:14:56,427 - DEBUG - Setting heading for col: {'id': 'color_identity', 'display': 'Color Identity', 'width': 120, 'visible': True}
2025-05-11 08:14:56,427 - DEBUG - Setting heading for col: {'id': 'oracle_text', 'display': 'Oracle Text', 'width': 200, 'visible': True}
2025-05-11 08:14:56,427 - DEBUG - Setting heading for col: {'id': 'legal_commander', 'display': 'Commander Legal', 'width': 120, 'visible': True}
2025-05-11 08:14:56,427 - DEBUG - Setting heading for col: {'id': 'legal_pauper', 'display': 'Pauper Legal', 'width': 100, 'visible': True}
2025-05-11 08:14:56,427 - DEBUG - Setting heading for col: {'id': 'cmc', 'display': 'CMC', 'width': 80, 'visible': True}
2025-05-11 08:14:56,427 - DEBUG - Setting heading for col: {'id': 'image_url', 'display': 'Image URL', 'width': 84, 'visible': True}
2025-05-11 08:14:56,429 - DEBUG - column_config type: <class 'dict'>
2025-05-11 08:14:56,429 - DEBUG - column_config: {'columns': [{'id': 'Name', 'display': 'Name', 'width': 150, 'visible': True}, {'id': 'Set code', 'display': 'Set code', 'width': 63, 'visible': True}, {'id': 'Set name', 'display': 'Set name', 'width': 157, 'visible': True}, {'id': 'Collector number', 'display': 'Collector number', 'width': 95, 'visible': True}, {'id': 'Foil', 'display': 'Foil', 'width': 57, 'visible': True}, {'id': 'Rarity', 'display': 'Rarity', 'width': 90, 'visible': True}, {'id': 'Language', 'display': 'Language', 'width': 56, 'visible': True}, {'id': 'Quantity', 'display': 'Quantity', 'width': 50, 'visible': True}, {'id': 'Whatnot price', 'display': 'Whatnot Price', 'width': 89, 'visible': True}, {'id': 'Purchase price', 'display': 'Purchase price', 'width': 86, 'visible': True}, {'id': 'Scryfall ID', 'display': 'Scryfall ID', 'width': 200, 'visible': True}, {'id': 'ManaBox ID', 'display': 'ManaBox ID', 'width': 130, 'visible': False}, {'id': 'Purchase price currency', 'display': 'Purchase price currency', 'width': 150, 'visible': True}, {'id': 'Misprint', 'display': 'Misprint', 'width': 80, 'visible': True}, {'id': 'Altered', 'display': 'Altered', 'width': 80, 'visible': True}, {'id': 'Condition', 'display': 'Condition', 'width': 100, 'visible': True}, {'id': 'type_line', 'display': 'Type', 'width': 150, 'visible': True}, {'id': 'mana_cost', 'display': 'Mana Cost', 'width': 100, 'visible': True}, {'id': 'colors', 'display': 'Colors', 'width': 100, 'visible': True}, {'id': 'color_identity', 'display': 'Color Identity', 'width': 120, 'visible': True}, {'id': 'oracle_text', 'display': 'Oracle Text', 'width': 200, 'visible': True}, {'id': 'legal_commander', 'display': 'Commander Legal', 'width': 120, 'visible': True}, {'id': 'legal_pauper', 'display': 'Pauper Legal', 'width': 100, 'visible': True}, {'id': 'cmc', 'display': 'CMC', 'width': 80, 'visible': True}, {'id': 'image_url', 'display': 'Image URL', 'width': 84, 'visible': True}]}
2025-05-11 08:14:56,430 - DEBUG - visible_cols: [{'id': 'Name', 'display': 'Name', 'width': 150, 'visible': True}, {'id': 'Set code', 'display': 'Set code', 'width': 63, 'visible': True}, {'id': 'Set name', 'display': 'Set name', 'width': 157, 'visible': True}, {'id': 'Collector number', 'display': 'Collector number', 'width': 95, 'visible': True}, {'id': 'Foil', 'display': 'Foil', 'width': 57, 'visible': True}, {'id': 'Rarity', 'display': 'Rarity', 'width': 90, 'visible': True}, {'id': 'Language', 'display': 'Language', 'width': 56, 'visible': True}, {'id': 'Quantity', 'display': 'Quantity', 'width': 50, 'visible': True}, {'id': 'Whatnot price', 'display': 'Whatnot Price', 'width': 89, 'visible': True}, {'id': 'Purchase price', 'display': 'Purchase price', 'width': 86, 'visible': True}, {'id': 'Scryfall ID', 'display': 'Scryfall ID', 'width': 200, 'visible': True}, {'id': 'Purchase price currency', 'display': 'Purchase price currency', 'width': 150, 'visible': True}, {'id': 'Misprint', 'display': 'Misprint', 'width': 80, 'visible': True}, {'id': 'Altered', 'display': 'Altered', 'width': 80, 'visible': True}, {'id': 'Condition', 'display': 'Condition', 'width': 100, 'visible': True}, {'id': 'type_line', 'display': 'Type', 'width': 150, 'visible': True}, {'id': 'mana_cost', 'display': 'Mana Cost', 'width': 100, 'visible': True}, {'id': 'colors', 'display': 'Colors', 'width': 100, 'visible': True}, {'id': 'color_identity', 'display': 'Color Identity', 'width': 120, 'visible': True}, {'id': 'oracle_text', 'display': 'Oracle Text', 'width': 200, 'visible': True}, {'id': 'legal_commander', 'display': 'Commander Legal', 'width': 120, 'visible': True}, {'id': 'legal_pauper', 'display': 'Pauper Legal', 'width': 100, 'visible': True}, {'id': 'cmc', 'display': 'CMC', 'width': 80, 'visible': True}, {'id': 'image_url', 'display': 'Image URL', 'width': 84, 'visible': True}]
2025-05-11 08:14:56,431 - DEBUG - col_ids: ['Name', 'Set code', 'Set name', 'Collector number', 'Foil', 'Rarity', 'Language', 'Quantity', 'Whatnot price', 'Purchase price', 'Scryfall ID', 'Purchase price currency', 'Misprint', 'Altered', 'Condition', 'type_line', 'mana_cost', 'colors', 'color_identity', 'oracle_text', 'legal_commander', 'legal_pauper', 'cmc', 'image_url']
2025-05-11 08:14:56,431 - DEBUG - Setting heading for col: {'id': 'Name', 'display': 'Name', 'width': 150, 'visible': True}
2025-05-11 08:14:56,431 - DEBUG - Setting heading for col: {'id': 'Set code', 'display': 'Set code', 'width': 63, 'visible': True}
2025-05-11 08:14:56,431 - DEBUG - Setting heading for col: {'id': 'Set name', 'display': 'Set name', 'width': 157, 'visible': True}
2025-05-11 08:14:56,431 - DEBUG - Setting heading for col: {'id': 'Collector number', 'display': 'Collector number', 'width': 95, 'visible': True}
2025-05-11 08:14:56,431 - DEBUG - Setting heading for col: {'id': 'Foil', 'display': 'Foil', 'width': 57, 'visible': True}
2025-05-11 08:14:56,431 - DEBUG - Setting heading for col: {'id': 'Rarity', 'display': 'Rarity', 'width': 90, 'visible': True}
2025-05-11 08:14:56,431 - DEBUG - Setting heading for col: {'id': 'Language', 'display': 'Language', 'width': 56, 'visible': True}
2025-05-11 08:14:56,431 - DEBUG - Setting heading for col: {'id': 'Quantity', 'display': 'Quantity', 'width': 50, 'visible': True}
2025-05-11 08:14:56,431 - DEBUG - Setting heading for col: {'id': 'Whatnot price', 'display': 'Whatnot Price', 'width': 89, 'visible': True}
2025-05-11 08:14:56,431 - DEBUG - Setting heading for col: {'id': 'Purchase price', 'display': 'Purchase price', 'width': 86, 'visible': True}
2025-05-11 08:14:56,431 - DEBUG - Setting heading for col: {'id': 'Scryfall ID', 'display': 'Scryfall ID', 'width': 200, 'visible': True}
2025-05-11 08:14:56,431 - DEBUG - Setting heading for col: {'id': 'Purchase price currency', 'display': 'Purchase price currency', 'width': 150, 'visible': True}
2025-05-11 08:14:56,431 - DEBUG - Setting heading for col: {'id': 'Misprint', 'display': 'Misprint', 'width': 80, 'visible': True}
2025-05-11 08:14:56,431 - DEBUG - Setting heading for col: {'id': 'Altered', 'display': 'Altered', 'width': 80, 'visible': True}
2025-05-11 08:14:56,431 - DEBUG - Setting heading for col: {'id': 'Condition', 'display': 'Condition', 'width': 100, 'visible': True}
2025-05-11 08:14:56,431 - DEBUG - Setting heading for col: {'id': 'type_line', 'display': 'Type', 'width': 150, 'visible': True}
2025-05-11 08:14:56,432 - DEBUG - Setting heading for col: {'id': 'mana_cost', 'display': 'Mana Cost', 'width': 100, 'visible': True}
2025-05-11 08:14:56,432 - DEBUG - Setting heading for col: {'id': 'colors', 'display': 'Colors', 'width': 100, 'visible': True}
2025-05-11 08:14:56,432 - DEBUG - Setting heading for col: {'id': 'color_identity', 'display': 'Color Identity', 'width': 120, 'visible': True}
2025-05-11 08:14:56,432 - DEBUG - Setting heading for col: {'id': 'oracle_text', 'display': 'Oracle Text', 'width': 200, 'visible': True}
2025-05-11 08:14:56,432 - DEBUG - Setting heading for col: {'id': 'legal_commander', 'display': 'Commander Legal', 'width': 120, 'visible': True}
2025-05-11 08:14:56,432 - DEBUG - Setting heading for col: {'id': 'legal_pauper', 'display': 'Pauper Legal', 'width': 100, 'visible': True}
2025-05-11 08:14:56,432 - DEBUG - Setting heading for col: {'id': 'cmc', 'display': 'CMC', 'width': 80, 'visible': True}
2025-05-11 08:14:56,432 - DEBUG - Setting heading for col: {'id': 'image_url', 'display': 'Image URL', 'width': 84, 'visible': True}
2025-05-11 08:15:03,790 - DEBUG - column_config type: <class 'dict'>
2025-05-11 08:15:03,791 - DEBUG - column_config: {'columns': [{'id': 'Name', 'display': 'Name', 'width': 150, 'visible': True}, {'id': 'Set code', 'display': 'Set code', 'width': 63, 'visible': True}, {'id': 'Set name', 'display': 'Set name', 'width': 157, 'visible': True}, {'id': 'Collector number', 'display': 'Collector number', 'width': 95, 'visible': True}, {'id': 'Foil', 'display': 'Foil', 'width': 57, 'visible': True}, {'id': 'Rarity', 'display': 'Rarity', 'width': 90, 'visible': True}, {'id': 'Language', 'display': 'Language', 'width': 56, 'visible': True}, {'id': 'Quantity', 'display': 'Quantity', 'width': 50, 'visible': True}, {'id': 'Whatnot price', 'display': 'Whatnot Price', 'width': 89, 'visible': True}, {'id': 'Purchase price', 'display': 'Purchase price', 'width': 86, 'visible': True}, {'id': 'Scryfall ID', 'display': 'Scryfall ID', 'width': 200, 'visible': True}, {'id': 'ManaBox ID', 'display': 'ManaBox ID', 'width': 130, 'visible': True}, {'id': 'Purchase price currency', 'display': 'Purchase price currency', 'width': 150, 'visible': True}, {'id': 'Misprint', 'display': 'Misprint', 'width': 80, 'visible': True}, {'id': 'Altered', 'display': 'Altered', 'width': 80, 'visible': True}, {'id': 'Condition', 'display': 'Condition', 'width': 100, 'visible': True}, {'id': 'type_line', 'display': 'Type', 'width': 150, 'visible': True}, {'id': 'mana_cost', 'display': 'Mana Cost', 'width': 100, 'visible': True}, {'id': 'colors', 'display': 'Colors', 'width': 100, 'visible': True}, {'id': 'color_identity', 'display': 'Color Identity', 'width': 120, 'visible': True}, {'id': 'oracle_text', 'display': 'Oracle Text', 'width': 200, 'visible': True}, {'id': 'legal_commander', 'display': 'Commander Legal', 'width': 120, 'visible': True}, {'id': 'legal_pauper', 'display': 'Pauper Legal', 'width': 100, 'visible': True}, {'id': 'cmc', 'display': 'CMC', 'width': 80, 'visible': True}, {'id': 'image_url', 'display': 'Image URL', 'width': 84, 'visible': True}]}
2025-05-11 08:15:03,791 - DEBUG - visible_cols: [{'id': 'Name', 'display': 'Name', 'width': 150, 'visible': True}, {'id': 'Set code', 'display': 'Set code', 'width': 63, 'visible': True}, {'id': 'Set name', 'display': 'Set name', 'width': 157, 'visible': True}, {'id': 'Collector number', 'display': 'Collector number', 'width': 95, 'visible': True}, {'id': 'Foil', 'display': 'Foil', 'width': 57, 'visible': True}, {'id': 'Rarity', 'display': 'Rarity', 'width': 90, 'visible': True}, {'id': 'Language', 'display': 'Language', 'width': 56, 'visible': True}, {'id': 'Quantity', 'display': 'Quantity', 'width': 50, 'visible': True}, {'id': 'Whatnot price', 'display': 'Whatnot Price', 'width': 89, 'visible': True}, {'id': 'Purchase price', 'display': 'Purchase price', 'width': 86, 'visible': True}, {'id': 'Scryfall ID', 'display': 'Scryfall ID', 'width': 200, 'visible': True}, {'id': 'ManaBox ID', 'display': 'ManaBox ID', 'width': 130, 'visible': True}, {'id': 'Purchase price currency', 'display': 'Purchase price currency', 'width': 150, 'visible': True}, {'id': 'Misprint', 'display': 'Misprint', 'width': 80, 'visible': True}, {'id': 'Altered', 'display': 'Altered', 'width': 80, 'visible': True}, {'id': 'Condition', 'display': 'Condition', 'width': 100, 'visible': True}, {'id': 'type_line', 'display': 'Type', 'width': 150, 'visible': True}, {'id': 'mana_cost', 'display': 'Mana Cost', 'width': 100, 'visible': True}, {'id': 'colors', 'display': 'Colors', 'width': 100, 'visible': True}, {'id': 'color_identity', 'display': 'Color Identity', 'width': 120, 'visible': True}, {'id': 'oracle_text', 'display': 'Oracle Text', 'width': 200, 'visible': True}, {'id': 'legal_commander', 'display': 'Commander Legal', 'width': 120, 'visible': True}, {'id': 'legal_pauper', 'display': 'Pauper Legal', 'width': 100, 'visible': True}, {'id': 'cmc', 'display': 'CMC', 'width': 80, 'visible': True}, {'id': 'image_url', 'display': 'Image URL', 'width': 84, 'visible': True}]
2025-05-11 08:15:03,791 - DEBUG - col_ids: ['Name', 'Set code', 'Set name', 'Collector number', 'Foil', 'Rarity', 'Language', 'Quantity', 'Whatnot price', 'Purchase price', 'Scryfall ID', 'ManaBox ID', 'Purchase price currency', 'Misprint', 'Altered', 'Condition', 'type_line', 'mana_cost', 'colors', 'color_identity', 'oracle_text', 'legal_commander', 'legal_pauper', 'cmc', 'image_url']
2025-05-11 08:15:03,792 - DEBUG - Setting heading for col: {'id': 'Name', 'display': 'Name', 'width': 150, 'visible': True}
2025-05-11 08:15:03,792 - DEBUG - Setting heading for col: {'id': 'Set code', 'display': 'Set code', 'width': 63, 'visible': True}
2025-05-11 08:15:03,792 - DEBUG - Setting heading for col: {'id': 'Set name', 'display': 'Set name', 'width': 157, 'visible': True}
2025-05-11 08:15:03,792 - DEBUG - Setting heading for col: {'id': 'Collector number', 'display': 'Collector number', 'width': 95, 'visible': True}
2025-05-11 08:15:03,792 - DEBUG - Setting heading for col: {'id': 'Foil', 'display': 'Foil', 'width': 57, 'visible': True}
2025-05-11 08:15:03,792 - DEBUG - Setting heading for col: {'id': 'Rarity', 'display': 'Rarity', 'width': 90, 'visible': True}
2025-05-11 08:15:03,792 - DEBUG - Setting heading for col: {'id': 'Language', 'display': 'Language', 'width': 56, 'visible': True}
2025-05-11 08:15:03,793 - DEBUG - Setting heading for col: {'id': 'Quantity', 'display': 'Quantity', 'width': 50, 'visible': True}
2025-05-11 08:15:03,799 - DEBUG - Setting heading for col: {'id': 'Whatnot price', 'display': 'Whatnot Price', 'width': 89, 'visible': True}
2025-05-11 08:15:03,800 - DEBUG - Setting heading for col: {'id': 'Purchase price', 'display': 'Purchase price', 'width': 86, 'visible': True}
2025-05-11 08:15:03,800 - DEBUG - Setting heading for col: {'id': 'Scryfall ID', 'display': 'Scryfall ID', 'width': 200, 'visible': True}
2025-05-11 08:15:03,800 - DEBUG - Setting heading for col: {'id': 'ManaBox ID', 'display': 'ManaBox ID', 'width': 130, 'visible': True}
2025-05-11 08:15:03,800 - DEBUG - Setting heading for col: {'id': 'Purchase price currency', 'display': 'Purchase price currency', 'width': 150, 'visible': True}
2025-05-11 08:15:03,800 - DEBUG - Setting heading for col: {'id': 'Misprint', 'display': 'Misprint', 'width': 80, 'visible': True}
2025-05-11 08:15:03,800 - DEBUG - Setting heading for col: {'id': 'Altered', 'display': 'Altered', 'width': 80, 'visible': True}
2025-05-11 08:15:03,800 - DEBUG - Setting heading for col: {'id': 'Condition', 'display': 'Condition', 'width': 100, 'visible': True}
2025-05-11 08:15:03,809 - DEBUG - Setting heading for col: {'id': 'type_line', 'display': 'Type', 'width': 150, 'visible': True}
2025-05-11 08:15:03,809 - DEBUG - Setting heading for col: {'id': 'mana_cost', 'display': 'Mana Cost', 'width': 100, 'visible': True}
2025-05-11 08:15:03,809 - DEBUG - Setting heading for col: {'id': 'colors', 'display': 'Colors', 'width': 100, 'visible': True}
2025-05-11 08:15:03,809 - DEBUG - Setting heading for col: {'id': 'color_identity', 'display': 'Color Identity', 'width': 120, 'visible': True}
2025-05-11 08:15:03,809 - DEBUG - Setting heading for col: {'id': 'oracle_text', 'display': 'Oracle Text', 'width': 200, 'visible': True}
2025-05-11 08:15:03,809 - DEBUG - Setting heading for col: {'id': 'legal_commander', 'display': 'Commander Legal', 'width': 120, 'visible': True}
2025-05-11 08:15:03,809 - DEBUG - Setting heading for col: {'id': 'legal_pauper', 'display': 'Pauper Legal', 'width': 100, 'visible': True}
2025-05-11 08:15:03,809 - DEBUG - Setting heading for col: {'id': 'cmc', 'display': 'CMC', 'width': 80, 'visible': True}
2025-05-11 08:15:03,809 - DEBUG - Setting heading for col: {'id': 'image_url', 'display': 'Image URL', 'width': 84, 'visible': True}
2025-05-11 08:15:03,810 - DEBUG - column_config type: <class 'dict'>
2025-05-11 08:15:03,810 - DEBUG - column_config: {'columns': [{'id': 'Name', 'display': 'Name', 'width': 150, 'visible': True}, {'id': 'Set code', 'display': 'Set code', 'width': 63, 'visible': True}, {'id': 'Set name', 'display': 'Set name', 'width': 157, 'visible': True}, {'id': 'Collector number', 'display': 'Collector number', 'width': 95, 'visible': True}, {'id': 'Foil', 'display': 'Foil', 'width': 57, 'visible': True}, {'id': 'Rarity', 'display': 'Rarity', 'width': 90, 'visible': True}, {'id': 'Language', 'display': 'Language', 'width': 56, 'visible': True}, {'id': 'Quantity', 'display': 'Quantity', 'width': 50, 'visible': True}, {'id': 'Whatnot price', 'display': 'Whatnot Price', 'width': 89, 'visible': True}, {'id': 'Purchase price', 'display': 'Purchase price', 'width': 86, 'visible': True}, {'id': 'Scryfall ID', 'display': 'Scryfall ID', 'width': 200, 'visible': True}, {'id': 'ManaBox ID', 'display': 'ManaBox ID', 'width': 130, 'visible': True}, {'id': 'Purchase price currency', 'display': 'Purchase price currency', 'width': 150, 'visible': True}, {'id': 'Misprint', 'display': 'Misprint', 'width': 80, 'visible': True}, {'id': 'Altered', 'display': 'Altered', 'width': 80, 'visible': True}, {'id': 'Condition', 'display': 'Condition', 'width': 100, 'visible': True}, {'id': 'type_line', 'display': 'Type', 'width': 150, 'visible': True}, {'id': 'mana_cost', 'display': 'Mana Cost', 'width': 100, 'visible': True}, {'id': 'colors', 'display': 'Colors', 'width': 100, 'visible': True}, {'id': 'color_identity', 'display': 'Color Identity', 'width': 120, 'visible': True}, {'id': 'oracle_text', 'display': 'Oracle Text', 'width': 200, 'visible': True}, {'id': 'legal_commander', 'display': 'Commander Legal', 'width': 120, 'visible': True}, {'id': 'legal_pauper', 'display': 'Pauper Legal', 'width': 100, 'visible': True}, {'id': 'cmc', 'display': 'CMC', 'width': 80, 'visible': True}, {'id': 'image_url', 'display': 'Image URL', 'width': 84, 'visible': True}]}
2025-05-11 08:15:03,811 - DEBUG - visible_cols: [{'id': 'Name', 'display': 'Name', 'width': 150, 'visible': True}, {'id': 'Set code', 'display': 'Set code', 'width': 63, 'visible': True}, {'id': 'Set name', 'display': 'Set name', 'width': 157, 'visible': True}, {'id': 'Collector number', 'display': 'Collector number', 'width': 95, 'visible': True}, {'id': 'Foil', 'display': 'Foil', 'width': 57, 'visible': True}, {'id': 'Rarity', 'display': 'Rarity', 'width': 90, 'visible': True}, {'id': 'Language', 'display': 'Language', 'width': 56, 'visible': True}, {'id': 'Quantity', 'display': 'Quantity', 'width': 50, 'visible': True}, {'id': 'Whatnot price', 'display': 'Whatnot Price', 'width': 89, 'visible': True}, {'id': 'Purchase price', 'display': 'Purchase price', 'width': 86, 'visible': True}, {'id': 'Scryfall ID', 'display': 'Scryfall ID', 'width': 200, 'visible': True}, {'id': 'ManaBox ID', 'display': 'ManaBox ID', 'width': 130, 'visible': True}, {'id': 'Purchase price currency', 'display': 'Purchase price currency', 'width': 150, 'visible': True}, {'id': 'Misprint', 'display': 'Misprint', 'width': 80, 'visible': True}, {'id': 'Altered', 'display': 'Altered', 'width': 80, 'visible': True}, {'id': 'Condition', 'display': 'Condition', 'width': 100, 'visible': True}, {'id': 'type_line', 'display': 'Type', 'width': 150, 'visible': True}, {'id': 'mana_cost', 'display': 'Mana Cost', 'width': 100, 'visible': True}, {'id': 'colors', 'display': 'Colors', 'width': 100, 'visible': True}, {'id': 'color_identity', 'display': 'Color Identity', 'width': 120, 'visible': True}, {'id': 'oracle_text', 'display': 'Oracle Text', 'width': 200, 'visible': True}, {'id': 'legal_commander', 'display': 'Commander Legal', 'width': 120, 'visible': True}, {'id': 'legal_pauper', 'display': 'Pauper Legal', 'width': 100, 'visible': True}, {'id': 'cmc', 'display': 'CMC', 'width': 80, 'visible': True}, {'id': 'image_url', 'display': 'Image URL', 'width': 84, 'visible': True}]
2025-05-11 08:15:03,812 - DEBUG - col_ids: ['Name', 'Set code', 'Set name', 'Collector number', 'Foil', 'Rarity', 'Language', 'Quantity', 'Whatnot price', 'Purchase price', 'Scryfall ID', 'ManaBox ID', 'Purchase price currency', 'Misprint', 'Altered', 'Condition', 'type_line', 'mana_cost', 'colors', 'color_identity', 'oracle_text', 'legal_commander', 'legal_pauper', 'cmc', 'image_url']
2025-05-11 08:15:03,813 - DEBUG - Setting heading for col: {'id': 'Name', 'display': 'Name', 'width': 150, 'visible': True}
2025-05-11 08:15:03,813 - DEBUG - Setting heading for col: {'id': 'Set code', 'display': 'Set code', 'width': 63, 'visible': True}
2025-05-11 08:15:03,813 - DEBUG - Setting heading for col: {'id': 'Set name', 'display': 'Set name', 'width': 157, 'visible': True}
2025-05-11 08:15:03,813 - DEBUG - Setting heading for col: {'id': 'Collector number', 'display': 'Collector number', 'width': 95, 'visible': True}
2025-05-11 08:15:03,813 - DEBUG - Setting heading for col: {'id': 'Foil', 'display': 'Foil', 'width': 57, 'visible': True}
2025-05-11 08:15:03,813 - DEBUG - Setting heading for col: {'id': 'Rarity', 'display': 'Rarity', 'width': 90, 'visible': True}
2025-05-11 08:15:03,813 - DEBUG - Setting heading for col: {'id': 'Language', 'display': 'Language', 'width': 56, 'visible': True}
2025-05-11 08:15:03,813 - DEBUG - Setting heading for col: {'id': 'Quantity', 'display': 'Quantity', 'width': 50, 'visible': True}
2025-05-11 08:15:03,813 - DEBUG - Setting heading for col: {'id': 'Whatnot price', 'display': 'Whatnot Price', 'width': 89, 'visible': True}
2025-05-11 08:15:03,814 - DEBUG - Setting heading for col: {'id': 'Purchase price', 'display': 'Purchase price', 'width': 86, 'visible': True}
2025-05-11 08:15:03,814 - DEBUG - Setting heading for col: {'id': 'Scryfall ID', 'display': 'Scryfall ID', 'width': 200, 'visible': True}
2025-05-11 08:15:03,814 - DEBUG - Setting heading for col: {'id': 'ManaBox ID', 'display': 'ManaBox ID', 'width': 130, 'visible': True}
2025-05-11 08:15:03,814 - DEBUG - Setting heading for col: {'id': 'Purchase price currency', 'display': 'Purchase price currency', 'width': 150, 'visible': True}
2025-05-11 08:15:03,814 - DEBUG - Setting heading for col: {'id': 'Misprint', 'display': 'Misprint', 'width': 80, 'visible': True}
2025-05-11 08:15:03,814 - DEBUG - Setting heading for col: {'id': 'Altered', 'display': 'Altered', 'width': 80, 'visible': True}
2025-05-11 08:15:03,814 - DEBUG - Setting heading for col: {'id': 'Condition', 'display': 'Condition', 'width': 100, 'visible': True}
2025-05-11 08:15:03,814 - DEBUG - Setting heading for col: {'id': 'type_line', 'display': 'Type', 'width': 150, 'visible': True}
2025-05-11 08:15:03,814 - DEBUG - Setting heading for col: {'id': 'mana_cost', 'display': 'Mana Cost', 'width': 100, 'visible': True}
2025-05-11 08:15:03,814 - DEBUG - Setting heading for col: {'id': 'colors', 'display': 'Colors', 'width': 100, 'visible': True}
2025-05-11 08:15:03,814 - DEBUG - Setting heading for col: {'id': 'color_identity', 'display': 'Color Identity', 'width': 120, 'visible': True}
2025-05-11 08:15:03,814 - DEBUG - Setting heading for col: {'id': 'oracle_text', 'display': 'Oracle Text', 'width': 200, 'visible': True}
2025-05-11 08:15:03,814 - DEBUG - Setting heading for col: {'id': 'legal_commander', 'display': 'Commander Legal', 'width': 120, 'visible': True}
2025-05-11 08:15:03,814 - DEBUG - Setting heading for col: {'id': 'legal_pauper', 'display': 'Pauper Legal', 'width': 100, 'visible': True}
2025-05-11 08:15:03,814 - DEBUG - Setting heading for col: {'id': 'cmc', 'display': 'CMC', 'width': 80, 'visible': True}
2025-05-11 08:15:03,814 - DEBUG - Setting heading for col: {'id': 'image_url', 'display': 'Image URL', 'width': 84, 'visible': True}
2025-05-11 08:15:11,205 - INFO - Starting card field updates for 1663 cards
2025-05-11 08:15:11,213 - DEBUG - Updating card 1/1663: Plains
2025-05-11 08:15:11,248 - DEBUG - Starting new HTTPS connection (1): api.scryfall.com:443
2025-05-11 08:15:11,512 - DEBUG - https://api.scryfall.com:443 "GET /cards/95347dba-09e9-47a3-a068-db78ba39714e HTTP/1.1" 200 1554
2025-05-11 08:15:11,514 - DEBUG - Updated CMC for Plains: 0.0
2025-05-11 08:15:11,514 - DEBUG - Updated mana_cost for Plains: 
2025-05-11 08:15:11,514 - DEBUG - Updated colors for Plains: 
2025-05-11 08:15:11,637 - DEBUG - Updating card 2/1663: Shrill Howler // Howling Chorus
2025-05-11 08:15:11,639 - DEBUG - Starting new HTTPS connection (1): api.scryfall.com:443
2025-05-11 08:15:12,212 - DEBUG - https://api.scryfall.com:443 "GET /cards/e414e208-2e90-4b0d-b107-7a387b3f779b HTTP/1.1" 200 2132
2025-05-11 08:15:12,261 - DEBUG - Updated CMC for Shrill Howler // Howling Chorus: 3.0
2025-05-11 08:15:12,261 - DEBUG - Updated mana_cost for Shrill Howler // Howling Chorus: 
2025-05-11 08:15:12,261 - DEBUG - Updated colors for Shrill Howler // Howling Chorus: 
2025-05-11 08:15:12,261 - DEBUG - Updated oracle_text for Shrill Howler // Howling Chorus: 
2025-05-11 08:15:12,370 - DEBUG - Updating card 3/1663: Gisa's Bidding
2025-05-11 08:15:12,377 - DEBUG - Starting new HTTPS connection (1): api.scryfall.com:443
2025-05-11 08:15:12,488 - INFO - Update cancelled by user
2025-05-11 08:15:12,603 - DEBUG - https://api.scryfall.com:443 "GET /cards/6eda8787-8f57-4894-a911-a91f92812062 HTTP/1.1" 200 1797
2025-05-11 08:15:12,631 - DEBUG - Updated CMC for Gisa's Bidding: 4.0
2025-05-11 08:15:12,632 - ERROR - Error updating Gisa's Bidding: invalid command name ".!toplevel6.!label"
2025-05-11 08:15:12,633 - ERROR - Traceback (most recent call last):
  File "/Users/jgleason/Development/ManaBox_Enhancer/manabox_enhancer_gui.py", line 659, in update_process
    status_label.config(text=f"Updating card {i+1} of {total_cards}: {card['Name']}")
  File "/Library/Frameworks/Python.framework/Versions/3.12/lib/python3.12/tkinter/__init__.py", line 1721, in configure
    return self._configure('configure', cnf, kw)
           ^^^^^^^^^^^^^^^^^^^^^^^^^^^^^^^^^^^^^
  File "/Library/Frameworks/Python.framework/Versions/3.12/lib/python3.12/tkinter/__init__.py", line 1711, in _configure
    self.tk.call(_flatten((self._w, cmd)) + self._options(cnf))
_tkinter.TclError: invalid command name ".!toplevel6.!label"

2025-05-11 08:15:12,634 - INFO - Update complete. Updated 3 cards. Errors: 1
