2025-05-11 14:46:57,572 - INFO - Logging initialized. Log file: logs/manabox_enhancer_20250511_144657.log
2025-05-11 14:47:10,731 - INFO - Attempting to load JSON file: /Users/jgleason/Development/ManaBox_Enhancer/Deck_Building.json
2025-05-11 14:47:10,734 - DEBUG - Raw JSON data length: 1601763 characters
2025-05-11 14:47:10,734 - DEBUG - First 100 characters of JSON: [
  {
    "Name": "Plains",
    "Set code": "inr",
    "Set name": "Innistrad Remastered",
    "Coll
2025-05-11 14:47:10,743 - INFO - Successfully loaded 1663 cards
2025-05-11 14:47:10,744 - DEBUG - First card structure: {
  "Name": "Plains",
  "Set code": "inr",
  "Set name": "Innistrad Remastered",
  "Collector number": "288",
  "Foil": "normal",
  "Rarity": "common",
  "Quantity": 1,
  "ManaBox ID": "",
  "Scryfall ID": "95347dba-09e9-47a3-a068-db78ba39714e",
  "Purchase price": 0.0,
  "Misprint": false,
  "Altered": false,
  "Condition": "near_mint",
  "Language": "en",
  "Purchase price currency": "USD",
  "type_line": "Basic Land \u2014 Plains",
  "mana_cost": "",
  "colors": "",
  "color_identity": "W",
  "oracle_text": "({T}: Add {W}.)",
  "legal_commander": "legal",
  "legal_pauper": "legal",
  "cmc": 0.0,
  "image_url": "https://cards.scryfall.io/normal/front/9/5/95347dba-09e9-47a3-a068-db78ba39714e.jpg?1736551487",
  "_original_order": 0
}
2025-05-11 14:47:21,460 - DEBUG - Starting new HTTPS connection (1): cards.scryfall.io:443
2025-05-11 14:47:21,723 - DEBUG - https://cards.scryfall.io:443 "GET /normal/front/d/8/d8d050c1-ae0c-46c1-8aa7-7cde4606105b.jpg?1736468136 HTTP/1.1" 200 97714
