2025-05-16 06:53:34,785 - INFO - Logging initialized. Log file: logs/manabox_enhancer_20250516_065334.log
2025-05-16 06:54:20,496 - INFO - Attempting to load JSON file: /Users/jgleason/Development/ManaBox_Enhancer/Sinlges_for_Sale.json
2025-05-16 06:54:20,498 - DEBUG - Raw JSON data length: 1216828 characters
2025-05-16 06:54:20,499 - DEBUG - First 100 characters of JSON: [
  {
    "Name": "Paradise Plume",
    "Set code": "TSR",
    "Set name": "Time Spiral Remastered",
2025-05-16 06:54:20,506 - INFO - Successfully loaded 1165 cards
2025-05-16 06:54:20,506 - DEBUG - First card structure: {
  "Name": "Paradise Plume",
  "Set code": "TSR",
  "Set name": "Time Spiral Remastered",
  "Collector number": "271",
  "Foil": "normal",
  "Rarity": "uncommon",
  "Quantity": 1,
  "ManaBox ID": 57815,
  "Scryfall ID": "b794e97e-8b2c-4bde-8028-4348de5aec83",
  "Purchase price": "$0.25",
  "Misprint": false,
  "Altered": false,
  "Condition": "near_mint",
  "Language": "en",
  "Purchase price currency": "USD",
  "type_line": "Artifact",
  "mana_cost": "{4}",
  "colors": "",
  "color_identity": "",
  "oracle_text": "As this artifact enters, choose a color.\nWhenever a player casts a spell of the chosen color, you may gain 1 life.\n{T}: Add one mana of the chosen color.",
  "legal_commander": "legal",
  "legal_pauper": "not_legal",
  "image_url": "https://cards.scryfall.io/normal/front/b/7/b794e97e-8b2c-4bde-8028-4348de5aec83.jpg?1619399015",
  "_original_order": 0,
  "quantity": "",
  "cmc": 4.0,
  "Whatnot price": "$1"
}
2025-05-16 06:54:32,406 - INFO - Starting card field updates for 1165 cards
2025-05-16 06:54:32,408 - DEBUG - Updating card 1/1165: Paradise Plume
2025-05-16 06:54:32,419 - DEBUG - Starting new HTTPS connection (1): api.scryfall.com:443
2025-05-16 06:54:33,240 - DEBUG - https://api.scryfall.com:443 "GET /cards/b794e97e-8b2c-4bde-8028-4348de5aec83 HTTP/1.1" 200 1686
2025-05-16 06:54:33,241 - DEBUG - Updated CMC for Paradise Plume: 4.0
2025-05-16 06:54:33,241 - DEBUG - Updated colors for Paradise Plume: 
2025-05-16 06:54:33,241 - DEBUG - Updated color_identity for Paradise Plume: 
2025-05-16 06:54:33,358 - DEBUG - Updating card 2/1165: Mana Tithe
2025-05-16 06:54:33,361 - DEBUG - Starting new HTTPS connection (1): api.scryfall.com:443
2025-05-16 06:54:33,887 - DEBUG - https://api.scryfall.com:443 "GET /cards/9ae707d5-d81d-4320-b947-6016dc188898 HTTP/1.1" 200 1721
2025-05-16 06:54:33,890 - DEBUG - Updated CMC for Mana Tithe: 1.0
2025-05-16 06:54:33,922 - INFO - Update cancelled by user
2025-05-16 06:54:34,007 - INFO - Update complete. Updated 2 cards. Errors: 0
