2025-05-11 12:28:33,893 - INFO - Logging initialized. Log file: logs/manabox_enhancer_20250511_122833.log
2025-05-11 12:28:43,380 - INFO - Attempting to load JSON file: /Users/jgleason/Development/ManaBox_Enhancer/Deck_Building.json
2025-05-11 12:28:43,383 - DEBUG - Raw JSON data length: 1601763 characters
2025-05-11 12:28:43,383 - DEBUG - First 100 characters of JSON: [
  {
    "Name": "Plains",
    "Set code": "inr",
    "Set name": "Innistrad Remastered",
    "Coll
2025-05-11 12:28:43,392 - INFO - Successfully loaded 1663 cards
2025-05-11 12:28:43,392 - DEBUG - First card structure: {
  "Name": "Plains",
  "Set code": "inr",
  "Set name": "Innistrad Remastered",
  "Collector number": "288",
  "Foil": "normal",
  "Rarity": "common",
  "Quantity": 1,
  "ManaBox ID": "",
  "Scryfall ID": "95347dba-09e9-47a3-a068-db78ba39714e",
  "Purchase price": 0.0,
  "Misprint": false,
  "Altered": false,
  "Condition": "near_mint",
  "Language": "en",
  "Purchase price currency": "USD",
  "type_line": "Basic Land \u2014 Plains",
  "mana_cost": "",
  "colors": "",
  "color_identity": "W",
  "oracle_text": "({T}: Add {W}.)",
  "legal_commander": "legal",
  "legal_pauper": "legal",
  "cmc": 0.0,
  "image_url": "https://cards.scryfall.io/normal/front/9/5/95347dba-09e9-47a3-a068-db78ba39714e.jpg?1736551487",
  "_original_order": 0
}
2025-05-11 12:28:43,392 - DEBUG - column_config type: <class 'dict'>
2025-05-11 12:28:43,393 - DEBUG - column_config: {'columns': [{'id': 'Name', 'display': 'Name', 'width': 150, 'visible': True}, {'id': 'Set code', 'display': 'Set code', 'width': 63, 'visible': True}, {'id': 'Set name', 'display': 'Set name', 'width': 157, 'visible': True}, {'id': 'Collector number', 'display': 'Collector number', 'width': 95, 'visible': True}, {'id': 'Foil', 'display': 'Foil', 'width': 57, 'visible': True}, {'id': 'Rarity', 'display': 'Rarity', 'width': 90, 'visible': True}, {'id': 'Language', 'display': 'Language', 'width': 56, 'visible': True}, {'id': 'Quantity', 'display': 'Quantity', 'width': 50, 'visible': True}, {'id': 'Whatnot price', 'display': 'Whatnot Price', 'width': 89, 'visible': True}, {'id': 'Purchase price', 'display': 'Purchase price', 'width': 86, 'visible': True}, {'id': 'Scryfall ID', 'display': 'Scryfall ID', 'width': 200, 'visible': True}, {'id': 'ManaBox ID', 'display': 'ManaBox ID', 'width': 130, 'visible': True}, {'id': 'Purchase price currency', 'display': 'Purchase price currency', 'width': 150, 'visible': True}, {'id': 'Misprint', 'display': 'Misprint', 'width': 80, 'visible': True}, {'id': 'Altered', 'display': 'Altered', 'width': 80, 'visible': True}, {'id': 'Condition', 'display': 'Condition', 'width': 100, 'visible': True}, {'id': 'type_line', 'display': 'Type', 'width': 150, 'visible': True}, {'id': 'mana_cost', 'display': 'Mana Cost', 'width': 100, 'visible': True}, {'id': 'colors', 'display': 'Colors', 'width': 100, 'visible': True}, {'id': 'color_identity', 'display': 'Color Identity', 'width': 120, 'visible': True}, {'id': 'oracle_text', 'display': 'Oracle Text', 'width': 200, 'visible': True}, {'id': 'legal_commander', 'display': 'Commander Legal', 'width': 120, 'visible': True}, {'id': 'legal_pauper', 'display': 'Pauper Legal', 'width': 100, 'visible': True}, {'id': 'cmc', 'display': 'CMC', 'width': 80, 'visible': True}, {'id': 'image_url', 'display': 'Image URL', 'width': 84, 'visible': True}]}
2025-05-11 12:28:43,393 - DEBUG - visible_cols: [{'id': 'Name', 'display': 'Name', 'width': 150, 'visible': True}, {'id': 'Set code', 'display': 'Set code', 'width': 63, 'visible': True}, {'id': 'Set name', 'display': 'Set name', 'width': 157, 'visible': True}, {'id': 'Collector number', 'display': 'Collector number', 'width': 95, 'visible': True}, {'id': 'Foil', 'display': 'Foil', 'width': 57, 'visible': True}, {'id': 'Rarity', 'display': 'Rarity', 'width': 90, 'visible': True}, {'id': 'Language', 'display': 'Language', 'width': 56, 'visible': True}, {'id': 'Quantity', 'display': 'Quantity', 'width': 50, 'visible': True}, {'id': 'Whatnot price', 'display': 'Whatnot Price', 'width': 89, 'visible': True}, {'id': 'Purchase price', 'display': 'Purchase price', 'width': 86, 'visible': True}, {'id': 'Scryfall ID', 'display': 'Scryfall ID', 'width': 200, 'visible': True}, {'id': 'ManaBox ID', 'display': 'ManaBox ID', 'width': 130, 'visible': True}, {'id': 'Purchase price currency', 'display': 'Purchase price currency', 'width': 150, 'visible': True}, {'id': 'Misprint', 'display': 'Misprint', 'width': 80, 'visible': True}, {'id': 'Altered', 'display': 'Altered', 'width': 80, 'visible': True}, {'id': 'Condition', 'display': 'Condition', 'width': 100, 'visible': True}, {'id': 'type_line', 'display': 'Type', 'width': 150, 'visible': True}, {'id': 'mana_cost', 'display': 'Mana Cost', 'width': 100, 'visible': True}, {'id': 'colors', 'display': 'Colors', 'width': 100, 'visible': True}, {'id': 'color_identity', 'display': 'Color Identity', 'width': 120, 'visible': True}, {'id': 'oracle_text', 'display': 'Oracle Text', 'width': 200, 'visible': True}, {'id': 'legal_commander', 'display': 'Commander Legal', 'width': 120, 'visible': True}, {'id': 'legal_pauper', 'display': 'Pauper Legal', 'width': 100, 'visible': True}, {'id': 'cmc', 'display': 'CMC', 'width': 80, 'visible': True}, {'id': 'image_url', 'display': 'Image URL', 'width': 84, 'visible': True}]
2025-05-11 12:28:43,393 - DEBUG - col_ids: ['Name', 'Set code', 'Set name', 'Collector number', 'Foil', 'Rarity', 'Language', 'Quantity', 'Whatnot price', 'Purchase price', 'Scryfall ID', 'ManaBox ID', 'Purchase price currency', 'Misprint', 'Altered', 'Condition', 'type_line', 'mana_cost', 'colors', 'color_identity', 'oracle_text', 'legal_commander', 'legal_pauper', 'cmc', 'image_url']
2025-05-11 12:28:43,393 - DEBUG - Setting heading for col: {'id': 'Name', 'display': 'Name', 'width': 150, 'visible': True}
2025-05-11 12:28:43,393 - DEBUG - Setting heading for col: {'id': 'Set code', 'display': 'Set code', 'width': 63, 'visible': True}
2025-05-11 12:28:43,393 - DEBUG - Setting heading for col: {'id': 'Set name', 'display': 'Set name', 'width': 157, 'visible': True}
2025-05-11 12:28:43,393 - DEBUG - Setting heading for col: {'id': 'Collector number', 'display': 'Collector number', 'width': 95, 'visible': True}
2025-05-11 12:28:43,393 - DEBUG - Setting heading for col: {'id': 'Foil', 'display': 'Foil', 'width': 57, 'visible': True}
2025-05-11 12:28:43,393 - DEBUG - Setting heading for col: {'id': 'Rarity', 'display': 'Rarity', 'width': 90, 'visible': True}
2025-05-11 12:28:43,393 - DEBUG - Setting heading for col: {'id': 'Language', 'display': 'Language', 'width': 56, 'visible': True}
2025-05-11 12:28:43,393 - DEBUG - Setting heading for col: {'id': 'Quantity', 'display': 'Quantity', 'width': 50, 'visible': True}
2025-05-11 12:28:43,393 - DEBUG - Setting heading for col: {'id': 'Whatnot price', 'display': 'Whatnot Price', 'width': 89, 'visible': True}
2025-05-11 12:28:43,393 - DEBUG - Setting heading for col: {'id': 'Purchase price', 'display': 'Purchase price', 'width': 86, 'visible': True}
2025-05-11 12:28:43,393 - DEBUG - Setting heading for col: {'id': 'Scryfall ID', 'display': 'Scryfall ID', 'width': 200, 'visible': True}
2025-05-11 12:28:43,393 - DEBUG - Setting heading for col: {'id': 'ManaBox ID', 'display': 'ManaBox ID', 'width': 130, 'visible': True}
2025-05-11 12:28:43,393 - DEBUG - Setting heading for col: {'id': 'Purchase price currency', 'display': 'Purchase price currency', 'width': 150, 'visible': True}
2025-05-11 12:28:43,393 - DEBUG - Setting heading for col: {'id': 'Misprint', 'display': 'Misprint', 'width': 80, 'visible': True}
2025-05-11 12:28:43,393 - DEBUG - Setting heading for col: {'id': 'Altered', 'display': 'Altered', 'width': 80, 'visible': True}
2025-05-11 12:28:43,393 - DEBUG - Setting heading for col: {'id': 'Condition', 'display': 'Condition', 'width': 100, 'visible': True}
2025-05-11 12:28:43,393 - DEBUG - Setting heading for col: {'id': 'type_line', 'display': 'Type', 'width': 150, 'visible': True}
2025-05-11 12:28:43,393 - DEBUG - Setting heading for col: {'id': 'mana_cost', 'display': 'Mana Cost', 'width': 100, 'visible': True}
2025-05-11 12:28:43,394 - DEBUG - Setting heading for col: {'id': 'colors', 'display': 'Colors', 'width': 100, 'visible': True}
2025-05-11 12:28:43,394 - DEBUG - Setting heading for col: {'id': 'color_identity', 'display': 'Color Identity', 'width': 120, 'visible': True}
2025-05-11 12:28:43,394 - DEBUG - Setting heading for col: {'id': 'oracle_text', 'display': 'Oracle Text', 'width': 200, 'visible': True}
2025-05-11 12:28:43,394 - DEBUG - Setting heading for col: {'id': 'legal_commander', 'display': 'Commander Legal', 'width': 120, 'visible': True}
2025-05-11 12:28:43,394 - DEBUG - Setting heading for col: {'id': 'legal_pauper', 'display': 'Pauper Legal', 'width': 100, 'visible': True}
2025-05-11 12:28:43,394 - DEBUG - Setting heading for col: {'id': 'cmc', 'display': 'CMC', 'width': 80, 'visible': True}
2025-05-11 12:28:43,394 - DEBUG - Setting heading for col: {'id': 'image_url', 'display': 'Image URL', 'width': 84, 'visible': True}
2025-05-11 12:30:03,224 - INFO - Column configuration saved successfully
2025-05-11 12:30:03,225 - DEBUG - column_config type: <class 'dict'>
2025-05-11 12:30:03,225 - DEBUG - column_config: {'columns': [{'id': 'Name', 'display': 'Name', 'width': 150, 'visible': True}, {'id': 'Set code', 'display': 'Set code', 'width': 63, 'visible': True}, {'id': 'Set name', 'display': 'Set name', 'width': 157, 'visible': True}, {'id': 'Collector number', 'display': 'Collector number', 'width': 95, 'visible': True}, {'id': 'Foil', 'display': 'Foil', 'width': 57, 'visible': True}, {'id': 'Rarity', 'display': 'Rarity', 'width': 90, 'visible': True}, {'id': 'Language', 'display': 'Language', 'width': 56, 'visible': True}, {'id': 'Quantity', 'display': 'Quantity', 'width': 50, 'visible': True}, {'id': 'Whatnot price', 'display': 'Whatnot Price', 'width': 89, 'visible': True}, {'id': 'Purchase price', 'display': 'Purchase price', 'width': 86, 'visible': True}, {'id': 'Scryfall ID', 'display': 'Scryfall ID', 'width': 200, 'visible': True}, {'id': 'ManaBox ID', 'display': 'ManaBox ID', 'width': 130, 'visible': True}, {'id': 'Purchase price currency', 'display': 'Purchase price currency', 'width': 150, 'visible': True}, {'id': 'Misprint', 'display': 'Misprint', 'width': 80, 'visible': True}, {'id': 'Altered', 'display': 'Altered', 'width': 80, 'visible': True}, {'id': 'Condition', 'display': 'Condition', 'width': 100, 'visible': True}, {'id': 'type_line', 'display': 'Type', 'width': 150, 'visible': True}, {'id': 'mana_cost', 'display': 'Mana Cost', 'width': 100, 'visible': True}, {'id': 'colors', 'display': 'Colors', 'width': 100, 'visible': True}, {'id': 'color_identity', 'display': 'Color Identity', 'width': 120, 'visible': True}, {'id': 'oracle_text', 'display': 'Oracle Text', 'width': 200, 'visible': True}, {'id': 'legal_commander', 'display': 'Commander Legal', 'width': 120, 'visible': True}, {'id': 'legal_pauper', 'display': 'Pauper Legal', 'width': 100, 'visible': True}, {'id': 'cmc', 'display': 'CMC', 'width': 80, 'visible': True}, {'id': 'image_url', 'display': 'Image URL', 'width': 84, 'visible': True}]}
2025-05-11 12:30:03,226 - DEBUG - visible_cols: [{'id': 'Name', 'display': 'Name', 'width': 150, 'visible': True}, {'id': 'Set code', 'display': 'Set code', 'width': 63, 'visible': True}, {'id': 'Set name', 'display': 'Set name', 'width': 157, 'visible': True}, {'id': 'Collector number', 'display': 'Collector number', 'width': 95, 'visible': True}, {'id': 'Foil', 'display': 'Foil', 'width': 57, 'visible': True}, {'id': 'Rarity', 'display': 'Rarity', 'width': 90, 'visible': True}, {'id': 'Language', 'display': 'Language', 'width': 56, 'visible': True}, {'id': 'Quantity', 'display': 'Quantity', 'width': 50, 'visible': True}, {'id': 'Whatnot price', 'display': 'Whatnot Price', 'width': 89, 'visible': True}, {'id': 'Purchase price', 'display': 'Purchase price', 'width': 86, 'visible': True}, {'id': 'Scryfall ID', 'display': 'Scryfall ID', 'width': 200, 'visible': True}, {'id': 'ManaBox ID', 'display': 'ManaBox ID', 'width': 130, 'visible': True}, {'id': 'Purchase price currency', 'display': 'Purchase price currency', 'width': 150, 'visible': True}, {'id': 'Misprint', 'display': 'Misprint', 'width': 80, 'visible': True}, {'id': 'Altered', 'display': 'Altered', 'width': 80, 'visible': True}, {'id': 'Condition', 'display': 'Condition', 'width': 100, 'visible': True}, {'id': 'type_line', 'display': 'Type', 'width': 150, 'visible': True}, {'id': 'mana_cost', 'display': 'Mana Cost', 'width': 100, 'visible': True}, {'id': 'colors', 'display': 'Colors', 'width': 100, 'visible': True}, {'id': 'color_identity', 'display': 'Color Identity', 'width': 120, 'visible': True}, {'id': 'oracle_text', 'display': 'Oracle Text', 'width': 200, 'visible': True}, {'id': 'legal_commander', 'display': 'Commander Legal', 'width': 120, 'visible': True}, {'id': 'legal_pauper', 'display': 'Pauper Legal', 'width': 100, 'visible': True}, {'id': 'cmc', 'display': 'CMC', 'width': 80, 'visible': True}, {'id': 'image_url', 'display': 'Image URL', 'width': 84, 'visible': True}]
2025-05-11 12:30:03,226 - DEBUG - col_ids: ['Name', 'Set code', 'Set name', 'Collector number', 'Foil', 'Rarity', 'Language', 'Quantity', 'Whatnot price', 'Purchase price', 'Scryfall ID', 'ManaBox ID', 'Purchase price currency', 'Misprint', 'Altered', 'Condition', 'type_line', 'mana_cost', 'colors', 'color_identity', 'oracle_text', 'legal_commander', 'legal_pauper', 'cmc', 'image_url']
2025-05-11 12:30:03,226 - DEBUG - Setting heading for col: {'id': 'Name', 'display': 'Name', 'width': 150, 'visible': True}
2025-05-11 12:30:03,226 - DEBUG - Setting heading for col: {'id': 'Set code', 'display': 'Set code', 'width': 63, 'visible': True}
2025-05-11 12:30:03,226 - DEBUG - Setting heading for col: {'id': 'Set name', 'display': 'Set name', 'width': 157, 'visible': True}
2025-05-11 12:30:03,227 - DEBUG - Setting heading for col: {'id': 'Collector number', 'display': 'Collector number', 'width': 95, 'visible': True}
2025-05-11 12:30:03,227 - DEBUG - Setting heading for col: {'id': 'Foil', 'display': 'Foil', 'width': 57, 'visible': True}
2025-05-11 12:30:03,227 - DEBUG - Setting heading for col: {'id': 'Rarity', 'display': 'Rarity', 'width': 90, 'visible': True}
2025-05-11 12:30:03,227 - DEBUG - Setting heading for col: {'id': 'Language', 'display': 'Language', 'width': 56, 'visible': True}
2025-05-11 12:30:03,227 - DEBUG - Setting heading for col: {'id': 'Quantity', 'display': 'Quantity', 'width': 50, 'visible': True}
2025-05-11 12:30:03,227 - DEBUG - Setting heading for col: {'id': 'Whatnot price', 'display': 'Whatnot Price', 'width': 89, 'visible': True}
2025-05-11 12:30:03,227 - DEBUG - Setting heading for col: {'id': 'Purchase price', 'display': 'Purchase price', 'width': 86, 'visible': True}
2025-05-11 12:30:03,227 - DEBUG - Setting heading for col: {'id': 'Scryfall ID', 'display': 'Scryfall ID', 'width': 200, 'visible': True}
2025-05-11 12:30:03,227 - DEBUG - Setting heading for col: {'id': 'ManaBox ID', 'display': 'ManaBox ID', 'width': 130, 'visible': True}
2025-05-11 12:30:03,227 - DEBUG - Setting heading for col: {'id': 'Purchase price currency', 'display': 'Purchase price currency', 'width': 150, 'visible': True}
2025-05-11 12:30:03,227 - DEBUG - Setting heading for col: {'id': 'Misprint', 'display': 'Misprint', 'width': 80, 'visible': True}
2025-05-11 12:30:03,227 - DEBUG - Setting heading for col: {'id': 'Altered', 'display': 'Altered', 'width': 80, 'visible': True}
2025-05-11 12:30:03,227 - DEBUG - Setting heading for col: {'id': 'Condition', 'display': 'Condition', 'width': 100, 'visible': True}
2025-05-11 12:30:03,227 - DEBUG - Setting heading for col: {'id': 'type_line', 'display': 'Type', 'width': 150, 'visible': True}
2025-05-11 12:30:03,227 - DEBUG - Setting heading for col: {'id': 'mana_cost', 'display': 'Mana Cost', 'width': 100, 'visible': True}
2025-05-11 12:30:03,227 - DEBUG - Setting heading for col: {'id': 'colors', 'display': 'Colors', 'width': 100, 'visible': True}
2025-05-11 12:30:03,228 - DEBUG - Setting heading for col: {'id': 'color_identity', 'display': 'Color Identity', 'width': 120, 'visible': True}
2025-05-11 12:30:03,228 - DEBUG - Setting heading for col: {'id': 'oracle_text', 'display': 'Oracle Text', 'width': 200, 'visible': True}
2025-05-11 12:30:03,228 - DEBUG - Setting heading for col: {'id': 'legal_commander', 'display': 'Commander Legal', 'width': 120, 'visible': True}
2025-05-11 12:30:03,228 - DEBUG - Setting heading for col: {'id': 'legal_pauper', 'display': 'Pauper Legal', 'width': 100, 'visible': True}
2025-05-11 12:30:03,228 - DEBUG - Setting heading for col: {'id': 'cmc', 'display': 'CMC', 'width': 80, 'visible': True}
2025-05-11 12:30:03,228 - DEBUG - Setting heading for col: {'id': 'image_url', 'display': 'Image URL', 'width': 84, 'visible': True}
2025-05-11 12:30:22,471 - INFO - Column configuration saved successfully
2025-05-11 12:30:22,472 - DEBUG - column_config type: <class 'dict'>
2025-05-11 12:30:22,472 - DEBUG - column_config: {'columns': [{'id': 'Name', 'display': 'Name', 'width': 150, 'visible': True}, {'id': 'Set code', 'display': 'Set code', 'width': 63, 'visible': True}, {'id': 'Set name', 'display': 'Set name', 'width': 157, 'visible': True}, {'id': 'Collector number', 'display': 'Collector number', 'width': 95, 'visible': True}, {'id': 'Foil', 'display': 'Foil', 'width': 57, 'visible': True}, {'id': 'Rarity', 'display': 'Rarity', 'width': 90, 'visible': True}, {'id': 'Language', 'display': 'Language', 'width': 56, 'visible': True}, {'id': 'Quantity', 'display': 'Quantity', 'width': 50, 'visible': True}, {'id': 'Whatnot price', 'display': 'Whatnot Price', 'width': 89, 'visible': True}, {'id': 'Purchase price', 'display': 'Purchase price', 'width': 86, 'visible': True}, {'id': 'Scryfall ID', 'display': 'Scryfall ID', 'width': 200, 'visible': True}, {'id': 'ManaBox ID', 'display': 'ManaBox ID', 'width': 130, 'visible': True}, {'id': 'Purchase price currency', 'display': 'Purchase price currency', 'width': 150, 'visible': True}, {'id': 'Misprint', 'display': 'Misprint', 'width': 80, 'visible': True}, {'id': 'Altered', 'display': 'Altered', 'width': 80, 'visible': True}, {'id': 'Condition', 'display': 'Condition', 'width': 100, 'visible': True}, {'id': 'type_line', 'display': 'Type', 'width': 150, 'visible': True}, {'id': 'mana_cost', 'display': 'Mana Cost', 'width': 100, 'visible': True}, {'id': 'colors', 'display': 'Colors', 'width': 100, 'visible': True}, {'id': 'color_identity', 'display': 'Color Identity', 'width': 120, 'visible': True}, {'id': 'oracle_text', 'display': 'Oracle Text', 'width': 200, 'visible': True}, {'id': 'legal_commander', 'display': 'Commander Legal', 'width': 120, 'visible': True}, {'id': 'legal_pauper', 'display': 'Pauper Legal', 'width': 100, 'visible': True}, {'id': 'cmc', 'display': 'CMC', 'width': 80, 'visible': True}, {'id': 'image_url', 'display': 'Image URL', 'width': 84, 'visible': True}]}
2025-05-11 12:30:22,472 - DEBUG - visible_cols: [{'id': 'Name', 'display': 'Name', 'width': 150, 'visible': True}, {'id': 'Set code', 'display': 'Set code', 'width': 63, 'visible': True}, {'id': 'Set name', 'display': 'Set name', 'width': 157, 'visible': True}, {'id': 'Collector number', 'display': 'Collector number', 'width': 95, 'visible': True}, {'id': 'Foil', 'display': 'Foil', 'width': 57, 'visible': True}, {'id': 'Rarity', 'display': 'Rarity', 'width': 90, 'visible': True}, {'id': 'Language', 'display': 'Language', 'width': 56, 'visible': True}, {'id': 'Quantity', 'display': 'Quantity', 'width': 50, 'visible': True}, {'id': 'Whatnot price', 'display': 'Whatnot Price', 'width': 89, 'visible': True}, {'id': 'Purchase price', 'display': 'Purchase price', 'width': 86, 'visible': True}, {'id': 'Scryfall ID', 'display': 'Scryfall ID', 'width': 200, 'visible': True}, {'id': 'ManaBox ID', 'display': 'ManaBox ID', 'width': 130, 'visible': True}, {'id': 'Purchase price currency', 'display': 'Purchase price currency', 'width': 150, 'visible': True}, {'id': 'Misprint', 'display': 'Misprint', 'width': 80, 'visible': True}, {'id': 'Altered', 'display': 'Altered', 'width': 80, 'visible': True}, {'id': 'Condition', 'display': 'Condition', 'width': 100, 'visible': True}, {'id': 'type_line', 'display': 'Type', 'width': 150, 'visible': True}, {'id': 'mana_cost', 'display': 'Mana Cost', 'width': 100, 'visible': True}, {'id': 'colors', 'display': 'Colors', 'width': 100, 'visible': True}, {'id': 'color_identity', 'display': 'Color Identity', 'width': 120, 'visible': True}, {'id': 'oracle_text', 'display': 'Oracle Text', 'width': 200, 'visible': True}, {'id': 'legal_commander', 'display': 'Commander Legal', 'width': 120, 'visible': True}, {'id': 'legal_pauper', 'display': 'Pauper Legal', 'width': 100, 'visible': True}, {'id': 'cmc', 'display': 'CMC', 'width': 80, 'visible': True}, {'id': 'image_url', 'display': 'Image URL', 'width': 84, 'visible': True}]
2025-05-11 12:30:22,473 - DEBUG - col_ids: ['Name', 'Set code', 'Set name', 'Collector number', 'Foil', 'Rarity', 'Language', 'Quantity', 'Whatnot price', 'Purchase price', 'Scryfall ID', 'ManaBox ID', 'Purchase price currency', 'Misprint', 'Altered', 'Condition', 'type_line', 'mana_cost', 'colors', 'color_identity', 'oracle_text', 'legal_commander', 'legal_pauper', 'cmc', 'image_url']
2025-05-11 12:30:22,473 - DEBUG - Setting heading for col: {'id': 'Name', 'display': 'Name', 'width': 150, 'visible': True}
2025-05-11 12:30:22,473 - DEBUG - Setting heading for col: {'id': 'Set code', 'display': 'Set code', 'width': 63, 'visible': True}
2025-05-11 12:30:22,473 - DEBUG - Setting heading for col: {'id': 'Set name', 'display': 'Set name', 'width': 157, 'visible': True}
2025-05-11 12:30:22,473 - DEBUG - Setting heading for col: {'id': 'Collector number', 'display': 'Collector number', 'width': 95, 'visible': True}
2025-05-11 12:30:22,473 - DEBUG - Setting heading for col: {'id': 'Foil', 'display': 'Foil', 'width': 57, 'visible': True}
2025-05-11 12:30:22,473 - DEBUG - Setting heading for col: {'id': 'Rarity', 'display': 'Rarity', 'width': 90, 'visible': True}
2025-05-11 12:30:22,473 - DEBUG - Setting heading for col: {'id': 'Language', 'display': 'Language', 'width': 56, 'visible': True}
2025-05-11 12:30:22,474 - DEBUG - Setting heading for col: {'id': 'Quantity', 'display': 'Quantity', 'width': 50, 'visible': True}
2025-05-11 12:30:22,474 - DEBUG - Setting heading for col: {'id': 'Whatnot price', 'display': 'Whatnot Price', 'width': 89, 'visible': True}
2025-05-11 12:30:22,474 - DEBUG - Setting heading for col: {'id': 'Purchase price', 'display': 'Purchase price', 'width': 86, 'visible': True}
2025-05-11 12:30:22,474 - DEBUG - Setting heading for col: {'id': 'Scryfall ID', 'display': 'Scryfall ID', 'width': 200, 'visible': True}
2025-05-11 12:30:22,474 - DEBUG - Setting heading for col: {'id': 'ManaBox ID', 'display': 'ManaBox ID', 'width': 130, 'visible': True}
2025-05-11 12:30:22,474 - DEBUG - Setting heading for col: {'id': 'Purchase price currency', 'display': 'Purchase price currency', 'width': 150, 'visible': True}
2025-05-11 12:30:22,474 - DEBUG - Setting heading for col: {'id': 'Misprint', 'display': 'Misprint', 'width': 80, 'visible': True}
2025-05-11 12:30:22,474 - DEBUG - Setting heading for col: {'id': 'Altered', 'display': 'Altered', 'width': 80, 'visible': True}
2025-05-11 12:30:22,474 - DEBUG - Setting heading for col: {'id': 'Condition', 'display': 'Condition', 'width': 100, 'visible': True}
2025-05-11 12:30:22,474 - DEBUG - Setting heading for col: {'id': 'type_line', 'display': 'Type', 'width': 150, 'visible': True}
2025-05-11 12:30:22,474 - DEBUG - Setting heading for col: {'id': 'mana_cost', 'display': 'Mana Cost', 'width': 100, 'visible': True}
2025-05-11 12:30:22,474 - DEBUG - Setting heading for col: {'id': 'colors', 'display': 'Colors', 'width': 100, 'visible': True}
2025-05-11 12:30:22,474 - DEBUG - Setting heading for col: {'id': 'color_identity', 'display': 'Color Identity', 'width': 120, 'visible': True}
2025-05-11 12:30:22,474 - DEBUG - Setting heading for col: {'id': 'oracle_text', 'display': 'Oracle Text', 'width': 200, 'visible': True}
2025-05-11 12:30:22,475 - DEBUG - Setting heading for col: {'id': 'legal_commander', 'display': 'Commander Legal', 'width': 120, 'visible': True}
2025-05-11 12:30:22,475 - DEBUG - Setting heading for col: {'id': 'legal_pauper', 'display': 'Pauper Legal', 'width': 100, 'visible': True}
2025-05-11 12:30:22,475 - DEBUG - Setting heading for col: {'id': 'cmc', 'display': 'CMC', 'width': 80, 'visible': True}
2025-05-11 12:30:22,475 - DEBUG - Setting heading for col: {'id': 'image_url', 'display': 'Image URL', 'width': 84, 'visible': True}
2025-05-11 12:30:43,354 - INFO - Column configuration saved successfully
2025-05-11 12:30:43,355 - DEBUG - column_config type: <class 'dict'>
2025-05-11 12:30:43,355 - DEBUG - column_config: {'columns': [{'id': 'Name', 'display': 'Name', 'width': 150, 'visible': True}, {'id': 'Set code', 'display': 'Set code', 'width': 63, 'visible': True}, {'id': 'Set name', 'display': 'Set name', 'width': 157, 'visible': True}, {'id': 'Collector number', 'display': 'Collector number', 'width': 95, 'visible': True}, {'id': 'Foil', 'display': 'Foil', 'width': 57, 'visible': True}, {'id': 'Rarity', 'display': 'Rarity', 'width': 90, 'visible': True}, {'id': 'Language', 'display': 'Language', 'width': 56, 'visible': True}, {'id': 'Quantity', 'display': 'Quantity', 'width': 50, 'visible': True}, {'id': 'Whatnot price', 'display': 'Whatnot Price', 'width': 89, 'visible': True}, {'id': 'Purchase price', 'display': 'Purchase price', 'width': 86, 'visible': True}, {'id': 'Purchase price currency', 'display': 'Purchase price currency', 'width': 150, 'visible': True}, {'id': 'Scryfall ID', 'display': 'Scryfall ID', 'width': 200, 'visible': True}, {'id': 'ManaBox ID', 'display': 'ManaBox ID', 'width': 130, 'visible': True}, {'id': 'Misprint', 'display': 'Misprint', 'width': 80, 'visible': True}, {'id': 'Altered', 'display': 'Altered', 'width': 80, 'visible': True}, {'id': 'Condition', 'display': 'Condition', 'width': 100, 'visible': True}, {'id': 'type_line', 'display': 'Type', 'width': 150, 'visible': True}, {'id': 'mana_cost', 'display': 'Mana Cost', 'width': 100, 'visible': True}, {'id': 'colors', 'display': 'Colors', 'width': 100, 'visible': True}, {'id': 'color_identity', 'display': 'Color Identity', 'width': 120, 'visible': True}, {'id': 'oracle_text', 'display': 'Oracle Text', 'width': 200, 'visible': True}, {'id': 'legal_commander', 'display': 'Commander Legal', 'width': 120, 'visible': True}, {'id': 'legal_pauper', 'display': 'Pauper Legal', 'width': 100, 'visible': True}, {'id': 'cmc', 'display': 'CMC', 'width': 80, 'visible': True}, {'id': 'image_url', 'display': 'Image URL', 'width': 84, 'visible': True}]}
2025-05-11 12:30:43,355 - DEBUG - visible_cols: [{'id': 'Name', 'display': 'Name', 'width': 150, 'visible': True}, {'id': 'Set code', 'display': 'Set code', 'width': 63, 'visible': True}, {'id': 'Set name', 'display': 'Set name', 'width': 157, 'visible': True}, {'id': 'Collector number', 'display': 'Collector number', 'width': 95, 'visible': True}, {'id': 'Foil', 'display': 'Foil', 'width': 57, 'visible': True}, {'id': 'Rarity', 'display': 'Rarity', 'width': 90, 'visible': True}, {'id': 'Language', 'display': 'Language', 'width': 56, 'visible': True}, {'id': 'Quantity', 'display': 'Quantity', 'width': 50, 'visible': True}, {'id': 'Whatnot price', 'display': 'Whatnot Price', 'width': 89, 'visible': True}, {'id': 'Purchase price', 'display': 'Purchase price', 'width': 86, 'visible': True}, {'id': 'Purchase price currency', 'display': 'Purchase price currency', 'width': 150, 'visible': True}, {'id': 'Scryfall ID', 'display': 'Scryfall ID', 'width': 200, 'visible': True}, {'id': 'ManaBox ID', 'display': 'ManaBox ID', 'width': 130, 'visible': True}, {'id': 'Misprint', 'display': 'Misprint', 'width': 80, 'visible': True}, {'id': 'Altered', 'display': 'Altered', 'width': 80, 'visible': True}, {'id': 'Condition', 'display': 'Condition', 'width': 100, 'visible': True}, {'id': 'type_line', 'display': 'Type', 'width': 150, 'visible': True}, {'id': 'mana_cost', 'display': 'Mana Cost', 'width': 100, 'visible': True}, {'id': 'colors', 'display': 'Colors', 'width': 100, 'visible': True}, {'id': 'color_identity', 'display': 'Color Identity', 'width': 120, 'visible': True}, {'id': 'oracle_text', 'display': 'Oracle Text', 'width': 200, 'visible': True}, {'id': 'legal_commander', 'display': 'Commander Legal', 'width': 120, 'visible': True}, {'id': 'legal_pauper', 'display': 'Pauper Legal', 'width': 100, 'visible': True}, {'id': 'cmc', 'display': 'CMC', 'width': 80, 'visible': True}, {'id': 'image_url', 'display': 'Image URL', 'width': 84, 'visible': True}]
2025-05-11 12:30:43,355 - DEBUG - col_ids: ['Name', 'Set code', 'Set name', 'Collector number', 'Foil', 'Rarity', 'Language', 'Quantity', 'Whatnot price', 'Purchase price', 'Purchase price currency', 'Scryfall ID', 'ManaBox ID', 'Misprint', 'Altered', 'Condition', 'type_line', 'mana_cost', 'colors', 'color_identity', 'oracle_text', 'legal_commander', 'legal_pauper', 'cmc', 'image_url']
2025-05-11 12:30:43,356 - DEBUG - Setting heading for col: {'id': 'Name', 'display': 'Name', 'width': 150, 'visible': True}
2025-05-11 12:30:43,356 - DEBUG - Setting heading for col: {'id': 'Set code', 'display': 'Set code', 'width': 63, 'visible': True}
2025-05-11 12:30:43,356 - DEBUG - Setting heading for col: {'id': 'Set name', 'display': 'Set name', 'width': 157, 'visible': True}
2025-05-11 12:30:43,356 - DEBUG - Setting heading for col: {'id': 'Collector number', 'display': 'Collector number', 'width': 95, 'visible': True}
2025-05-11 12:30:43,356 - DEBUG - Setting heading for col: {'id': 'Foil', 'display': 'Foil', 'width': 57, 'visible': True}
2025-05-11 12:30:43,356 - DEBUG - Setting heading for col: {'id': 'Rarity', 'display': 'Rarity', 'width': 90, 'visible': True}
2025-05-11 12:30:43,356 - DEBUG - Setting heading for col: {'id': 'Language', 'display': 'Language', 'width': 56, 'visible': True}
2025-05-11 12:30:43,356 - DEBUG - Setting heading for col: {'id': 'Quantity', 'display': 'Quantity', 'width': 50, 'visible': True}
2025-05-11 12:30:43,356 - DEBUG - Setting heading for col: {'id': 'Whatnot price', 'display': 'Whatnot Price', 'width': 89, 'visible': True}
2025-05-11 12:30:43,357 - DEBUG - Setting heading for col: {'id': 'Purchase price', 'display': 'Purchase price', 'width': 86, 'visible': True}
2025-05-11 12:30:43,357 - DEBUG - Setting heading for col: {'id': 'Purchase price currency', 'display': 'Purchase price currency', 'width': 150, 'visible': True}
2025-05-11 12:30:43,357 - DEBUG - Setting heading for col: {'id': 'Scryfall ID', 'display': 'Scryfall ID', 'width': 200, 'visible': True}
2025-05-11 12:30:43,357 - DEBUG - Setting heading for col: {'id': 'ManaBox ID', 'display': 'ManaBox ID', 'width': 130, 'visible': True}
2025-05-11 12:30:43,357 - DEBUG - Setting heading for col: {'id': 'Misprint', 'display': 'Misprint', 'width': 80, 'visible': True}
2025-05-11 12:30:43,357 - DEBUG - Setting heading for col: {'id': 'Altered', 'display': 'Altered', 'width': 80, 'visible': True}
2025-05-11 12:30:43,357 - DEBUG - Setting heading for col: {'id': 'Condition', 'display': 'Condition', 'width': 100, 'visible': True}
2025-05-11 12:30:43,357 - DEBUG - Setting heading for col: {'id': 'type_line', 'display': 'Type', 'width': 150, 'visible': True}
2025-05-11 12:30:43,357 - DEBUG - Setting heading for col: {'id': 'mana_cost', 'display': 'Mana Cost', 'width': 100, 'visible': True}
2025-05-11 12:30:43,357 - DEBUG - Setting heading for col: {'id': 'colors', 'display': 'Colors', 'width': 100, 'visible': True}
2025-05-11 12:30:43,357 - DEBUG - Setting heading for col: {'id': 'color_identity', 'display': 'Color Identity', 'width': 120, 'visible': True}
2025-05-11 12:30:43,357 - DEBUG - Setting heading for col: {'id': 'oracle_text', 'display': 'Oracle Text', 'width': 200, 'visible': True}
2025-05-11 12:30:43,357 - DEBUG - Setting heading for col: {'id': 'legal_commander', 'display': 'Commander Legal', 'width': 120, 'visible': True}
2025-05-11 12:30:43,357 - DEBUG - Setting heading for col: {'id': 'legal_pauper', 'display': 'Pauper Legal', 'width': 100, 'visible': True}
2025-05-11 12:30:43,358 - DEBUG - Setting heading for col: {'id': 'cmc', 'display': 'CMC', 'width': 80, 'visible': True}
2025-05-11 12:30:43,358 - DEBUG - Setting heading for col: {'id': 'image_url', 'display': 'Image URL', 'width': 84, 'visible': True}
2025-05-11 12:31:59,423 - INFO - Column configuration saved successfully
2025-05-11 12:31:59,424 - DEBUG - column_config type: <class 'dict'>
2025-05-11 12:31:59,424 - DEBUG - column_config: {'columns': [{'id': 'Name', 'display': 'Name', 'width': 150, 'visible': True}, {'id': 'Set code', 'display': 'Set code', 'width': 63, 'visible': True}, {'id': 'Set name', 'display': 'Set name', 'width': 157, 'visible': True}, {'id': 'Collector number', 'display': 'Collector number', 'width': 95, 'visible': True}, {'id': 'Foil', 'display': 'Foil', 'width': 57, 'visible': True}, {'id': 'Rarity', 'display': 'Rarity', 'width': 90, 'visible': True}, {'id': 'Language', 'display': 'Language', 'width': 56, 'visible': True}, {'id': 'Quantity', 'display': 'Quantity', 'width': 50, 'visible': True}, {'id': 'Whatnot price', 'display': 'Whatnot Price', 'width': 89, 'visible': True}, {'id': 'Purchase price', 'display': 'Purchase price', 'width': 86, 'visible': True}, {'id': 'Purchase price currency', 'display': 'Purchase price currency', 'width': 150, 'visible': True}, {'id': 'Scryfall ID', 'display': 'Scryfall ID', 'width': 200, 'visible': True}, {'id': 'ManaBox ID', 'display': 'ManaBox ID', 'width': 130, 'visible': False}, {'id': 'Misprint', 'display': 'Misprint', 'width': 80, 'visible': True}, {'id': 'Altered', 'display': 'Altered', 'width': 80, 'visible': True}, {'id': 'Condition', 'display': 'Condition', 'width': 100, 'visible': True}, {'id': 'type_line', 'display': 'Type', 'width': 150, 'visible': True}, {'id': 'mana_cost', 'display': 'Mana Cost', 'width': 100, 'visible': True}, {'id': 'colors', 'display': 'Colors', 'width': 100, 'visible': True}, {'id': 'color_identity', 'display': 'Color Identity', 'width': 120, 'visible': True}, {'id': 'oracle_text', 'display': 'Oracle Text', 'width': 200, 'visible': True}, {'id': 'legal_commander', 'display': 'Commander Legal', 'width': 120, 'visible': True}, {'id': 'legal_pauper', 'display': 'Pauper Legal', 'width': 100, 'visible': True}, {'id': 'cmc', 'display': 'CMC', 'width': 80, 'visible': True}, {'id': 'image_url', 'display': 'Image URL', 'width': 84, 'visible': True}]}
2025-05-11 12:31:59,426 - DEBUG - visible_cols: [{'id': 'Name', 'display': 'Name', 'width': 150, 'visible': True}, {'id': 'Set code', 'display': 'Set code', 'width': 63, 'visible': True}, {'id': 'Set name', 'display': 'Set name', 'width': 157, 'visible': True}, {'id': 'Collector number', 'display': 'Collector number', 'width': 95, 'visible': True}, {'id': 'Foil', 'display': 'Foil', 'width': 57, 'visible': True}, {'id': 'Rarity', 'display': 'Rarity', 'width': 90, 'visible': True}, {'id': 'Language', 'display': 'Language', 'width': 56, 'visible': True}, {'id': 'Quantity', 'display': 'Quantity', 'width': 50, 'visible': True}, {'id': 'Whatnot price', 'display': 'Whatnot Price', 'width': 89, 'visible': True}, {'id': 'Purchase price', 'display': 'Purchase price', 'width': 86, 'visible': True}, {'id': 'Purchase price currency', 'display': 'Purchase price currency', 'width': 150, 'visible': True}, {'id': 'Scryfall ID', 'display': 'Scryfall ID', 'width': 200, 'visible': True}, {'id': 'Misprint', 'display': 'Misprint', 'width': 80, 'visible': True}, {'id': 'Altered', 'display': 'Altered', 'width': 80, 'visible': True}, {'id': 'Condition', 'display': 'Condition', 'width': 100, 'visible': True}, {'id': 'type_line', 'display': 'Type', 'width': 150, 'visible': True}, {'id': 'mana_cost', 'display': 'Mana Cost', 'width': 100, 'visible': True}, {'id': 'colors', 'display': 'Colors', 'width': 100, 'visible': True}, {'id': 'color_identity', 'display': 'Color Identity', 'width': 120, 'visible': True}, {'id': 'oracle_text', 'display': 'Oracle Text', 'width': 200, 'visible': True}, {'id': 'legal_commander', 'display': 'Commander Legal', 'width': 120, 'visible': True}, {'id': 'legal_pauper', 'display': 'Pauper Legal', 'width': 100, 'visible': True}, {'id': 'cmc', 'display': 'CMC', 'width': 80, 'visible': True}, {'id': 'image_url', 'display': 'Image URL', 'width': 84, 'visible': True}]
2025-05-11 12:31:59,426 - DEBUG - col_ids: ['Name', 'Set code', 'Set name', 'Collector number', 'Foil', 'Rarity', 'Language', 'Quantity', 'Whatnot price', 'Purchase price', 'Purchase price currency', 'Scryfall ID', 'Misprint', 'Altered', 'Condition', 'type_line', 'mana_cost', 'colors', 'color_identity', 'oracle_text', 'legal_commander', 'legal_pauper', 'cmc', 'image_url']
2025-05-11 12:31:59,426 - DEBUG - Setting heading for col: {'id': 'Name', 'display': 'Name', 'width': 150, 'visible': True}
2025-05-11 12:31:59,426 - DEBUG - Setting heading for col: {'id': 'Set code', 'display': 'Set code', 'width': 63, 'visible': True}
2025-05-11 12:31:59,426 - DEBUG - Setting heading for col: {'id': 'Set name', 'display': 'Set name', 'width': 157, 'visible': True}
2025-05-11 12:31:59,427 - DEBUG - Setting heading for col: {'id': 'Collector number', 'display': 'Collector number', 'width': 95, 'visible': True}
2025-05-11 12:31:59,427 - DEBUG - Setting heading for col: {'id': 'Foil', 'display': 'Foil', 'width': 57, 'visible': True}
2025-05-11 12:31:59,427 - DEBUG - Setting heading for col: {'id': 'Rarity', 'display': 'Rarity', 'width': 90, 'visible': True}
2025-05-11 12:31:59,427 - DEBUG - Setting heading for col: {'id': 'Language', 'display': 'Language', 'width': 56, 'visible': True}
2025-05-11 12:31:59,427 - DEBUG - Setting heading for col: {'id': 'Quantity', 'display': 'Quantity', 'width': 50, 'visible': True}
2025-05-11 12:31:59,427 - DEBUG - Setting heading for col: {'id': 'Whatnot price', 'display': 'Whatnot Price', 'width': 89, 'visible': True}
2025-05-11 12:31:59,427 - DEBUG - Setting heading for col: {'id': 'Purchase price', 'display': 'Purchase price', 'width': 86, 'visible': True}
2025-05-11 12:31:59,427 - DEBUG - Setting heading for col: {'id': 'Purchase price currency', 'display': 'Purchase price currency', 'width': 150, 'visible': True}
2025-05-11 12:31:59,427 - DEBUG - Setting heading for col: {'id': 'Scryfall ID', 'display': 'Scryfall ID', 'width': 200, 'visible': True}
2025-05-11 12:31:59,427 - DEBUG - Setting heading for col: {'id': 'Misprint', 'display': 'Misprint', 'width': 80, 'visible': True}
2025-05-11 12:31:59,427 - DEBUG - Setting heading for col: {'id': 'Altered', 'display': 'Altered', 'width': 80, 'visible': True}
2025-05-11 12:31:59,427 - DEBUG - Setting heading for col: {'id': 'Condition', 'display': 'Condition', 'width': 100, 'visible': True}
2025-05-11 12:31:59,427 - DEBUG - Setting heading for col: {'id': 'type_line', 'display': 'Type', 'width': 150, 'visible': True}
2025-05-11 12:31:59,427 - DEBUG - Setting heading for col: {'id': 'mana_cost', 'display': 'Mana Cost', 'width': 100, 'visible': True}
2025-05-11 12:31:59,428 - DEBUG - Setting heading for col: {'id': 'colors', 'display': 'Colors', 'width': 100, 'visible': True}
2025-05-11 12:31:59,428 - DEBUG - Setting heading for col: {'id': 'color_identity', 'display': 'Color Identity', 'width': 120, 'visible': True}
2025-05-11 12:31:59,428 - DEBUG - Setting heading for col: {'id': 'oracle_text', 'display': 'Oracle Text', 'width': 200, 'visible': True}
2025-05-11 12:31:59,428 - DEBUG - Setting heading for col: {'id': 'legal_commander', 'display': 'Commander Legal', 'width': 120, 'visible': True}
2025-05-11 12:31:59,428 - DEBUG - Setting heading for col: {'id': 'legal_pauper', 'display': 'Pauper Legal', 'width': 100, 'visible': True}
2025-05-11 12:31:59,428 - DEBUG - Setting heading for col: {'id': 'cmc', 'display': 'CMC', 'width': 80, 'visible': True}
2025-05-11 12:31:59,428 - DEBUG - Setting heading for col: {'id': 'image_url', 'display': 'Image URL', 'width': 84, 'visible': True}
