2025-05-11 14:31:26,457 - INFO - Logging initialized. Log file: logs/manabox_enhancer_20250511_143126.log
2025-05-11 14:31:36,333 - INFO - Attempting to load JSON file: /Users/jgleason/Development/ManaBox_Enhancer/Deck_Building.json
2025-05-11 14:31:36,336 - DEBUG - Raw JSON data length: 1601763 characters
2025-05-11 14:31:36,336 - DEBUG - First 100 characters of JSON: [
  {
    "Name": "Plains",
    "Set code": "inr",
    "Set name": "Innistrad Remastered",
    "Coll
2025-05-11 14:31:36,345 - INFO - Successfully loaded 1663 cards
2025-05-11 14:31:36,345 - DEBUG - First card structure: {
  "Name": "Plains",
  "Set code": "inr",
  "Set name": "Innistrad Remastered",
  "Collector number": "288",
  "Foil": "normal",
  "Rarity": "common",
  "Quantity": 1,
  "ManaBox ID": "",
  "Scryfall ID": "95347dba-09e9-47a3-a068-db78ba39714e",
  "Purchase price": 0.0,
  "Misprint": false,
  "Altered": false,
  "Condition": "near_mint",
  "Language": "en",
  "Purchase price currency": "USD",
  "type_line": "Basic Land \u2014 Plains",
  "mana_cost": "",
  "colors": "",
  "color_identity": "W",
  "oracle_text": "({T}: Add {W}.)",
  "legal_commander": "legal",
  "legal_pauper": "legal",
  "cmc": 0.0,
  "image_url": "https://cards.scryfall.io/normal/front/9/5/95347dba-09e9-47a3-a068-db78ba39714e.jpg?1736551487",
  "_original_order": 0
}
2025-05-11 14:31:41,652 - DEBUG - Starting new HTTPS connection (1): cards.scryfall.io:443
2025-05-11 14:31:41,820 - DEBUG - https://cards.scryfall.io:443 "GET /normal/front/9/5/95347dba-09e9-47a3-a068-db78ba39714e.jpg?1736551487 HTTP/1.1" 200 56958
2025-05-11 14:31:45,290 - DEBUG - Starting new HTTPS connection (1): cards.scryfall.io:443
2025-05-11 14:31:45,433 - DEBUG - https://cards.scryfall.io:443 "GET /normal/front/9/5/95347dba-09e9-47a3-a068-db78ba39714e.jpg?1736551487 HTTP/1.1" 200 56958
2025-05-11 14:31:50,276 - DEBUG - Starting new HTTPS connection (1): cards.scryfall.io:443
2025-05-11 14:31:50,407 - DEBUG - https://cards.scryfall.io:443 "GET /normal/front/c/e/ceb85311-a7f7-44d5-9caa-50a24fd6d00a.jpg?1736467803 HTTP/1.1" 200 74401
2025-05-11 14:32:12,361 - DEBUG - Starting new HTTPS connection (1): cards.scryfall.io:443
2025-05-11 14:32:12,534 - DEBUG - https://cards.scryfall.io:443 "GET /normal/front/9/5/95347dba-09e9-47a3-a068-db78ba39714e.jpg?1736551487 HTTP/1.1" 200 56958
2025-05-11 14:32:13,076 - DEBUG - Starting new HTTPS connection (1): cards.scryfall.io:443
2025-05-11 14:32:13,264 - DEBUG - https://cards.scryfall.io:443 "GET /normal/front/6/e/6eda8787-8f57-4894-a911-a91f92812062.jpg?1736551354 HTTP/1.1" 200 74876
2025-05-11 14:32:13,743 - DEBUG - Starting new HTTPS connection (1): cards.scryfall.io:443
2025-05-11 14:32:13,904 - DEBUG - https://cards.scryfall.io:443 "GET /normal/front/b/4/b465d09e-efad-48b6-a89a-f7da0c572991.jpg?1736468569 HTTP/1.1" 200 84428
2025-05-11 14:33:30,445 - DEBUG - Starting new HTTPS connection (1): cards.scryfall.io:443
2025-05-11 14:33:30,613 - DEBUG - https://cards.scryfall.io:443 "GET /normal/front/9/5/95347dba-09e9-47a3-a068-db78ba39714e.jpg?1736551487 HTTP/1.1" 200 56958
2025-05-11 14:33:30,892 - DEBUG - Starting new HTTPS connection (1): cards.scryfall.io:443
2025-05-11 14:33:31,046 - DEBUG - https://cards.scryfall.io:443 "GET /normal/front/9/5/95347dba-09e9-47a3-a068-db78ba39714e.jpg?1736551487 HTTP/1.1" 200 56958
2025-05-11 14:33:31,726 - DEBUG - Starting new HTTPS connection (1): cards.scryfall.io:443
2025-05-11 14:33:31,893 - DEBUG - https://cards.scryfall.io:443 "GET /normal/front/6/e/6eda8787-8f57-4894-a911-a91f92812062.jpg?1736551354 HTTP/1.1" 200 74876
2025-05-11 14:33:32,642 - DEBUG - Starting new HTTPS connection (1): cards.scryfall.io:443
2025-05-11 14:33:32,794 - DEBUG - https://cards.scryfall.io:443 "GET /normal/front/c/e/ceb85311-a7f7-44d5-9caa-50a24fd6d00a.jpg?1736467803 HTTP/1.1" 200 74401
2025-05-11 14:33:33,459 - DEBUG - Starting new HTTPS connection (1): cards.scryfall.io:443
2025-05-11 14:33:33,604 - DEBUG - https://cards.scryfall.io:443 "GET /normal/front/1/4/1450e465-3380-465a-ac20-18ae64b04821.jpg?1736551083 HTTP/1.1" 200 78982
