2025-05-11 14:37:38,683 - INFO - Logging initialized. Log file: logs/manabox_enhancer_20250511_143738.log
2025-05-11 14:37:52,467 - INFO - Attempting to load JSON file: /Users/jgleason/Development/ManaBox_Enhancer/Deck_Building.json
2025-05-11 14:37:52,471 - DEBUG - Raw JSON data length: 1601763 characters
2025-05-11 14:37:52,471 - DEBUG - First 100 characters of JSON: [
  {
    "Name": "Plains",
    "Set code": "inr",
    "Set name": "Innistrad Remastered",
    "Coll
2025-05-11 14:37:52,481 - INFO - Successfully loaded 1663 cards
2025-05-11 14:37:52,482 - DEBUG - First card structure: {
  "Name": "Plains",
  "Set code": "inr",
  "Set name": "Innistrad Remastered",
  "Collector number": "288",
  "Foil": "normal",
  "Rarity": "common",
  "Quantity": 1,
  "ManaBox ID": "",
  "Scryfall ID": "95347dba-09e9-47a3-a068-db78ba39714e",
  "Purchase price": 0.0,
  "Misprint": false,
  "Altered": false,
  "Condition": "near_mint",
  "Language": "en",
  "Purchase price currency": "USD",
  "type_line": "Basic Land \u2014 Plains",
  "mana_cost": "",
  "colors": "",
  "color_identity": "W",
  "oracle_text": "({T}: Add {W}.)",
  "legal_commander": "legal",
  "legal_pauper": "legal",
  "cmc": 0.0,
  "image_url": "https://cards.scryfall.io/normal/front/9/5/95347dba-09e9-47a3-a068-db78ba39714e.jpg?1736551487",
  "_original_order": 0
}
2025-05-11 14:37:59,042 - DEBUG - Starting new HTTPS connection (1): cards.scryfall.io:443
2025-05-11 14:37:59,256 - DEBUG - https://cards.scryfall.io:443 "GET /normal/front/e/4/e414e208-2e90-4b0d-b107-7a387b3f779b.jpg?1736468411 HTTP/1.1" 200 89149
2025-05-11 14:37:59,644 - DEBUG - Starting new HTTPS connection (1): cards.scryfall.io:443
2025-05-11 14:37:59,814 - DEBUG - https://cards.scryfall.io:443 "GET /normal/front/b/4/b465d09e-efad-48b6-a89a-f7da0c572991.jpg?1736468569 HTTP/1.1" 200 84428
2025-05-11 14:38:00,446 - DEBUG - Starting new HTTPS connection (1): cards.scryfall.io:443
2025-05-11 14:38:00,615 - DEBUG - https://cards.scryfall.io:443 "GET /normal/front/1/4/1450e465-3380-465a-ac20-18ae64b04821.jpg?1736551083 HTTP/1.1" 200 78982
2025-05-11 14:38:01,179 - DEBUG - Starting new HTTPS connection (1): cards.scryfall.io:443
2025-05-11 14:38:01,363 - DEBUG - https://cards.scryfall.io:443 "GET /normal/front/8/8/88bc8cdf-adfa-4a11-a8c0-484bc03edc65.jpg?1736467623 HTTP/1.1" 200 87789
2025-05-11 14:38:02,513 - DEBUG - Starting new HTTPS connection (1): cards.scryfall.io:443
2025-05-11 14:38:02,670 - DEBUG - https://cards.scryfall.io:443 "GET /normal/front/7/8/787da7ce-527d-4abf-9e92-5de9db2250cd.jpg?1736551393 HTTP/1.1" 200 56300
2025-05-11 14:38:03,346 - DEBUG - Starting new HTTPS connection (1): cards.scryfall.io:443
2025-05-11 14:38:03,543 - DEBUG - https://cards.scryfall.io:443 "GET /normal/front/d/8/d8d050c1-ae0c-46c1-8aa7-7cde4606105b.jpg?1736468136 HTTP/1.1" 200 97714
